set -o pipefail; /usr/bin/mariadb-dump --user=_a0761ef742928f6c --host=127.0.0.1 --port=3306 --password=********** --single-transaction --quick --lock-tables=false _a0761ef742928f6c | /usr/bin/gzip >> ./magictable.info/private/backups/20241001_033006-magictable_info-database.sql.gz

Backup Summary for magictable.info at 2024-10-01 03:30:20.615733
Config  : ./magictable.info/private/backups/20241001_033006-magictable_info-site_config_backup.json 374.0B
Database: ./magictable.info/private/backups/20241001_033006-magictable_info-database.sql.gz         1008.6KiB
Backup for Site magictable.info has been successfully completed
set -o pipefail; /usr/bin/mariadb-dump --user=_a0761ef742928f6c --host=127.0.0.1 --port=3306 --password=********** --single-transaction --quick --lock-tables=false _a0761ef742928f6c | /usr/bin/gzip >> ./magictable.info/private/backups/20241001_213009-magictable_info-database.sql.gz

Backup Summary for magictable.info at 2024-10-01 21:30:16.350141
Config  : ./magictable.info/private/backups/20241001_213009-magictable_info-site_config_backup.json 374.0B
Database: ./magictable.info/private/backups/20241001_213009-magictable_info-database.sql.gz         1021.7KiB
Backup for Site magictable.info has been successfully completed
set -o pipefail; /usr/bin/mariadb-dump --user=_a0761ef742928f6c --host=127.0.0.1 --port=3306 --password=********** --single-transaction --quick --lock-tables=false _a0761ef742928f6c | /usr/bin/gzip >> ./magictable.info/private/backups/20241002_033008-magictable_info-database.sql.gz

Backup Summary for magictable.info at 2024-10-02 03:30:34.382824
Config  : ./magictable.info/private/backups/20241002_033008-magictable_info-site_config_backup.json 374.0B
Database: ./magictable.info/private/backups/20241002_033008-magictable_info-database.sql.gz         1023.3KiB
Backup for Site magictable.info has been successfully completed
set -o pipefail; /usr/bin/mariadb-dump --user=_a0761ef742928f6c --host=127.0.0.1 --port=3306 --password=********** --single-transaction --quick --lock-tables=false _a0761ef742928f6c | /usr/bin/gzip >> ./magictable.info/private/backups/20241002_213006-magictable_info-database.sql.gz

Backup Summary for magictable.info at 2024-10-02 21:30:30.092094
Config  : ./magictable.info/private/backups/20241002_213006-magictable_info-site_config_backup.json 374.0B
Database: ./magictable.info/private/backups/20241002_213006-magictable_info-database.sql.gz         1023.3KiB
Backup for Site magictable.info has been successfully completed
set -o pipefail; /usr/bin/mariadb-dump --user=_a0761ef742928f6c --host=127.0.0.1 --port=3306 --password=********** --single-transaction --quick --lock-tables=false _a0761ef742928f6c | /usr/bin/gzip >> ./magictable.info/private/backups/20241003_033006-magictable_info-database.sql.gz

Backup Summary for magictable.info at 2024-10-03 03:30:16.838523
Config  : ./magictable.info/private/backups/20241003_033006-magictable_info-site_config_backup.json 374.0B
Database: ./magictable.info/private/backups/20241003_033006-magictable_info-database.sql.gz         1023.6KiB
Backup for Site magictable.info has been successfully completed
set -o pipefail; /usr/bin/mariadb-dump --user=_a0761ef742928f6c --host=127.0.0.1 --port=3306 --password=********** --single-transaction --quick --lock-tables=false _a0761ef742928f6c | /usr/bin/gzip >> ./magictable.info/private/backups/20241003_213002-magictable_info-database.sql.gz

Backup Summary for magictable.info at 2024-10-03 21:30:09.294135
Config  : ./magictable.info/private/backups/20241003_213002-magictable_info-site_config_backup.json 374.0B
Database: ./magictable.info/private/backups/20241003_213002-magictable_info-database.sql.gz         1023.6KiB
Backup for Site magictable.info has been successfully completed
set -o pipefail; /usr/bin/mariadb-dump --user=_a0761ef742928f6c --host=127.0.0.1 --port=3306 --password=********** --single-transaction --quick --lock-tables=false _a0761ef742928f6c | /usr/bin/gzip >> ./magictable.info/private/backups/20241003_120005-magictable_info-database.sql.gz

Backup Summary for magictable.info at 2024-10-03 12:00:18.679053
Config  : ./magictable.info/private/backups/20241003_120005-magictable_info-site_config_backup.json 374.0B
Database: ./magictable.info/private/backups/20241003_120005-magictable_info-database.sql.gz         1.0MiB
Backup for Site magictable.info has been successfully completed
set -o pipefail; /usr/bin/mariadb-dump --user=_a0761ef742928f6c --host=127.0.0.1 --port=3306 --password=********** --single-transaction --quick --lock-tables=false _a0761ef742928f6c | /usr/bin/gzip >> ./magictable.info/private/backups/20241004_060007-magictable_info-database.sql.gz

Backup Summary for magictable.info at 2024-10-04 06:00:14.259459
Config  : ./magictable.info/private/backups/20241004_060007-magictable_info-site_config_backup.json 425.0B
Database: ./magictable.info/private/backups/20241004_060007-magictable_info-database.sql.gz         1.0MiB
Backup for Site magictable.info has been successfully completed
set -o pipefail; /usr/bin/mariadb-dump --user=_a0761ef742928f6c --host=127.0.0.1 --port=3306 --password=********** --single-transaction --quick --lock-tables=false _a0761ef742928f6c | /usr/bin/gzip >> ./magictable.info/private/backups/20241004_120011-magictable_info-database.sql.gz

Backup Summary for magictable.info at 2024-10-04 12:00:17.835014
Config  : ./magictable.info/private/backups/20241004_120011-magictable_info-site_config_backup.json 425.0B
Database: ./magictable.info/private/backups/20241004_120011-magictable_info-database.sql.gz         1.1MiB
Backup for Site magictable.info has been successfully completed
