2024-09-30 12:41:25,783 WARNING database DDL Query made to DB:
alter table `tabDocType` add column if not exists migration_hash varchar(140)
2024-09-30 12:41:32,208 WARNING database DDL Query made to DB:
ALTER TABLE `tabPrint Heading` DROP INDEX `print_heading`
2024-09-30 12:41:43,263 WARNING database DDL Query made to DB:
ALTER TABLE `tabPrint Heading` ADD UNIQUE INDEX IF NOT EXISTS print_heading (`print_heading`)
2024-09-30 12:42:32,376 WARNING database DDL Query made to DB:
alter table `tabDocType` add column if not exists migration_hash varchar(140)
2024-09-30 12:42:34,850 WARNING database DDL Query made to DB:
ALTER TABLE `tabPrint Heading` DROP INDEX `print_heading`
2024-09-30 12:42:37,432 WARNING database DDL Query made to DB:
ALTER TABLE `tabPrint Heading` ADD UNIQUE INDEX IF NOT EXISTS print_heading (`print_heading`)
2024-09-30 14:35:50,186 WARNING database DDL Query made to DB:
alter table `tabDocType` add column if not exists migration_hash varchar(140)
2024-09-30 14:35:54,969 WARNING database DDL Query made to DB:
ALTER TABLE `tabPrint Heading` DROP INDEX `print_heading`
2024-09-30 14:36:13,648 WARNING database DDL Query made to DB:
ALTER TABLE `tabPrint Heading` ADD UNIQUE INDEX IF NOT EXISTS print_heading (`print_heading`)
2024-09-30 16:28:49,033 WARNING database DDL Query made to DB:
alter table `tabDocType` add column if not exists migration_hash varchar(140)
2024-09-30 16:28:55,714 WARNING database DDL Query made to DB:
ALTER TABLE `tabPrint Heading` DROP INDEX `print_heading`
2024-09-30 16:29:06,033 WARNING database DDL Query made to DB:
ALTER TABLE `tabPrint Heading` ADD UNIQUE INDEX IF NOT EXISTS print_heading (`print_heading`)
2024-10-05 22:49:19,999 WARNING database DDL Query made to DB:
alter table `tabDocType` add column if not exists migration_hash varchar(140)
2024-10-05 22:49:29,469 WARNING database DDL Query made to DB:
ALTER TABLE `tabDocField` ADD COLUMN `placeholder` varchar(140)
2024-10-05 22:49:30,173 WARNING database DDL Query made to DB:
ALTER TABLE `tabDocField` MODIFY `link_filters` json
2024-10-05 22:49:33,938 WARNING database DDL Query made to DB:
ALTER TABLE `tabCustom Field` ADD COLUMN `placeholder` varchar(140)
2024-10-05 22:49:34,958 WARNING database DDL Query made to DB:
ALTER TABLE `tabCustom Field` MODIFY `link_filters` json
2024-10-05 22:49:38,477 WARNING database DDL Query made to DB:
ALTER TABLE `tabUser` ADD COLUMN `search_bar` int(1) not null default 1, ADD COLUMN `notifications` int(1) not null default 1, ADD COLUMN `list_sidebar` int(1) not null default 1, ADD COLUMN `bulk_actions` int(1) not null default 1, ADD COLUMN `view_switcher` int(1) not null default 1, ADD COLUMN `form_sidebar` int(1) not null default 1, ADD COLUMN `timeline` int(1) not null default 1, ADD COLUMN `dashboard` int(1) not null default 1
2024-10-05 22:49:42,425 WARNING database DDL Query made to DB:
ALTER TABLE `tabCustomize Form Field` ADD COLUMN `placeholder` varchar(140)
2024-10-05 22:49:43,014 WARNING database DDL Query made to DB:
ALTER TABLE `tabCustomize Form Field` MODIFY `link_filters` json
2024-10-05 22:49:45,192 WARNING database DDL Query made to DB:
ALTER TABLE `tabPrint Heading` DROP INDEX `print_heading`
2024-10-05 22:49:50,617 WARNING database DDL Query made to DB:
ALTER TABLE `tabPrint Heading` ADD UNIQUE INDEX IF NOT EXISTS print_heading (`print_heading`)
2024-10-07 12:15:04,753 WARNING database DDL Query made to DB:
alter table `tabDocType` add column if not exists migration_hash varchar(140)
2024-10-07 12:15:11,543 WARNING database DDL Query made to DB:
ALTER TABLE `tabPrint Heading` DROP INDEX `print_heading`
2024-10-07 12:15:20,775 WARNING database DDL Query made to DB:
ALTER TABLE `tabPrint Heading` ADD UNIQUE INDEX IF NOT EXISTS print_heading (`print_heading`)
2024-10-07 12:49:45,307 WARNING database DDL Query made to DB:
alter table `tabDocType` add column if not exists migration_hash varchar(140)
2024-10-07 12:49:52,486 WARNING database DDL Query made to DB:
ALTER TABLE `tabPrint Heading` DROP INDEX `print_heading`
2024-10-07 12:50:02,431 WARNING database DDL Query made to DB:
ALTER TABLE `tabPrint Heading` ADD UNIQUE INDEX IF NOT EXISTS print_heading (`print_heading`)
2024-10-07 14:47:24,385 WARNING database DDL Query made to DB:
alter table `tabDocType` add column if not exists migration_hash varchar(140)
2024-10-07 14:47:28,410 WARNING database DDL Query made to DB:
ALTER TABLE `tabPrint Heading` DROP INDEX `print_heading`
2024-10-07 14:47:32,686 WARNING database DDL Query made to DB:
ALTER TABLE `tabPrint Heading` ADD UNIQUE INDEX IF NOT EXISTS print_heading (`print_heading`)
2024-10-08 09:48:01,209 WARNING database DDL Query made to DB:
alter table `tabDocType` add column if not exists migration_hash varchar(140)
2024-10-08 09:48:08,940 WARNING database DDL Query made to DB:
ALTER TABLE `tabPrint Heading` DROP INDEX `print_heading`
2024-10-08 09:48:18,927 WARNING database DDL Query made to DB:
ALTER TABLE `tabPrint Heading` ADD UNIQUE INDEX IF NOT EXISTS print_heading (`print_heading`)
2024-10-08 12:56:07,159 WARNING database DDL Query made to DB:
alter table `tabDocType` add column if not exists migration_hash varchar(140)
2024-10-08 12:56:14,256 WARNING database DDL Query made to DB:
ALTER TABLE `tabPrint Heading` DROP INDEX `print_heading`
2024-10-08 12:56:24,867 WARNING database DDL Query made to DB:
ALTER TABLE `tabPrint Heading` ADD UNIQUE INDEX IF NOT EXISTS print_heading (`print_heading`)
2024-10-08 13:03:40,197 WARNING database DDL Query made to DB:
alter table `tabDocType` add column if not exists migration_hash varchar(140)
2024-10-08 13:03:49,963 WARNING database DDL Query made to DB:
ALTER TABLE `tabPrint Heading` DROP INDEX `print_heading`
2024-10-08 13:03:58,749 WARNING database DDL Query made to DB:
ALTER TABLE `tabPrint Heading` ADD UNIQUE INDEX IF NOT EXISTS print_heading (`print_heading`)
