2024-10-08 13:27:03,202 INFO ipython === bench console session ===
2024-10-08 13:27:03,203 INFO ipython frappe
2024-10-08 13:27:03,203 INFO ipython === session end ===
2024-10-08 16:57:37,533 INFO ipython === bench console session ===
2024-10-08 16:57:37,533 INFO ipython import frappe
2024-10-08 16:57:37,533 INFO ipython frappe.db.begin()
2024-10-08 16:57:37,533 INFO ipython company = frappe.get_doc({
    'doctype': 'Company',
    'company_name': 'Magic Table Inc.',
    'abbr': 'MTI',
    'default_currency': 'CAD',  
    'country': 'Canada'   
})
company.insert()
2024-10-08 16:57:37,533 INFO ipython frappe.db.commit()
2024-10-08 16:57:37,534 INFO ipython === session end ===
2024-10-08 18:54:32,627 INFO ipython === bench console session ===
2024-10-08 18:54:32,640 INFO ipython import frappe
2024-10-08 18:54:32,640 INFO ipython frappe.connect()
2024-10-08 18:54:32,640 INFO ipython company = frappe.get_doc({
    'doctype': 'Company',
    'company_name': 'Magic Table Inc.',
    'abbr': 'MTI',
    'default_currency': 'CAD',  
    'country': 'Canada'   
})
company.insert()
frappe.db.commit()
2024-10-08 18:54:32,640 INFO ipython === session end ===
