node:events:495
      throw er; // Unhandled 'error' event
      ^

SocketClosedUnexpectedlyError: Socket closed unexpectedly
    at Socket.<anonymous> (/home/magic/frappe-bench/apps/frappe/node_modules/@redis/client/dist/lib/client/socket.js:194:118)
    at Object.onceWrapper (node:events:632:26)
    at Socket.emit (node:events:517:28)
    at TCP.<anonymous> (node:net:350:12)
Emitted 'error' event on RedisClient instance at:
    at RedisSocket.<anonymous> (/home/magic/frappe-bench/apps/frappe/node_modules/@redis/client/dist/lib/client/index.js:412:14)
    at RedisSocket.emit (node:events:517:28)
    at RedisSocket._RedisSocket_onSocketError (/home/magic/frappe-bench/apps/frappe/node_modules/@redis/client/dist/lib/client/socket.js:218:10)
    at Socket.<anonymous> (/home/magic/frappe-bench/apps/frappe/node_modules/@redis/client/dist/lib/client/socket.js:194:107)
    at Object.onceWrapper (node:events:632:26)
    at Socket.emit (node:events:517:28)
    at TCP.<anonymous> (node:net:350:12)

Node.js v18.20.4
events.js:377
      throw er; // Unhandled 'error' event
      ^

SocketClosedUnexpectedlyError: Socket closed unexpectedly
    at Socket.<anonymous> (/home/magic/frappe-bench/apps/frappe/node_modules/@redis/client/dist/lib/client/socket.js:194:118)
    at Object.onceWrapper (events.js:520:26)
    at Socket.emit (events.js:400:28)
    at TCP.<anonymous> (net.js:686:12)
Emitted 'error' event on RedisClient instance at:
    at RedisSocket.<anonymous> (/home/magic/frappe-bench/apps/frappe/node_modules/@redis/client/dist/lib/client/index.js:412:14)
    at RedisSocket.emit (events.js:400:28)
    at RedisSocket._RedisSocket_onSocketError (/home/magic/frappe-bench/apps/frappe/node_modules/@redis/client/dist/lib/client/socket.js:218:10)
    at Socket.<anonymous> (/home/magic/frappe-bench/apps/frappe/node_modules/@redis/client/dist/lib/client/socket.js:194:107)
    at Object.onceWrapper (events.js:520:26)
    at Socket.emit (events.js:400:28)
    at TCP.<anonymous> (net.js:686:12)
