4810:signal-handler (1727714185) Received SIGTERM scheduling shutdown...
4810:M 30 Sep 2024 12:36:25.900 # User requested shutdown...
4810:M 30 Sep 2024 12:36:25.966 * Removing the pid file.
4810:M 30 Sep 2024 12:36:25.995 # Redis is now ready to exit, bye bye...
5902:C 30 Sep 2024 12:36:45.343 # oO0OoO0OoO0Oo Redis is starting oO0OoO0OoO0Oo
5902:C 30 Sep 2024 12:36:45.343 # Redis version=6.0.16, bits=64, commit=00000000, modified=0, pid=5902, just started
5902:C 30 Sep 2024 12:36:45.343 # Configuration loaded
5902:M 30 Sep 2024 12:36:45.344 * Increased maximum number of open files to 10032 (it was originally set to 1024).
5902:M 30 Sep 2024 12:36:45.489 * Running mode=standalone, port=13000.
5902:M 30 Sep 2024 12:36:45.489 # Server initialized
5902:M 30 Sep 2024 12:36:45.490 # WARNING you have Transparent Huge Pages (THP) support enabled in your kernel. This will create latency and memory usage issues with Redis. To fix this issue run the command 'echo madvise > /sys/kernel/mm/transparent_hugepage/enabled' as root, and add it to your /etc/rc.local in order to retain the setting after a reboot. Redis must be restarted after THP is disabled (set to 'madvise' or 'never').
5902:M 30 Sep 2024 12:36:45.494 * Ready to accept connections
5902:signal-handler (1727714569) Received SIGTERM scheduling shutdown...
5902:M 30 Sep 2024 12:42:49.084 # User requested shutdown...
5902:M 30 Sep 2024 12:42:49.085 * Removing the pid file.
5902:M 30 Sep 2024 12:42:49.085 # Redis is now ready to exit, bye bye...
17708:C 30 Sep 2024 12:43:15.338 # oO0OoO0OoO0Oo Redis is starting oO0OoO0OoO0Oo
17708:C 30 Sep 2024 12:43:15.338 # Redis version=6.0.16, bits=64, commit=00000000, modified=0, pid=17708, just started
17708:C 30 Sep 2024 12:43:15.338 # Configuration loaded
17708:M 30 Sep 2024 12:43:15.338 * Increased maximum number of open files to 10032 (it was originally set to 1024).
17708:M 30 Sep 2024 12:43:15.339 * Running mode=standalone, port=13000.
17708:M 30 Sep 2024 12:43:15.339 # Server initialized
17708:M 30 Sep 2024 12:43:15.339 # WARNING you have Transparent Huge Pages (THP) support enabled in your kernel. This will create latency and memory usage issues with Redis. To fix this issue run the command 'echo madvise > /sys/kernel/mm/transparent_hugepage/enabled' as root, and add it to your /etc/rc.local in order to retain the setting after a reboot. Redis must be restarted after THP is disabled (set to 'madvise' or 'never').
17708:M 30 Sep 2024 12:43:15.341 * Ready to accept connections
17708:signal-handler (1727714937) Received SIGTERM scheduling shutdown...
17708:M 30 Sep 2024 12:48:57.046 # User requested shutdown...
17708:M 30 Sep 2024 12:48:57.046 * Removing the pid file.
17708:M 30 Sep 2024 12:48:57.046 # Redis is now ready to exit, bye bye...
18451:C 30 Sep 2024 12:48:57.342 # oO0OoO0OoO0Oo Redis is starting oO0OoO0OoO0Oo
18451:C 30 Sep 2024 12:48:57.342 # Redis version=6.0.16, bits=64, commit=00000000, modified=0, pid=18451, just started
18451:C 30 Sep 2024 12:48:57.342 # Configuration loaded
18451:M 30 Sep 2024 12:48:57.342 * Increased maximum number of open files to 10032 (it was originally set to 1024).
18451:M 30 Sep 2024 12:48:57.343 * Running mode=standalone, port=13000.
18451:M 30 Sep 2024 12:48:57.343 # Server initialized
18451:M 30 Sep 2024 12:48:57.343 # WARNING you have Transparent Huge Pages (THP) support enabled in your kernel. This will create latency and memory usage issues with Redis. To fix this issue run the command 'echo madvise > /sys/kernel/mm/transparent_hugepage/enabled' as root, and add it to your /etc/rc.local in order to retain the setting after a reboot. Redis must be restarted after THP is disabled (set to 'madvise' or 'never').
18451:M 30 Sep 2024 12:48:57.345 * Ready to accept connections
18451:signal-handler (1727715382) Received SIGTERM scheduling shutdown...
18451:M 30 Sep 2024 12:56:22.221 # User requested shutdown...
18451:M 30 Sep 2024 12:56:22.221 * Removing the pid file.
18451:M 30 Sep 2024 12:56:22.251 # Redis is now ready to exit, bye bye...
18827:C 30 Sep 2024 12:56:23.588 # oO0OoO0OoO0Oo Redis is starting oO0OoO0OoO0Oo
18827:C 30 Sep 2024 12:56:23.588 # Redis version=6.0.16, bits=64, commit=00000000, modified=0, pid=18827, just started
18827:C 30 Sep 2024 12:56:23.588 # Configuration loaded
18827:M 30 Sep 2024 12:56:23.589 * Increased maximum number of open files to 10032 (it was originally set to 1024).
18827:M 30 Sep 2024 12:56:23.590 * Running mode=standalone, port=13000.
18827:M 30 Sep 2024 12:56:23.590 # Server initialized
18827:M 30 Sep 2024 12:56:23.590 # WARNING you have Transparent Huge Pages (THP) support enabled in your kernel. This will create latency and memory usage issues with Redis. To fix this issue run the command 'echo madvise > /sys/kernel/mm/transparent_hugepage/enabled' as root, and add it to your /etc/rc.local in order to retain the setting after a reboot. Redis must be restarted after THP is disabled (set to 'madvise' or 'never').
18827:M 30 Sep 2024 12:56:23.592 * Ready to accept connections
18827:signal-handler (1727721423) Received SIGTERM scheduling shutdown...
18827:M 30 Sep 2024 14:37:03.292 # User requested shutdown...
18827:M 30 Sep 2024 14:37:03.292 * Removing the pid file.
18827:M 30 Sep 2024 14:37:03.292 # Redis is now ready to exit, bye bye...
19717:C 30 Sep 2024 14:37:26.587 # oO0OoO0OoO0Oo Redis is starting oO0OoO0OoO0Oo
19717:C 30 Sep 2024 14:37:26.587 # Redis version=6.0.16, bits=64, commit=00000000, modified=0, pid=19717, just started
19717:C 30 Sep 2024 14:37:26.587 # Configuration loaded
19717:M 30 Sep 2024 14:37:26.588 * Increased maximum number of open files to 10032 (it was originally set to 1024).
19717:M 30 Sep 2024 14:37:26.737 * Running mode=standalone, port=13000.
19717:M 30 Sep 2024 14:37:26.789 # Server initialized
19717:M 30 Sep 2024 14:37:26.789 # WARNING you have Transparent Huge Pages (THP) support enabled in your kernel. This will create latency and memory usage issues with Redis. To fix this issue run the command 'echo madvise > /sys/kernel/mm/transparent_hugepage/enabled' as root, and add it to your /etc/rc.local in order to retain the setting after a reboot. Redis must be restarted after THP is disabled (set to 'madvise' or 'never').
19717:M 30 Sep 2024 14:37:26.791 * Ready to accept connections
19717:signal-handler (1727726953) Received SIGTERM scheduling shutdown...
19717:M 30 Sep 2024 16:09:13.385 # User requested shutdown...
19717:M 30 Sep 2024 16:09:13.385 * Removing the pid file.
19717:M 30 Sep 2024 16:09:13.427 # Redis is now ready to exit, bye bye...
21719:C 30 Sep 2024 16:09:13.641 # oO0OoO0OoO0Oo Redis is starting oO0OoO0OoO0Oo
21719:C 30 Sep 2024 16:09:13.641 # Redis version=6.0.16, bits=64, commit=00000000, modified=0, pid=21719, just started
21719:C 30 Sep 2024 16:09:13.641 # Configuration loaded
21719:M 30 Sep 2024 16:09:13.642 * Increased maximum number of open files to 10032 (it was originally set to 1024).
21719:M 30 Sep 2024 16:09:13.646 * Running mode=standalone, port=13000.
21719:M 30 Sep 2024 16:09:13.646 # Server initialized
21719:M 30 Sep 2024 16:09:13.646 # WARNING you have Transparent Huge Pages (THP) support enabled in your kernel. This will create latency and memory usage issues with Redis. To fix this issue run the command 'echo madvise > /sys/kernel/mm/transparent_hugepage/enabled' as root, and add it to your /etc/rc.local in order to retain the setting after a reboot. Redis must be restarted after THP is disabled (set to 'madvise' or 'never').
21719:M 30 Sep 2024 16:09:13.664 * Ready to accept connections
21719:signal-handler (1727798981) Received SIGTERM scheduling shutdown...
21719:M 01 Oct 2024 12:09:41.089 # User requested shutdown...
21719:M 01 Oct 2024 12:09:41.145 * Removing the pid file.
21719:M 01 Oct 2024 12:09:41.146 # Redis is now ready to exit, bye bye...
27168:C 01 Oct 2024 12:09:57.980 # oO0OoO0OoO0Oo Redis is starting oO0OoO0OoO0Oo
27168:C 01 Oct 2024 12:09:57.980 # Redis version=6.0.16, bits=64, commit=00000000, modified=0, pid=27168, just started
27168:C 01 Oct 2024 12:09:57.980 # Configuration loaded
27168:M 01 Oct 2024 12:09:57.981 * Increased maximum number of open files to 10032 (it was originally set to 1024).
27168:M 01 Oct 2024 12:09:58.137 * Running mode=standalone, port=13000.
27168:M 01 Oct 2024 12:09:58.137 # Server initialized
27168:M 01 Oct 2024 12:09:58.137 # WARNING you have Transparent Huge Pages (THP) support enabled in your kernel. This will create latency and memory usage issues with Redis. To fix this issue run the command 'echo madvise > /sys/kernel/mm/transparent_hugepage/enabled' as root, and add it to your /etc/rc.local in order to retain the setting after a reboot. Redis must be restarted after THP is disabled (set to 'madvise' or 'never').
27168:M 01 Oct 2024 12:09:58.157 * Ready to accept connections
27168:signal-handler (1727799235) Received SIGTERM scheduling shutdown...
27168:M 01 Oct 2024 12:13:55.548 # User requested shutdown...
27168:M 01 Oct 2024 12:13:55.597 * Removing the pid file.
27168:M 01 Oct 2024 12:13:55.797 # Redis is now ready to exit, bye bye...
27472:C 01 Oct 2024 12:13:56.628 # oO0OoO0OoO0Oo Redis is starting oO0OoO0OoO0Oo
27472:C 01 Oct 2024 12:13:56.628 # Redis version=6.0.16, bits=64, commit=00000000, modified=0, pid=27472, just started
27472:C 01 Oct 2024 12:13:56.628 # Configuration loaded
27472:M 01 Oct 2024 12:13:56.628 * Increased maximum number of open files to 10032 (it was originally set to 1024).
27472:M 01 Oct 2024 12:13:56.784 * Running mode=standalone, port=13000.
27472:M 01 Oct 2024 12:13:56.784 # Server initialized
27472:M 01 Oct 2024 12:13:56.784 # WARNING you have Transparent Huge Pages (THP) support enabled in your kernel. This will create latency and memory usage issues with Redis. To fix this issue run the command 'echo madvise > /sys/kernel/mm/transparent_hugepage/enabled' as root, and add it to your /etc/rc.local in order to retain the setting after a reboot. Redis must be restarted after THP is disabled (set to 'madvise' or 'never').
27472:M 01 Oct 2024 12:13:56.823 * Ready to accept connections
27472:signal-handler (1727801485) Received SIGTERM scheduling shutdown...
27472:M 01 Oct 2024 12:51:25.572 # User requested shutdown...
27472:M 01 Oct 2024 12:51:25.572 * Removing the pid file.
27472:M 01 Oct 2024 12:51:25.634 # Redis is now ready to exit, bye bye...
27871:C 01 Oct 2024 12:51:27.190 # oO0OoO0OoO0Oo Redis is starting oO0OoO0OoO0Oo
27871:C 01 Oct 2024 12:51:27.190 # Redis version=6.0.16, bits=64, commit=00000000, modified=0, pid=27871, just started
27871:C 01 Oct 2024 12:51:27.190 # Configuration loaded
27871:M 01 Oct 2024 12:51:27.191 * Increased maximum number of open files to 10032 (it was originally set to 1024).
27871:M 01 Oct 2024 12:51:27.192 * Running mode=standalone, port=13000.
27871:M 01 Oct 2024 12:51:27.192 # Server initialized
27871:M 01 Oct 2024 12:51:27.192 # WARNING you have Transparent Huge Pages (THP) support enabled in your kernel. This will create latency and memory usage issues with Redis. To fix this issue run the command 'echo madvise > /sys/kernel/mm/transparent_hugepage/enabled' as root, and add it to your /etc/rc.local in order to retain the setting after a reboot. Redis must be restarted after THP is disabled (set to 'madvise' or 'never').
27871:M 01 Oct 2024 12:51:27.195 * Ready to accept connections
27871:signal-handler (1727801500) Received SIGTERM scheduling shutdown...
27871:M 01 Oct 2024 12:51:40.224 # User requested shutdown...
27871:M 01 Oct 2024 12:51:40.224 * Removing the pid file.
27871:M 01 Oct 2024 12:51:40.224 # Redis is now ready to exit, bye bye...
27909:C 01 Oct 2024 12:51:41.415 # oO0OoO0OoO0Oo Redis is starting oO0OoO0OoO0Oo
27909:C 01 Oct 2024 12:51:41.415 # Redis version=6.0.16, bits=64, commit=00000000, modified=0, pid=27909, just started
27909:C 01 Oct 2024 12:51:41.416 # Configuration loaded
27909:M 01 Oct 2024 12:51:41.417 * Increased maximum number of open files to 10032 (it was originally set to 1024).
27909:M 01 Oct 2024 12:51:41.418 * Running mode=standalone, port=13000.
27909:M 01 Oct 2024 12:51:41.418 # Server initialized
27909:M 01 Oct 2024 12:51:41.418 # WARNING you have Transparent Huge Pages (THP) support enabled in your kernel. This will create latency and memory usage issues with Redis. To fix this issue run the command 'echo madvise > /sys/kernel/mm/transparent_hugepage/enabled' as root, and add it to your /etc/rc.local in order to retain the setting after a reboot. Redis must be restarted after THP is disabled (set to 'madvise' or 'never').
27909:M 01 Oct 2024 12:51:41.422 * Ready to accept connections
27909:signal-handler (1727802125) Received SIGTERM scheduling shutdown...
27909:M 01 Oct 2024 13:02:05.360 # User requested shutdown...
27909:M 01 Oct 2024 13:02:05.360 * Removing the pid file.
27909:M 01 Oct 2024 13:02:05.408 # Redis is now ready to exit, bye bye...
28326:C 01 Oct 2024 13:02:32.973 # oO0OoO0OoO0Oo Redis is starting oO0OoO0OoO0Oo
28326:C 01 Oct 2024 13:02:32.973 # Redis version=6.0.16, bits=64, commit=00000000, modified=0, pid=28326, just started
28326:C 01 Oct 2024 13:02:32.973 # Configuration loaded
28326:M 01 Oct 2024 13:02:32.974 * Increased maximum number of open files to 10032 (it was originally set to 1024).
28326:M 01 Oct 2024 13:02:33.120 * Running mode=standalone, port=13000.
28326:M 01 Oct 2024 13:02:33.121 # Server initialized
28326:M 01 Oct 2024 13:02:33.121 # WARNING you have Transparent Huge Pages (THP) support enabled in your kernel. This will create latency and memory usage issues with Redis. To fix this issue run the command 'echo madvise > /sys/kernel/mm/transparent_hugepage/enabled' as root, and add it to your /etc/rc.local in order to retain the setting after a reboot. Redis must be restarted after THP is disabled (set to 'madvise' or 'never').
28326:M 01 Oct 2024 13:02:33.123 * Ready to accept connections
28326:signal-handler (1727802822) Received SIGTERM scheduling shutdown...
28326:M 01 Oct 2024 13:13:42.982 # User requested shutdown...
28326:M 01 Oct 2024 13:13:42.982 * Removing the pid file.
28326:M 01 Oct 2024 13:13:43.123 # Redis is now ready to exit, bye bye...
28681:C 01 Oct 2024 13:14:26.686 # oO0OoO0OoO0Oo Redis is starting oO0OoO0OoO0Oo
28681:C 01 Oct 2024 13:14:26.686 # Redis version=6.0.16, bits=64, commit=00000000, modified=0, pid=28681, just started
28681:C 01 Oct 2024 13:14:26.686 # Configuration loaded
28681:M 01 Oct 2024 13:14:26.687 * Increased maximum number of open files to 10032 (it was originally set to 1024).
28681:M 01 Oct 2024 13:14:27.002 * Running mode=standalone, port=13000.
28681:M 01 Oct 2024 13:14:27.002 # Server initialized
28681:M 01 Oct 2024 13:14:27.002 # WARNING you have Transparent Huge Pages (THP) support enabled in your kernel. This will create latency and memory usage issues with Redis. To fix this issue run the command 'echo madvise > /sys/kernel/mm/transparent_hugepage/enabled' as root, and add it to your /etc/rc.local in order to retain the setting after a reboot. Redis must be restarted after THP is disabled (set to 'madvise' or 'never').
28681:M 01 Oct 2024 13:14:27.023 * Ready to accept connections
28681:signal-handler (1727803896) Received SIGTERM scheduling shutdown...
28681:M 01 Oct 2024 13:31:36.837 # User requested shutdown...
28681:M 01 Oct 2024 13:31:36.837 * Removing the pid file.
28681:M 01 Oct 2024 13:31:36.933 # Redis is now ready to exit, bye bye...
28833:C 01 Oct 2024 13:31:37.803 # oO0OoO0OoO0Oo Redis is starting oO0OoO0OoO0Oo
28833:C 01 Oct 2024 13:31:37.803 # Redis version=6.0.16, bits=64, commit=00000000, modified=0, pid=28833, just started
28833:C 01 Oct 2024 13:31:37.803 # Configuration loaded
28833:M 01 Oct 2024 13:31:37.804 * Increased maximum number of open files to 10032 (it was originally set to 1024).
28833:M 01 Oct 2024 13:31:37.806 * Running mode=standalone, port=13000.
28833:M 01 Oct 2024 13:31:37.806 # Server initialized
28833:M 01 Oct 2024 13:31:37.806 # WARNING you have Transparent Huge Pages (THP) support enabled in your kernel. This will create latency and memory usage issues with Redis. To fix this issue run the command 'echo madvise > /sys/kernel/mm/transparent_hugepage/enabled' as root, and add it to your /etc/rc.local in order to retain the setting after a reboot. Redis must be restarted after THP is disabled (set to 'madvise' or 'never').
28833:M 01 Oct 2024 13:31:37.809 * Ready to accept connections
28833:signal-handler (1727822704) Received SIGTERM scheduling shutdown...
28833:M 01 Oct 2024 18:45:04.103 # User requested shutdown...
28833:M 01 Oct 2024 18:45:04.210 * Removing the pid file.
28833:M 01 Oct 2024 18:45:04.309 # Redis is now ready to exit, bye bye...
29877:C 01 Oct 2024 18:45:07.094 # oO0OoO0OoO0Oo Redis is starting oO0OoO0OoO0Oo
29877:C 01 Oct 2024 18:45:07.094 # Redis version=6.0.16, bits=64, commit=00000000, modified=0, pid=29877, just started
29877:C 01 Oct 2024 18:45:07.094 # Configuration loaded
29877:M 01 Oct 2024 18:45:07.095 * Increased maximum number of open files to 10032 (it was originally set to 1024).
29877:M 01 Oct 2024 18:45:07.306 * Running mode=standalone, port=13000.
29877:M 01 Oct 2024 18:45:07.306 # Server initialized
29877:M 01 Oct 2024 18:45:07.306 # WARNING you have Transparent Huge Pages (THP) support enabled in your kernel. This will create latency and memory usage issues with Redis. To fix this issue run the command 'echo madvise > /sys/kernel/mm/transparent_hugepage/enabled' as root, and add it to your /etc/rc.local in order to retain the setting after a reboot. Redis must be restarted after THP is disabled (set to 'madvise' or 'never').
29877:M 01 Oct 2024 18:45:07.309 * Ready to accept connections
29877:signal-handler (1727823068) Received SIGTERM scheduling shutdown...
29877:M 01 Oct 2024 18:51:08.893 # User requested shutdown...
29877:M 01 Oct 2024 18:51:08.893 * Removing the pid file.
29877:M 01 Oct 2024 18:51:08.911 # Redis is now ready to exit, bye bye...
29986:C 01 Oct 2024 18:51:09.838 # oO0OoO0OoO0Oo Redis is starting oO0OoO0OoO0Oo
29986:C 01 Oct 2024 18:51:09.838 # Redis version=6.0.16, bits=64, commit=00000000, modified=0, pid=29986, just started
29986:C 01 Oct 2024 18:51:09.838 # Configuration loaded
29986:M 01 Oct 2024 18:51:09.839 * Increased maximum number of open files to 10032 (it was originally set to 1024).
29986:M 01 Oct 2024 18:51:09.840 * Running mode=standalone, port=13000.
29986:M 01 Oct 2024 18:51:09.840 # Server initialized
29986:M 01 Oct 2024 18:51:09.840 # WARNING you have Transparent Huge Pages (THP) support enabled in your kernel. This will create latency and memory usage issues with Redis. To fix this issue run the command 'echo madvise > /sys/kernel/mm/transparent_hugepage/enabled' as root, and add it to your /etc/rc.local in order to retain the setting after a reboot. Redis must be restarted after THP is disabled (set to 'madvise' or 'never').
29986:M 01 Oct 2024 18:51:09.842 * Ready to accept connections
1320:C 02 Oct 2024 08:47:00.843 # oO0OoO0OoO0Oo Redis is starting oO0OoO0OoO0Oo
1320:C 02 Oct 2024 08:47:00.987 # Redis version=6.0.16, bits=64, commit=00000000, modified=0, pid=1320, just started
1320:C 02 Oct 2024 08:47:00.987 # Configuration loaded
1320:M 02 Oct 2024 08:47:00.988 * Increased maximum number of open files to 10032 (it was originally set to 1024).
1320:M 02 Oct 2024 08:47:01.431 * Running mode=standalone, port=13000.
1320:M 02 Oct 2024 08:47:01.431 # Server initialized
1320:M 02 Oct 2024 08:47:01.431 # WARNING you have Transparent Huge Pages (THP) support enabled in your kernel. This will create latency and memory usage issues with Redis. To fix this issue run the command 'echo madvise > /sys/kernel/mm/transparent_hugepage/enabled' as root, and add it to your /etc/rc.local in order to retain the setting after a reboot. Redis must be restarted after THP is disabled (set to 'madvise' or 'never').
1320:M 02 Oct 2024 08:47:01.590 * Ready to accept connections
1320:signal-handler (1727966897) Received SIGTERM scheduling shutdown...
1320:M 03 Oct 2024 10:48:17.241 # User requested shutdown...
1320:M 03 Oct 2024 10:48:17.246 * Removing the pid file.
1320:M 03 Oct 2024 10:48:17.374 # Redis is now ready to exit, bye bye...
311600:C 03 Oct 2024 10:48:18.758 # oO0OoO0OoO0Oo Redis is starting oO0OoO0OoO0Oo
311600:C 03 Oct 2024 10:48:18.758 # Redis version=6.0.16, bits=64, commit=00000000, modified=0, pid=311600, just started
311600:C 03 Oct 2024 10:48:18.758 # Configuration loaded
311600:M 03 Oct 2024 10:48:18.758 * Increased maximum number of open files to 10032 (it was originally set to 1024).
311600:M 03 Oct 2024 10:48:19.096 * Running mode=standalone, port=13000.
311600:M 03 Oct 2024 10:48:19.097 # Server initialized
311600:M 03 Oct 2024 10:48:19.097 # WARNING you have Transparent Huge Pages (THP) support enabled in your kernel. This will create latency and memory usage issues with Redis. To fix this issue run the command 'echo madvise > /sys/kernel/mm/transparent_hugepage/enabled' as root, and add it to your /etc/rc.local in order to retain the setting after a reboot. Redis must be restarted after THP is disabled (set to 'madvise' or 'never').
311600:M 03 Oct 2024 10:48:19.133 * Ready to accept connections
311600:signal-handler (1727968293) Received SIGTERM scheduling shutdown...
311600:M 03 Oct 2024 11:11:33.028 # User requested shutdown...
311600:M 03 Oct 2024 11:11:33.028 * Removing the pid file.
311600:M 03 Oct 2024 11:11:33.051 # Redis is now ready to exit, bye bye...
311783:C 03 Oct 2024 11:11:35.257 # oO0OoO0OoO0Oo Redis is starting oO0OoO0OoO0Oo
311783:C 03 Oct 2024 11:11:35.257 # Redis version=6.0.16, bits=64, commit=00000000, modified=0, pid=311783, just started
311783:C 03 Oct 2024 11:11:35.257 # Configuration loaded
311783:M 03 Oct 2024 11:11:35.257 * Increased maximum number of open files to 10032 (it was originally set to 1024).
311783:M 03 Oct 2024 11:11:35.258 * Running mode=standalone, port=13000.
311783:M 03 Oct 2024 11:11:35.258 # Server initialized
311783:M 03 Oct 2024 11:11:35.258 # WARNING you have Transparent Huge Pages (THP) support enabled in your kernel. This will create latency and memory usage issues with Redis. To fix this issue run the command 'echo madvise > /sys/kernel/mm/transparent_hugepage/enabled' as root, and add it to your /etc/rc.local in order to retain the setting after a reboot. Redis must be restarted after THP is disabled (set to 'madvise' or 'never').
311783:M 03 Oct 2024 11:11:35.260 * Ready to accept connections
3405:C 03 Oct 2024 20:20:37.148 # oO0OoO0OoO0Oo Redis is starting oO0OoO0OoO0Oo
3405:C 03 Oct 2024 20:20:37.623 # Redis version=6.0.16, bits=64, commit=00000000, modified=0, pid=3405, just started
3405:C 03 Oct 2024 20:20:37.623 # Configuration loaded
3405:M 03 Oct 2024 20:20:37.623 * Increased maximum number of open files to 10032 (it was originally set to 1024).
3405:M 03 Oct 2024 20:20:38.548 * Running mode=standalone, port=13000.
3405:M 03 Oct 2024 20:20:38.548 # Server initialized
3405:M 03 Oct 2024 20:20:38.548 # WARNING you have Transparent Huge Pages (THP) support enabled in your kernel. This will create latency and memory usage issues with Redis. To fix this issue run the command 'echo madvise > /sys/kernel/mm/transparent_hugepage/enabled' as root, and add it to your /etc/rc.local in order to retain the setting after a reboot. Redis must be restarted after THP is disabled (set to 'madvise' or 'never').
3405:M 03 Oct 2024 20:20:38.727 * Ready to accept connections
3600:C 03 Oct 2024 20:22:50.104 # oO0OoO0OoO0Oo Redis is starting oO0OoO0OoO0Oo
3600:C 03 Oct 2024 20:22:50.104 # Redis version=6.0.16, bits=64, commit=00000000, modified=0, pid=3600, just started
3600:C 03 Oct 2024 20:22:50.104 # Configuration loaded
3600:M 03 Oct 2024 20:22:50.105 * Increased maximum number of open files to 10032 (it was originally set to 1024).
3600:M 03 Oct 2024 20:22:50.105 # Could not create server TCP listening socket 127.0.0.1:13000: bind: Address already in use
1337:C 04 Oct 2024 08:52:06.756 # oO0OoO0OoO0Oo Redis is starting oO0OoO0OoO0Oo
1337:C 04 Oct 2024 08:52:06.828 # Redis version=6.0.16, bits=64, commit=00000000, modified=0, pid=1337, just started
1337:C 04 Oct 2024 08:52:06.828 # Configuration loaded
1337:M 04 Oct 2024 08:52:06.829 * Increased maximum number of open files to 10032 (it was originally set to 1024).
1337:M 04 Oct 2024 08:52:07.580 * Running mode=standalone, port=13000.
1337:M 04 Oct 2024 08:52:07.580 # Server initialized
1337:M 04 Oct 2024 08:52:07.581 # WARNING you have Transparent Huge Pages (THP) support enabled in your kernel. This will create latency and memory usage issues with Redis. To fix this issue run the command 'echo madvise > /sys/kernel/mm/transparent_hugepage/enabled' as root, and add it to your /etc/rc.local in order to retain the setting after a reboot. Redis must be restarted after THP is disabled (set to 'madvise' or 'never').
1337:M 04 Oct 2024 08:52:07.611 * Ready to accept connections
1298:C 05 Oct 2024 10:28:50.817 # oO0OoO0OoO0Oo Redis is starting oO0OoO0OoO0Oo
1298:C 05 Oct 2024 10:28:50.866 # Redis version=6.0.16, bits=64, commit=00000000, modified=0, pid=1298, just started
1298:C 05 Oct 2024 10:28:50.866 # Configuration loaded
1298:M 05 Oct 2024 10:28:50.866 * Increased maximum number of open files to 10032 (it was originally set to 1024).
1298:M 05 Oct 2024 10:28:51.070 * Running mode=standalone, port=13000.
1298:M 05 Oct 2024 10:28:51.070 # Server initialized
1298:M 05 Oct 2024 10:28:51.070 # WARNING you have Transparent Huge Pages (THP) support enabled in your kernel. This will create latency and memory usage issues with Redis. To fix this issue run the command 'echo madvise > /sys/kernel/mm/transparent_hugepage/enabled' as root, and add it to your /etc/rc.local in order to retain the setting after a reboot. Redis must be restarted after THP is disabled (set to 'madvise' or 'never').
1298:M 05 Oct 2024 10:28:51.104 * Ready to accept connections
6588:C 05 Oct 2024 15:17:11.842 # oO0OoO0OoO0Oo Redis is starting oO0OoO0OoO0Oo
1298:signal-handler (1728171948) Received SIGTERM scheduling shutdown...
1298:M 05 Oct 2024 19:45:49.014 # User requested shutdown...
1298:M 05 Oct 2024 19:45:49.031 * Removing the pid file.
1298:M 05 Oct 2024 19:45:49.213 # Redis is now ready to exit, bye bye...
10308:C 05 Oct 2024 19:46:30.563 # oO0OoO0OoO0Oo Redis is starting oO0OoO0OoO0Oo
10308:C 05 Oct 2024 19:46:30.563 # Redis version=6.0.16, bits=64, commit=00000000, modified=0, pid=10308, just started
10308:C 05 Oct 2024 19:46:30.563 # Configuration loaded
10308:M 05 Oct 2024 19:46:30.564 * Increased maximum number of open files to 10032 (it was originally set to 1024).
10308:M 05 Oct 2024 19:46:30.729 * Running mode=standalone, port=13000.
10308:M 05 Oct 2024 19:46:30.729 # Server initialized
10308:M 05 Oct 2024 19:46:30.729 # WARNING you have Transparent Huge Pages (THP) support enabled in your kernel. This will create latency and memory usage issues with Redis. To fix this issue run the command 'echo madvise > /sys/kernel/mm/transparent_hugepage/enabled' as root, and add it to your /etc/rc.local in order to retain the setting after a reboot. Redis must be restarted after THP is disabled (set to 'madvise' or 'never').
10308:M 05 Oct 2024 19:46:30.746 * Ready to accept connections
10308:signal-handler (1728172125) Received SIGTERM scheduling shutdown...
10308:M 05 Oct 2024 19:48:45.716 # User requested shutdown...
10308:M 05 Oct 2024 19:48:45.716 * Removing the pid file.
10308:M 05 Oct 2024 19:48:45.738 # Redis is now ready to exit, bye bye...
10375:C 05 Oct 2024 19:48:46.854 # oO0OoO0OoO0Oo Redis is starting oO0OoO0OoO0Oo
10375:C 05 Oct 2024 19:48:46.855 # Redis version=6.0.16, bits=64, commit=00000000, modified=0, pid=10375, just started
10375:C 05 Oct 2024 19:48:46.855 # Configuration loaded
10375:M 05 Oct 2024 19:48:46.855 * Increased maximum number of open files to 10032 (it was originally set to 1024).
10375:M 05 Oct 2024 19:48:46.857 * Running mode=standalone, port=13000.
10375:M 05 Oct 2024 19:48:46.857 # Server initialized
10375:M 05 Oct 2024 19:48:46.857 # WARNING you have Transparent Huge Pages (THP) support enabled in your kernel. This will create latency and memory usage issues with Redis. To fix this issue run the command 'echo madvise > /sys/kernel/mm/transparent_hugepage/enabled' as root, and add it to your /etc/rc.local in order to retain the setting after a reboot. Redis must be restarted after THP is disabled (set to 'madvise' or 'never').
10375:M 05 Oct 2024 19:48:46.859 * Ready to accept connections
10375:signal-handler (1728178779) Received SIGTERM scheduling shutdown...
10375:M 05 Oct 2024 21:39:39.789 # User requested shutdown...
10375:M 05 Oct 2024 21:39:39.789 * Removing the pid file.
10375:M 05 Oct 2024 21:39:39.904 # Redis is now ready to exit, bye bye...
11213:C 05 Oct 2024 21:39:50.509 # oO0OoO0OoO0Oo Redis is starting oO0OoO0OoO0Oo
11213:C 05 Oct 2024 21:39:50.509 # Redis version=6.0.16, bits=64, commit=00000000, modified=0, pid=11213, just started
11213:C 05 Oct 2024 21:39:50.509 # Configuration loaded
11213:M 05 Oct 2024 21:39:50.511 * Increased maximum number of open files to 10032 (it was originally set to 1024).
11213:M 05 Oct 2024 21:39:50.665 * Running mode=standalone, port=13000.
11213:M 05 Oct 2024 21:39:50.666 # Server initialized
11213:M 05 Oct 2024 21:39:50.666 # WARNING you have Transparent Huge Pages (THP) support enabled in your kernel. This will create latency and memory usage issues with Redis. To fix this issue run the command 'echo madvise > /sys/kernel/mm/transparent_hugepage/enabled' as root, and add it to your /etc/rc.local in order to retain the setting after a reboot. Redis must be restarted after THP is disabled (set to 'madvise' or 'never').
11213:M 05 Oct 2024 21:39:50.680 * Ready to accept connections
11213:signal-handler (1728183722) Received SIGTERM scheduling shutdown...
11213:M 05 Oct 2024 23:02:02.492 # User requested shutdown...
11213:M 05 Oct 2024 23:02:02.754 * Removing the pid file.
11213:M 05 Oct 2024 23:02:03.211 # Redis is now ready to exit, bye bye...
12395:C 05 Oct 2024 23:02:06.266 # oO0OoO0OoO0Oo Redis is starting oO0OoO0OoO0Oo
12395:C 05 Oct 2024 23:02:06.266 # Redis version=6.0.16, bits=64, commit=00000000, modified=0, pid=12395, just started
12395:C 05 Oct 2024 23:02:06.266 # Configuration loaded
12395:M 05 Oct 2024 23:02:06.267 * Increased maximum number of open files to 10032 (it was originally set to 1024).
12395:M 05 Oct 2024 23:02:06.412 * Running mode=standalone, port=13000.
12395:M 05 Oct 2024 23:02:06.412 # Server initialized
12395:M 05 Oct 2024 23:02:06.412 # WARNING you have Transparent Huge Pages (THP) support enabled in your kernel. This will create latency and memory usage issues with Redis. To fix this issue run the command 'echo madvise > /sys/kernel/mm/transparent_hugepage/enabled' as root, and add it to your /etc/rc.local in order to retain the setting after a reboot. Redis must be restarted after THP is disabled (set to 'madvise' or 'never').
12395:M 05 Oct 2024 23:02:06.431 * Ready to accept connections
1355:C 07 Oct 2024 09:23:31.018 # oO0OoO0OoO0Oo Redis is starting oO0OoO0OoO0Oo
1355:C 07 Oct 2024 09:23:31.018 # Redis version=6.0.16, bits=64, commit=00000000, modified=0, pid=1355, just started
1355:C 07 Oct 2024 09:23:31.018 # Configuration loaded
1355:M 07 Oct 2024 09:23:31.019 * Increased maximum number of open files to 10032 (it was originally set to 1024).
1355:M 07 Oct 2024 09:23:31.298 * Running mode=standalone, port=13000.
1355:M 07 Oct 2024 09:23:31.298 # Server initialized
1355:M 07 Oct 2024 09:23:31.298 # WARNING you have Transparent Huge Pages (THP) support enabled in your kernel. This will create latency and memory usage issues with Redis. To fix this issue run the command 'echo madvise > /sys/kernel/mm/transparent_hugepage/enabled' as root, and add it to your /etc/rc.local in order to retain the setting after a reboot. Redis must be restarted after THP is disabled (set to 'madvise' or 'never').
1355:M 07 Oct 2024 09:23:31.456 * Ready to accept connections
1355:signal-handler (1728408946) Received SIGTERM scheduling shutdown...
1355:M 08 Oct 2024 13:35:46.565 # User requested shutdown...
1355:M 08 Oct 2024 13:35:46.565 * Removing the pid file.
1355:M 08 Oct 2024 13:35:46.577 # Redis is now ready to exit, bye bye...
29955:C 08 Oct 2024 13:35:50.356 # oO0OoO0OoO0Oo Redis is starting oO0OoO0OoO0Oo
29955:C 08 Oct 2024 13:35:50.357 # Redis version=6.0.16, bits=64, commit=00000000, modified=0, pid=29955, just started
29955:C 08 Oct 2024 13:35:50.357 # Configuration loaded
29955:M 08 Oct 2024 13:35:50.358 * Increased maximum number of open files to 10032 (it was originally set to 1024).
29955:M 08 Oct 2024 13:35:50.489 * Running mode=standalone, port=13000.
29955:M 08 Oct 2024 13:35:50.489 # Server initialized
29955:M 08 Oct 2024 13:35:50.489 # WARNING you have Transparent Huge Pages (THP) support enabled in your kernel. This will create latency and memory usage issues with Redis. To fix this issue run the command 'echo madvise > /sys/kernel/mm/transparent_hugepage/enabled' as root, and add it to your /etc/rc.local in order to retain the setting after a reboot. Redis must be restarted after THP is disabled (set to 'madvise' or 'never').
29955:M 08 Oct 2024 13:35:50.492 * Ready to accept connections
29955:signal-handler (1728409838) Received SIGTERM scheduling shutdown...
29955:M 08 Oct 2024 13:50:38.445 # User requested shutdown...
29955:M 08 Oct 2024 13:50:38.445 * Removing the pid file.
29955:M 08 Oct 2024 13:50:38.446 # Redis is now ready to exit, bye bye...
30238:C 08 Oct 2024 13:50:43.029 # oO0OoO0OoO0Oo Redis is starting oO0OoO0OoO0Oo
30238:C 08 Oct 2024 13:50:43.029 # Redis version=6.0.16, bits=64, commit=00000000, modified=0, pid=30238, just started
30238:C 08 Oct 2024 13:50:43.029 # Configuration loaded
30238:M 08 Oct 2024 13:50:43.029 * Increased maximum number of open files to 10032 (it was originally set to 1024).
30238:M 08 Oct 2024 13:50:43.030 * Running mode=standalone, port=13000.
30238:M 08 Oct 2024 13:50:43.030 # Server initialized
30238:M 08 Oct 2024 13:50:43.030 # WARNING you have Transparent Huge Pages (THP) support enabled in your kernel. This will create latency and memory usage issues with Redis. To fix this issue run the command 'echo madvise > /sys/kernel/mm/transparent_hugepage/enabled' as root, and add it to your /etc/rc.local in order to retain the setting after a reboot. Redis must be restarted after THP is disabled (set to 'madvise' or 'never').
30238:M 08 Oct 2024 13:50:43.032 * Ready to accept connections
30238:signal-handler (1728411569) Received SIGTERM scheduling shutdown...
30238:M 08 Oct 2024 14:19:29.571 # User requested shutdown...
30238:M 08 Oct 2024 14:19:29.571 * Removing the pid file.
30238:M 08 Oct 2024 14:19:29.572 # Redis is now ready to exit, bye bye...
30710:C 08 Oct 2024 14:19:34.314 # oO0OoO0OoO0Oo Redis is starting oO0OoO0OoO0Oo
30710:C 08 Oct 2024 14:19:34.314 # Redis version=6.0.16, bits=64, commit=00000000, modified=0, pid=30710, just started
30710:C 08 Oct 2024 14:19:34.314 # Configuration loaded
30710:M 08 Oct 2024 14:19:34.315 * Increased maximum number of open files to 10032 (it was originally set to 1024).
30710:M 08 Oct 2024 14:19:34.317 * Running mode=standalone, port=13000.
30710:M 08 Oct 2024 14:19:34.317 # Server initialized
30710:M 08 Oct 2024 14:19:34.317 # WARNING you have Transparent Huge Pages (THP) support enabled in your kernel. This will create latency and memory usage issues with Redis. To fix this issue run the command 'echo madvise > /sys/kernel/mm/transparent_hugepage/enabled' as root, and add it to your /etc/rc.local in order to retain the setting after a reboot. Redis must be restarted after THP is disabled (set to 'madvise' or 'never').
30710:M 08 Oct 2024 14:19:34.321 * Ready to accept connections
30710:signal-handler (1728420917) Received SIGTERM scheduling shutdown...
30710:M 08 Oct 2024 16:55:17.788 # User requested shutdown...
30710:M 08 Oct 2024 16:55:17.788 * Removing the pid file.
30710:M 08 Oct 2024 16:55:17.788 # Redis is now ready to exit, bye bye...
33450:C 08 Oct 2024 16:55:37.740 # oO0OoO0OoO0Oo Redis is starting oO0OoO0OoO0Oo
33450:C 08 Oct 2024 16:55:37.740 # Redis version=6.0.16, bits=64, commit=00000000, modified=0, pid=33450, just started
33450:C 08 Oct 2024 16:55:37.740 # Configuration loaded
33450:M 08 Oct 2024 16:55:37.741 * Increased maximum number of open files to 10032 (it was originally set to 1024).
33450:M 08 Oct 2024 16:55:37.743 * Running mode=standalone, port=13000.
33450:M 08 Oct 2024 16:55:37.744 # Server initialized
33450:M 08 Oct 2024 16:55:37.744 # WARNING you have Transparent Huge Pages (THP) support enabled in your kernel. This will create latency and memory usage issues with Redis. To fix this issue run the command 'echo madvise > /sys/kernel/mm/transparent_hugepage/enabled' as root, and add it to your /etc/rc.local in order to retain the setting after a reboot. Redis must be restarted after THP is disabled (set to 'madvise' or 'never').
33450:M 08 Oct 2024 16:55:37.746 * Ready to accept connections
33450:signal-handler (1728422365) Received SIGTERM scheduling shutdown...
33450:M 08 Oct 2024 17:19:25.478 # User requested shutdown...
33450:M 08 Oct 2024 17:19:25.478 * Removing the pid file.
33450:M 08 Oct 2024 17:19:25.597 # Redis is now ready to exit, bye bye...
33679:C 08 Oct 2024 17:20:32.909 # oO0OoO0OoO0Oo Redis is starting oO0OoO0OoO0Oo
33679:C 08 Oct 2024 17:20:32.909 # Redis version=6.0.16, bits=64, commit=00000000, modified=0, pid=33679, just started
33679:C 08 Oct 2024 17:20:32.909 # Configuration loaded
33679:M 08 Oct 2024 17:20:32.910 * Increased maximum number of open files to 10032 (it was originally set to 1024).
33679:M 08 Oct 2024 17:20:32.911 * Running mode=standalone, port=13000.
33679:M 08 Oct 2024 17:20:32.911 # Server initialized
33679:M 08 Oct 2024 17:20:32.911 # WARNING you have Transparent Huge Pages (THP) support enabled in your kernel. This will create latency and memory usage issues with Redis. To fix this issue run the command 'echo madvise > /sys/kernel/mm/transparent_hugepage/enabled' as root, and add it to your /etc/rc.local in order to retain the setting after a reboot. Redis must be restarted after THP is disabled (set to 'madvise' or 'never').
33679:M 08 Oct 2024 17:20:32.913 * Ready to accept connections
33679:signal-handler (1728422580) Received SIGTERM scheduling shutdown...
33679:M 08 Oct 2024 17:23:00.544 # User requested shutdown...
33679:M 08 Oct 2024 17:23:00.544 * Removing the pid file.
33679:M 08 Oct 2024 17:23:00.599 # Redis is now ready to exit, bye bye...
3379:C 08 Oct 2024 17:26:00.402 # oO0OoO0OoO0Oo Redis is starting oO0OoO0OoO0Oo
3379:C 08 Oct 2024 17:26:00.402 # Redis version=6.0.16, bits=64, commit=00000000, modified=0, pid=3379, just started
3379:C 08 Oct 2024 17:26:00.402 # Configuration loaded
3379:M 08 Oct 2024 17:26:00.403 * Increased maximum number of open files to 10032 (it was originally set to 1024).
3379:M 08 Oct 2024 17:26:01.183 * Running mode=standalone, port=13000.
3379:M 08 Oct 2024 17:26:01.183 # Server initialized
3379:M 08 Oct 2024 17:26:01.183 # WARNING you have Transparent Huge Pages (THP) support enabled in your kernel. This will create latency and memory usage issues with Redis. To fix this issue run the command 'echo madvise > /sys/kernel/mm/transparent_hugepage/enabled' as root, and add it to your /etc/rc.local in order to retain the setting after a reboot. Redis must be restarted after THP is disabled (set to 'madvise' or 'never').
3379:M 08 Oct 2024 17:26:01.335 * Ready to accept connections
3379:signal-handler (1728425783) Received SIGTERM scheduling shutdown...
3379:M 08 Oct 2024 18:16:23.175 # User requested shutdown...
3379:M 08 Oct 2024 18:16:23.175 * Removing the pid file.
3379:M 08 Oct 2024 18:16:23.176 # Redis is now ready to exit, bye bye...
5217:C 08 Oct 2024 18:16:31.683 # oO0OoO0OoO0Oo Redis is starting oO0OoO0OoO0Oo
5217:C 08 Oct 2024 18:16:31.683 # Redis version=6.0.16, bits=64, commit=00000000, modified=0, pid=5217, just started
5217:C 08 Oct 2024 18:16:31.683 # Configuration loaded
5217:M 08 Oct 2024 18:16:31.684 * Increased maximum number of open files to 10032 (it was originally set to 1024).
5217:M 08 Oct 2024 18:16:31.685 * Running mode=standalone, port=13000.
5217:M 08 Oct 2024 18:16:31.685 # Server initialized
5217:M 08 Oct 2024 18:16:31.685 # WARNING you have Transparent Huge Pages (THP) support enabled in your kernel. This will create latency and memory usage issues with Redis. To fix this issue run the command 'echo madvise > /sys/kernel/mm/transparent_hugepage/enabled' as root, and add it to your /etc/rc.local in order to retain the setting after a reboot. Redis must be restarted after THP is disabled (set to 'madvise' or 'never').
5217:M 08 Oct 2024 18:16:31.688 * Ready to accept connections
5217:signal-handler (1728428081) Received SIGTERM scheduling shutdown...
5217:M 08 Oct 2024 18:54:41.227 # User requested shutdown...
5217:M 08 Oct 2024 18:54:41.227 * Removing the pid file.
5217:M 08 Oct 2024 18:54:41.266 # Redis is now ready to exit, bye bye...
5575:C 08 Oct 2024 18:54:42.029 # oO0OoO0OoO0Oo Redis is starting oO0OoO0OoO0Oo
5575:C 08 Oct 2024 18:54:42.029 # Redis version=6.0.16, bits=64, commit=00000000, modified=0, pid=5575, just started
5575:C 08 Oct 2024 18:54:42.029 # Configuration loaded
5575:M 08 Oct 2024 18:54:42.030 * Increased maximum number of open files to 10032 (it was originally set to 1024).
5575:M 08 Oct 2024 18:54:42.031 * Running mode=standalone, port=13000.
5575:M 08 Oct 2024 18:54:42.031 # Server initialized
5575:M 08 Oct 2024 18:54:42.031 # WARNING you have Transparent Huge Pages (THP) support enabled in your kernel. This will create latency and memory usage issues with Redis. To fix this issue run the command 'echo madvise > /sys/kernel/mm/transparent_hugepage/enabled' as root, and add it to your /etc/rc.local in order to retain the setting after a reboot. Redis must be restarted after THP is disabled (set to 'madvise' or 'never').
5575:M 08 Oct 2024 18:54:42.033 * Ready to accept connections
5575:signal-handler (1728439313) Received SIGTERM scheduling shutdown...
5575:M 08 Oct 2024 22:01:54.041 # User requested shutdown...
5575:M 08 Oct 2024 22:01:54.058 * Removing the pid file.
5575:M 08 Oct 2024 22:01:54.129 # Redis is now ready to exit, bye bye...
6582:C 08 Oct 2024 22:02:32.160 # oO0OoO0OoO0Oo Redis is starting oO0OoO0OoO0Oo
6582:C 08 Oct 2024 22:02:32.160 # Redis version=6.0.16, bits=64, commit=00000000, modified=0, pid=6582, just started
6582:C 08 Oct 2024 22:02:32.160 # Configuration loaded
6582:M 08 Oct 2024 22:02:32.161 * Increased maximum number of open files to 10032 (it was originally set to 1024).
6582:M 08 Oct 2024 22:02:32.306 * Running mode=standalone, port=13000.
6582:M 08 Oct 2024 22:02:32.307 # Server initialized
6582:M 08 Oct 2024 22:02:32.307 # WARNING you have Transparent Huge Pages (THP) support enabled in your kernel. This will create latency and memory usage issues with Redis. To fix this issue run the command 'echo madvise > /sys/kernel/mm/transparent_hugepage/enabled' as root, and add it to your /etc/rc.local in order to retain the setting after a reboot. Redis must be restarted after THP is disabled (set to 'madvise' or 'never').
6582:M 08 Oct 2024 22:02:32.360 * Ready to accept connections
6582:signal-handler (1728440487) Received SIGTERM scheduling shutdown...
6582:M 08 Oct 2024 22:21:27.577 # User requested shutdown...
6582:M 08 Oct 2024 22:21:27.577 * Removing the pid file.
6582:M 08 Oct 2024 22:21:27.651 # Redis is now ready to exit, bye bye...
6820:C 08 Oct 2024 22:21:29.427 # oO0OoO0OoO0Oo Redis is starting oO0OoO0OoO0Oo
6820:C 08 Oct 2024 22:21:29.427 # Redis version=6.0.16, bits=64, commit=00000000, modified=0, pid=6820, just started
6820:C 08 Oct 2024 22:21:29.427 # Configuration loaded
6820:M 08 Oct 2024 22:21:29.428 * Increased maximum number of open files to 10032 (it was originally set to 1024).
6820:M 08 Oct 2024 22:21:29.428 * Running mode=standalone, port=13000.
6820:M 08 Oct 2024 22:21:29.428 # Server initialized
6820:M 08 Oct 2024 22:21:29.428 # WARNING you have Transparent Huge Pages (THP) support enabled in your kernel. This will create latency and memory usage issues with Redis. To fix this issue run the command 'echo madvise > /sys/kernel/mm/transparent_hugepage/enabled' as root, and add it to your /etc/rc.local in order to retain the setting after a reboot. Redis must be restarted after THP is disabled (set to 'madvise' or 'never').
6820:M 08 Oct 2024 22:21:29.430 * Ready to accept connections
6820:signal-handler (1728442965) Received SIGTERM scheduling shutdown...
6820:M 08 Oct 2024 23:02:45.107 # User requested shutdown...
6820:M 08 Oct 2024 23:02:45.107 * Removing the pid file.
6820:M 08 Oct 2024 23:02:45.115 # Redis is now ready to exit, bye bye...
464235:C 08 Oct 2024 23:03:04.906 # oO0OoO0OoO0Oo Redis is starting oO0OoO0OoO0Oo
464235:C 08 Oct 2024 23:03:04.906 # Redis version=6.0.16, bits=64, commit=00000000, modified=0, pid=464235, just started
464235:C 08 Oct 2024 23:03:04.906 # Configuration loaded
464235:M 08 Oct 2024 23:03:04.907 * Increased maximum number of open files to 10032 (it was originally set to 1024).
464235:M 08 Oct 2024 23:03:05.319 * Running mode=standalone, port=13000.
464235:M 08 Oct 2024 23:03:05.320 # Server initialized
464235:M 08 Oct 2024 23:03:05.320 # WARNING you have Transparent Huge Pages (THP) support enabled in your kernel. This will create latency and memory usage issues with Redis. To fix this issue run the command 'echo madvise > /sys/kernel/mm/transparent_hugepage/enabled' as root, and add it to your /etc/rc.local in order to retain the setting after a reboot. Redis must be restarted after THP is disabled (set to 'madvise' or 'never').
464235:M 08 Oct 2024 23:03:05.361 * Ready to accept connections
1117:C 09 Oct 2024 09:13:05.451 # oO0OoO0OoO0Oo Redis is starting oO0OoO0OoO0Oo
1117:C 09 Oct 2024 09:13:05.451 # Redis version=6.0.16, bits=64, commit=00000000, modified=0, pid=1117, just started
1117:C 09 Oct 2024 09:13:05.451 # Configuration loaded
1117:M 09 Oct 2024 09:13:05.452 * Increased maximum number of open files to 10032 (it was originally set to 1024).
1117:M 09 Oct 2024 09:13:05.664 * Running mode=standalone, port=13000.
1117:M 09 Oct 2024 09:13:05.664 # Server initialized
1117:M 09 Oct 2024 09:13:05.664 # WARNING you have Transparent Huge Pages (THP) support enabled in your kernel. This will create latency and memory usage issues with Redis. To fix this issue run the command 'echo madvise > /sys/kernel/mm/transparent_hugepage/enabled' as root, and add it to your /etc/rc.local in order to retain the setting after a reboot. Redis must be restarted after THP is disabled (set to 'madvise' or 'never').
1117:M 09 Oct 2024 09:13:05.669 * Ready to accept connections
1117:signal-handler (1728479749) Received SIGTERM scheduling shutdown...
1117:M 09 Oct 2024 09:15:49.813 # User requested shutdown...
1117:M 09 Oct 2024 09:15:49.813 * Removing the pid file.
1117:M 09 Oct 2024 09:15:49.813 # Redis is now ready to exit, bye bye...
3761:C 09 Oct 2024 09:15:50.869 # oO0OoO0OoO0Oo Redis is starting oO0OoO0OoO0Oo
3761:C 09 Oct 2024 09:15:50.869 # Redis version=6.0.16, bits=64, commit=00000000, modified=0, pid=3761, just started
3761:C 09 Oct 2024 09:15:50.869 # Configuration loaded
3761:M 09 Oct 2024 09:15:50.869 * Increased maximum number of open files to 10032 (it was originally set to 1024).
3761:M 09 Oct 2024 09:15:50.870 * Running mode=standalone, port=13000.
3761:M 09 Oct 2024 09:15:50.870 # Server initialized
3761:M 09 Oct 2024 09:15:50.870 # WARNING you have Transparent Huge Pages (THP) support enabled in your kernel. This will create latency and memory usage issues with Redis. To fix this issue run the command 'echo madvise > /sys/kernel/mm/transparent_hugepage/enabled' as root, and add it to your /etc/rc.local in order to retain the setting after a reboot. Redis must be restarted after THP is disabled (set to 'madvise' or 'never').
3761:M 09 Oct 2024 09:15:50.872 * Ready to accept connections
3761:signal-handler (1728479780) Received SIGTERM scheduling shutdown...
3761:M 09 Oct 2024 09:16:20.681 # User requested shutdown...
3761:M 09 Oct 2024 09:16:20.681 * Removing the pid file.
3761:M 09 Oct 2024 09:16:20.681 # Redis is now ready to exit, bye bye...
3792:C 09 Oct 2024 09:16:21.716 # oO0OoO0OoO0Oo Redis is starting oO0OoO0OoO0Oo
3792:C 09 Oct 2024 09:16:21.716 # Redis version=6.0.16, bits=64, commit=00000000, modified=0, pid=3792, just started
3792:C 09 Oct 2024 09:16:21.716 # Configuration loaded
3792:M 09 Oct 2024 09:16:21.717 * Increased maximum number of open files to 10032 (it was originally set to 1024).
3792:M 09 Oct 2024 09:16:21.717 * Running mode=standalone, port=13000.
3792:M 09 Oct 2024 09:16:21.717 # Server initialized
3792:M 09 Oct 2024 09:16:21.718 # WARNING you have Transparent Huge Pages (THP) support enabled in your kernel. This will create latency and memory usage issues with Redis. To fix this issue run the command 'echo madvise > /sys/kernel/mm/transparent_hugepage/enabled' as root, and add it to your /etc/rc.local in order to retain the setting after a reboot. Redis must be restarted after THP is disabled (set to 'madvise' or 'never').
3792:M 09 Oct 2024 09:16:21.720 * Ready to accept connections
3792:signal-handler (1728481866) Received SIGTERM scheduling shutdown...
3792:M 09 Oct 2024 09:51:06.234 # User requested shutdown...
3792:M 09 Oct 2024 09:51:06.234 * Removing the pid file.
3792:M 09 Oct 2024 09:51:06.260 # Redis is now ready to exit, bye bye...
58201:C 09 Oct 2024 09:51:07.597 # oO0OoO0OoO0Oo Redis is starting oO0OoO0OoO0Oo
58201:C 09 Oct 2024 09:51:07.597 # Redis version=6.0.16, bits=64, commit=00000000, modified=0, pid=58201, just started
58201:C 09 Oct 2024 09:51:07.597 # Configuration loaded
58201:M 09 Oct 2024 09:51:07.597 * Increased maximum number of open files to 10032 (it was originally set to 1024).
58201:M 09 Oct 2024 09:51:07.598 * Running mode=standalone, port=13000.
58201:M 09 Oct 2024 09:51:07.598 # Server initialized
58201:M 09 Oct 2024 09:51:07.598 # WARNING you have Transparent Huge Pages (THP) support enabled in your kernel. This will create latency and memory usage issues with Redis. To fix this issue run the command 'echo madvise > /sys/kernel/mm/transparent_hugepage/enabled' as root, and add it to your /etc/rc.local in order to retain the setting after a reboot. Redis must be restarted after THP is disabled (set to 'madvise' or 'never').
58201:M 09 Oct 2024 09:51:07.600 * Ready to accept connections
58201:signal-handler (1728484975) Received SIGTERM scheduling shutdown...
58201:M 09 Oct 2024 10:42:55.166 # User requested shutdown...
58201:M 09 Oct 2024 10:42:55.166 * Removing the pid file.
58201:M 09 Oct 2024 10:42:55.286 # Redis is now ready to exit, bye bye...
58663:C 09 Oct 2024 10:42:57.003 # oO0OoO0OoO0Oo Redis is starting oO0OoO0OoO0Oo
58663:C 09 Oct 2024 10:42:57.003 # Redis version=6.0.16, bits=64, commit=00000000, modified=0, pid=58663, just started
58663:C 09 Oct 2024 10:42:57.003 # Configuration loaded
58663:M 09 Oct 2024 10:42:57.004 * Increased maximum number of open files to 10032 (it was originally set to 1024).
58663:M 09 Oct 2024 10:42:57.005 * Running mode=standalone, port=13000.
58663:M 09 Oct 2024 10:42:57.005 # Server initialized
58663:M 09 Oct 2024 10:42:57.005 # WARNING you have Transparent Huge Pages (THP) support enabled in your kernel. This will create latency and memory usage issues with Redis. To fix this issue run the command 'echo madvise > /sys/kernel/mm/transparent_hugepage/enabled' as root, and add it to your /etc/rc.local in order to retain the setting after a reboot. Redis must be restarted after THP is disabled (set to 'madvise' or 'never').
58663:M 09 Oct 2024 10:42:57.007 * Ready to accept connections
58663:signal-handler (1728486403) Received SIGTERM scheduling shutdown...
58663:M 09 Oct 2024 11:06:43.490 # User requested shutdown...
58663:M 09 Oct 2024 11:06:43.490 * Removing the pid file.
58663:M 09 Oct 2024 11:06:43.752 # Redis is now ready to exit, bye bye...
59457:C 09 Oct 2024 11:07:09.398 # oO0OoO0OoO0Oo Redis is starting oO0OoO0OoO0Oo
59457:C 09 Oct 2024 11:07:09.398 # Redis version=6.0.16, bits=64, commit=00000000, modified=0, pid=59457, just started
59457:C 09 Oct 2024 11:07:09.398 # Configuration loaded
59457:M 09 Oct 2024 11:07:09.398 * Increased maximum number of open files to 10032 (it was originally set to 1024).
59457:M 09 Oct 2024 11:07:09.540 * Running mode=standalone, port=13000.
59457:M 09 Oct 2024 11:07:09.540 # Server initialized
59457:M 09 Oct 2024 11:07:09.540 # WARNING you have Transparent Huge Pages (THP) support enabled in your kernel. This will create latency and memory usage issues with Redis. To fix this issue run the command 'echo madvise > /sys/kernel/mm/transparent_hugepage/enabled' as root, and add it to your /etc/rc.local in order to retain the setting after a reboot. Redis must be restarted after THP is disabled (set to 'madvise' or 'never').
59457:M 09 Oct 2024 11:07:09.544 * Ready to accept connections
59457:signal-handler (1728486672) Received SIGTERM scheduling shutdown...
59457:M 09 Oct 2024 11:11:13.028 # User requested shutdown...
59457:M 09 Oct 2024 11:11:13.028 * Removing the pid file.
59457:M 09 Oct 2024 11:11:13.028 # Redis is now ready to exit, bye bye...
59618:C 09 Oct 2024 11:11:14.480 # oO0OoO0OoO0Oo Redis is starting oO0OoO0OoO0Oo
59618:C 09 Oct 2024 11:11:14.480 # Redis version=6.0.16, bits=64, commit=00000000, modified=0, pid=59618, just started
59618:C 09 Oct 2024 11:11:14.480 # Configuration loaded
59618:M 09 Oct 2024 11:11:14.481 * Increased maximum number of open files to 10032 (it was originally set to 1024).
59618:M 09 Oct 2024 11:11:14.482 * Running mode=standalone, port=13000.
59618:M 09 Oct 2024 11:11:14.482 # Server initialized
59618:M 09 Oct 2024 11:11:14.482 # WARNING you have Transparent Huge Pages (THP) support enabled in your kernel. This will create latency and memory usage issues with Redis. To fix this issue run the command 'echo madvise > /sys/kernel/mm/transparent_hugepage/enabled' as root, and add it to your /etc/rc.local in order to retain the setting after a reboot. Redis must be restarted after THP is disabled (set to 'madvise' or 'never').
59618:M 09 Oct 2024 11:11:14.484 * Ready to accept connections
59618:signal-handler (1728487150) Received SIGTERM scheduling shutdown...
59618:M 09 Oct 2024 11:19:10.104 # User requested shutdown...
59618:M 09 Oct 2024 11:19:10.104 * Removing the pid file.
59618:M 09 Oct 2024 11:19:10.104 # Redis is now ready to exit, bye bye...
59826:C 09 Oct 2024 11:19:10.611 # oO0OoO0OoO0Oo Redis is starting oO0OoO0OoO0Oo
59826:C 09 Oct 2024 11:19:10.611 # Redis version=6.0.16, bits=64, commit=00000000, modified=0, pid=59826, just started
59826:C 09 Oct 2024 11:19:10.611 # Configuration loaded
59826:M 09 Oct 2024 11:19:10.612 * Increased maximum number of open files to 10032 (it was originally set to 1024).
59826:M 09 Oct 2024 11:19:10.614 * Running mode=standalone, port=13000.
59826:M 09 Oct 2024 11:19:10.614 # Server initialized
59826:M 09 Oct 2024 11:19:10.614 # WARNING you have Transparent Huge Pages (THP) support enabled in your kernel. This will create latency and memory usage issues with Redis. To fix this issue run the command 'echo madvise > /sys/kernel/mm/transparent_hugepage/enabled' as root, and add it to your /etc/rc.local in order to retain the setting after a reboot. Redis must be restarted after THP is disabled (set to 'madvise' or 'never').
59826:M 09 Oct 2024 11:19:10.616 * Ready to accept connections
