5903:C 30 Sep 2024 12:36:45.360 # oO0OoO0OoO0Oo Redis is starting oO0OoO0OoO0Oo
5903:C 30 Sep 2024 12:36:45.360 # Redis version=6.0.16, bits=64, commit=00000000, modified=0, pid=5903, just started
5903:C 30 Sep 2024 12:36:45.360 # Configuration loaded
5903:M 30 Sep 2024 12:36:45.360 * Increased maximum number of open files to 10032 (it was originally set to 1024).
5903:M 30 Sep 2024 12:36:45.489 * Running mode=standalone, port=11000.
5903:M 30 Sep 2024 12:36:45.489 # Server initialized
5903:M 30 Sep 2024 12:36:45.489 # WARNING you have Transparent Huge Pages (THP) support enabled in your kernel. This will create latency and memory usage issues with Redis. To fix this issue run the command 'echo madvise > /sys/kernel/mm/transparent_hugepage/enabled' as root, and add it to your /etc/rc.local in order to retain the setting after a reboot. Redis must be restarted after THP is disabled (set to 'madvise' or 'never').
5903:M 30 Sep 2024 12:36:45.494 * Ready to accept connections
5903:signal-handler (1727714569) Received SIGTERM scheduling shutdown...
5903:M 30 Sep 2024 12:42:49.053 # User requested shutdown...
5903:M 30 Sep 2024 12:42:49.053 * Removing the pid file.
5903:M 30 Sep 2024 12:42:49.082 # Redis is now ready to exit, bye bye...
17709:C 30 Sep 2024 12:43:15.347 # oO0OoO0OoO0Oo Redis is starting oO0OoO0OoO0Oo
17709:C 30 Sep 2024 12:43:15.348 # Redis version=6.0.16, bits=64, commit=00000000, modified=0, pid=17709, just started
17709:C 30 Sep 2024 12:43:15.348 # Configuration loaded
17709:M 30 Sep 2024 12:43:15.349 * Increased maximum number of open files to 10032 (it was originally set to 1024).
17709:M 30 Sep 2024 12:43:15.351 * Running mode=standalone, port=11000.
17709:M 30 Sep 2024 12:43:15.352 # Server initialized
17709:M 30 Sep 2024 12:43:15.352 # WARNING you have Transparent Huge Pages (THP) support enabled in your kernel. This will create latency and memory usage issues with Redis. To fix this issue run the command 'echo madvise > /sys/kernel/mm/transparent_hugepage/enabled' as root, and add it to your /etc/rc.local in order to retain the setting after a reboot. Redis must be restarted after THP is disabled (set to 'madvise' or 'never').
17709:M 30 Sep 2024 12:43:15.354 * Ready to accept connections
17709:signal-handler (1727714937) Received SIGTERM scheduling shutdown...
17709:M 30 Sep 2024 12:48:57.064 # User requested shutdown...
17709:M 30 Sep 2024 12:48:57.064 * Removing the pid file.
17709:M 30 Sep 2024 12:48:57.065 # Redis is now ready to exit, bye bye...
18452:C 30 Sep 2024 12:48:57.344 # oO0OoO0OoO0Oo Redis is starting oO0OoO0OoO0Oo
18452:C 30 Sep 2024 12:48:57.344 # Redis version=6.0.16, bits=64, commit=00000000, modified=0, pid=18452, just started
18452:C 30 Sep 2024 12:48:57.344 # Configuration loaded
18452:M 30 Sep 2024 12:48:57.345 * Increased maximum number of open files to 10032 (it was originally set to 1024).
18452:M 30 Sep 2024 12:48:57.346 * Running mode=standalone, port=11000.
18452:M 30 Sep 2024 12:48:57.346 # Server initialized
18452:M 30 Sep 2024 12:48:57.346 # WARNING you have Transparent Huge Pages (THP) support enabled in your kernel. This will create latency and memory usage issues with Redis. To fix this issue run the command 'echo madvise > /sys/kernel/mm/transparent_hugepage/enabled' as root, and add it to your /etc/rc.local in order to retain the setting after a reboot. Redis must be restarted after THP is disabled (set to 'madvise' or 'never').
18452:M 30 Sep 2024 12:48:57.349 * Ready to accept connections
18452:signal-handler (1727715382) Received SIGTERM scheduling shutdown...
18452:M 30 Sep 2024 12:56:22.163 # User requested shutdown...
18452:M 30 Sep 2024 12:56:22.163 * Removing the pid file.
18452:M 30 Sep 2024 12:56:22.163 # Redis is now ready to exit, bye bye...
18828:C 30 Sep 2024 12:56:23.579 # oO0OoO0OoO0Oo Redis is starting oO0OoO0OoO0Oo
18828:C 30 Sep 2024 12:56:23.579 # Redis version=6.0.16, bits=64, commit=00000000, modified=0, pid=18828, just started
18828:C 30 Sep 2024 12:56:23.579 # Configuration loaded
18828:M 30 Sep 2024 12:56:23.581 * Increased maximum number of open files to 10032 (it was originally set to 1024).
18828:M 30 Sep 2024 12:56:23.582 * Running mode=standalone, port=11000.
18828:M 30 Sep 2024 12:56:23.583 # Server initialized
18828:M 30 Sep 2024 12:56:23.583 # WARNING you have Transparent Huge Pages (THP) support enabled in your kernel. This will create latency and memory usage issues with Redis. To fix this issue run the command 'echo madvise > /sys/kernel/mm/transparent_hugepage/enabled' as root, and add it to your /etc/rc.local in order to retain the setting after a reboot. Redis must be restarted after THP is disabled (set to 'madvise' or 'never').
18828:M 30 Sep 2024 12:56:23.585 * Ready to accept connections
18828:signal-handler (1727721423) Received SIGTERM scheduling shutdown...
18828:M 30 Sep 2024 14:37:03.192 # User requested shutdown...
18828:M 30 Sep 2024 14:37:03.192 * Removing the pid file.
18828:M 30 Sep 2024 14:37:03.265 # Redis is now ready to exit, bye bye...
19718:C 30 Sep 2024 14:37:26.596 # oO0OoO0OoO0Oo Redis is starting oO0OoO0OoO0Oo
19718:C 30 Sep 2024 14:37:26.597 # Redis version=6.0.16, bits=64, commit=00000000, modified=0, pid=19718, just started
19718:C 30 Sep 2024 14:37:26.597 # Configuration loaded
19718:M 30 Sep 2024 14:37:26.597 * Increased maximum number of open files to 10032 (it was originally set to 1024).
19718:M 30 Sep 2024 14:37:26.737 * Running mode=standalone, port=11000.
19718:M 30 Sep 2024 14:37:26.789 # Server initialized
19718:M 30 Sep 2024 14:37:26.789 # WARNING you have Transparent Huge Pages (THP) support enabled in your kernel. This will create latency and memory usage issues with Redis. To fix this issue run the command 'echo madvise > /sys/kernel/mm/transparent_hugepage/enabled' as root, and add it to your /etc/rc.local in order to retain the setting after a reboot. Redis must be restarted after THP is disabled (set to 'madvise' or 'never').
19718:M 30 Sep 2024 14:37:26.791 * Ready to accept connections
19718:signal-handler (1727726954) Received SIGTERM scheduling shutdown...
19718:M 30 Sep 2024 16:09:14.959 # User requested shutdown...
19718:M 30 Sep 2024 16:09:14.959 * Removing the pid file.
19718:M 30 Sep 2024 16:09:14.960 # Redis is now ready to exit, bye bye...
21727:C 30 Sep 2024 16:09:15.068 # oO0OoO0OoO0Oo Redis is starting oO0OoO0OoO0Oo
21727:C 30 Sep 2024 16:09:15.068 # Redis version=6.0.16, bits=64, commit=00000000, modified=0, pid=21727, just started
21727:C 30 Sep 2024 16:09:15.068 # Configuration loaded
21727:M 30 Sep 2024 16:09:15.068 * Increased maximum number of open files to 10032 (it was originally set to 1024).
21727:M 30 Sep 2024 16:09:15.070 * Running mode=standalone, port=11000.
21727:M 30 Sep 2024 16:09:15.070 # Server initialized
21727:M 30 Sep 2024 16:09:15.070 # WARNING you have Transparent Huge Pages (THP) support enabled in your kernel. This will create latency and memory usage issues with Redis. To fix this issue run the command 'echo madvise > /sys/kernel/mm/transparent_hugepage/enabled' as root, and add it to your /etc/rc.local in order to retain the setting after a reboot. Redis must be restarted after THP is disabled (set to 'madvise' or 'never').
21727:M 30 Sep 2024 16:09:15.072 * Ready to accept connections
21727:signal-handler (1727798981) Received SIGTERM scheduling shutdown...
21727:M 01 Oct 2024 12:09:41.124 # User requested shutdown...
21727:M 01 Oct 2024 12:09:41.124 * Removing the pid file.
21727:M 01 Oct 2024 12:09:41.142 # Redis is now ready to exit, bye bye...
27169:C 01 Oct 2024 12:09:57.990 # oO0OoO0OoO0Oo Redis is starting oO0OoO0OoO0Oo
27169:C 01 Oct 2024 12:09:57.990 # Redis version=6.0.16, bits=64, commit=00000000, modified=0, pid=27169, just started
27169:C 01 Oct 2024 12:09:57.990 # Configuration loaded
27169:M 01 Oct 2024 12:09:57.991 * Increased maximum number of open files to 10032 (it was originally set to 1024).
27169:M 01 Oct 2024 12:09:58.118 * Running mode=standalone, port=11000.
27169:M 01 Oct 2024 12:09:58.118 # Server initialized
27169:M 01 Oct 2024 12:09:58.118 # WARNING you have Transparent Huge Pages (THP) support enabled in your kernel. This will create latency and memory usage issues with Redis. To fix this issue run the command 'echo madvise > /sys/kernel/mm/transparent_hugepage/enabled' as root, and add it to your /etc/rc.local in order to retain the setting after a reboot. Redis must be restarted after THP is disabled (set to 'madvise' or 'never').
27169:M 01 Oct 2024 12:09:58.157 * Ready to accept connections
27169:signal-handler (1727799235) Received SIGTERM scheduling shutdown...
27169:M 01 Oct 2024 12:13:55.534 # User requested shutdown...
27169:M 01 Oct 2024 12:13:55.592 * Removing the pid file.
27169:M 01 Oct 2024 12:13:55.684 # Redis is now ready to exit, bye bye...
27473:C 01 Oct 2024 12:13:56.637 # oO0OoO0OoO0Oo Redis is starting oO0OoO0OoO0Oo
27473:C 01 Oct 2024 12:13:56.637 # Redis version=6.0.16, bits=64, commit=00000000, modified=0, pid=27473, just started
27473:C 01 Oct 2024 12:13:56.637 # Configuration loaded
27473:M 01 Oct 2024 12:13:56.638 * Increased maximum number of open files to 10032 (it was originally set to 1024).
27473:M 01 Oct 2024 12:13:56.783 * Running mode=standalone, port=11000.
27473:M 01 Oct 2024 12:13:56.784 # Server initialized
27473:M 01 Oct 2024 12:13:56.784 # WARNING you have Transparent Huge Pages (THP) support enabled in your kernel. This will create latency and memory usage issues with Redis. To fix this issue run the command 'echo madvise > /sys/kernel/mm/transparent_hugepage/enabled' as root, and add it to your /etc/rc.local in order to retain the setting after a reboot. Redis must be restarted after THP is disabled (set to 'madvise' or 'never').
27473:M 01 Oct 2024 12:13:56.823 * Ready to accept connections
27473:signal-handler (1727801485) Received SIGTERM scheduling shutdown...
27473:M 01 Oct 2024 12:51:25.572 # User requested shutdown...
27473:M 01 Oct 2024 12:51:25.572 * Removing the pid file.
27473:M 01 Oct 2024 12:51:25.573 # Redis is now ready to exit, bye bye...
27872:C 01 Oct 2024 12:51:27.199 # oO0OoO0OoO0Oo Redis is starting oO0OoO0OoO0Oo
27872:C 01 Oct 2024 12:51:27.199 # Redis version=6.0.16, bits=64, commit=00000000, modified=0, pid=27872, just started
27872:C 01 Oct 2024 12:51:27.199 # Configuration loaded
27872:M 01 Oct 2024 12:51:27.200 * Increased maximum number of open files to 10032 (it was originally set to 1024).
27872:M 01 Oct 2024 12:51:27.201 * Running mode=standalone, port=11000.
27872:M 01 Oct 2024 12:51:27.201 # Server initialized
27872:M 01 Oct 2024 12:51:27.201 # WARNING you have Transparent Huge Pages (THP) support enabled in your kernel. This will create latency and memory usage issues with Redis. To fix this issue run the command 'echo madvise > /sys/kernel/mm/transparent_hugepage/enabled' as root, and add it to your /etc/rc.local in order to retain the setting after a reboot. Redis must be restarted after THP is disabled (set to 'madvise' or 'never').
27872:M 01 Oct 2024 12:51:27.204 * Ready to accept connections
27872:signal-handler (1727801500) Received SIGTERM scheduling shutdown...
27872:M 01 Oct 2024 12:51:40.210 # User requested shutdown...
27872:M 01 Oct 2024 12:51:40.210 * Removing the pid file.
27872:M 01 Oct 2024 12:51:40.210 # Redis is now ready to exit, bye bye...
27910:C 01 Oct 2024 12:51:41.406 # oO0OoO0OoO0Oo Redis is starting oO0OoO0OoO0Oo
27910:C 01 Oct 2024 12:51:41.406 # Redis version=6.0.16, bits=64, commit=00000000, modified=0, pid=27910, just started
27910:C 01 Oct 2024 12:51:41.406 # Configuration loaded
27910:M 01 Oct 2024 12:51:41.407 * Increased maximum number of open files to 10032 (it was originally set to 1024).
27910:M 01 Oct 2024 12:51:41.409 * Running mode=standalone, port=11000.
27910:M 01 Oct 2024 12:51:41.409 # Server initialized
27910:M 01 Oct 2024 12:51:41.409 # WARNING you have Transparent Huge Pages (THP) support enabled in your kernel. This will create latency and memory usage issues with Redis. To fix this issue run the command 'echo madvise > /sys/kernel/mm/transparent_hugepage/enabled' as root, and add it to your /etc/rc.local in order to retain the setting after a reboot. Redis must be restarted after THP is disabled (set to 'madvise' or 'never').
27910:M 01 Oct 2024 12:51:41.417 * Ready to accept connections
27910:signal-handler (1727802125) Received SIGTERM scheduling shutdown...
27910:M 01 Oct 2024 13:02:05.403 # User requested shutdown...
27910:M 01 Oct 2024 13:02:05.403 * Removing the pid file.
27910:M 01 Oct 2024 13:02:05.410 # Redis is now ready to exit, bye bye...
28327:C 01 Oct 2024 13:02:32.984 # oO0OoO0OoO0Oo Redis is starting oO0OoO0OoO0Oo
28327:C 01 Oct 2024 13:02:32.984 # Redis version=6.0.16, bits=64, commit=00000000, modified=0, pid=28327, just started
28327:C 01 Oct 2024 13:02:32.984 # Configuration loaded
28327:M 01 Oct 2024 13:02:32.985 * Increased maximum number of open files to 10032 (it was originally set to 1024).
28327:M 01 Oct 2024 13:02:33.120 * Running mode=standalone, port=11000.
28327:M 01 Oct 2024 13:02:33.121 # Server initialized
28327:M 01 Oct 2024 13:02:33.121 # WARNING you have Transparent Huge Pages (THP) support enabled in your kernel. This will create latency and memory usage issues with Redis. To fix this issue run the command 'echo madvise > /sys/kernel/mm/transparent_hugepage/enabled' as root, and add it to your /etc/rc.local in order to retain the setting after a reboot. Redis must be restarted after THP is disabled (set to 'madvise' or 'never').
28327:M 01 Oct 2024 13:02:33.123 * Ready to accept connections
28327:signal-handler (1727802822) Received SIGTERM scheduling shutdown...
28327:M 01 Oct 2024 13:13:42.970 # User requested shutdown...
28327:M 01 Oct 2024 13:13:42.971 * Removing the pid file.
28327:M 01 Oct 2024 13:13:43.123 # Redis is now ready to exit, bye bye...
28682:C 01 Oct 2024 13:14:26.704 # oO0OoO0OoO0Oo Redis is starting oO0OoO0OoO0Oo
28682:C 01 Oct 2024 13:14:26.704 # Redis version=6.0.16, bits=64, commit=00000000, modified=0, pid=28682, just started
28682:C 01 Oct 2024 13:14:26.704 # Configuration loaded
28682:M 01 Oct 2024 13:14:26.705 * Increased maximum number of open files to 10032 (it was originally set to 1024).
28682:M 01 Oct 2024 13:14:27.002 * Running mode=standalone, port=11000.
28682:M 01 Oct 2024 13:14:27.002 # Server initialized
28682:M 01 Oct 2024 13:14:27.002 # WARNING you have Transparent Huge Pages (THP) support enabled in your kernel. This will create latency and memory usage issues with Redis. To fix this issue run the command 'echo madvise > /sys/kernel/mm/transparent_hugepage/enabled' as root, and add it to your /etc/rc.local in order to retain the setting after a reboot. Redis must be restarted after THP is disabled (set to 'madvise' or 'never').
28682:M 01 Oct 2024 13:14:27.023 * Ready to accept connections
28682:signal-handler (1727803896) Received SIGTERM scheduling shutdown...
28682:M 01 Oct 2024 13:31:36.808 # User requested shutdown...
28682:M 01 Oct 2024 13:31:36.808 * Removing the pid file.
28682:M 01 Oct 2024 13:31:36.932 # Redis is now ready to exit, bye bye...
28834:C 01 Oct 2024 13:31:37.901 # oO0OoO0OoO0Oo Redis is starting oO0OoO0OoO0Oo
28834:C 01 Oct 2024 13:31:37.901 # Redis version=6.0.16, bits=64, commit=00000000, modified=0, pid=28834, just started
28834:C 01 Oct 2024 13:31:37.901 # Configuration loaded
28834:M 01 Oct 2024 13:31:37.902 * Increased maximum number of open files to 10032 (it was originally set to 1024).
28834:M 01 Oct 2024 13:31:37.904 * Running mode=standalone, port=11000.
28834:M 01 Oct 2024 13:31:37.904 # Server initialized
28834:M 01 Oct 2024 13:31:37.904 # WARNING you have Transparent Huge Pages (THP) support enabled in your kernel. This will create latency and memory usage issues with Redis. To fix this issue run the command 'echo madvise > /sys/kernel/mm/transparent_hugepage/enabled' as root, and add it to your /etc/rc.local in order to retain the setting after a reboot. Redis must be restarted after THP is disabled (set to 'madvise' or 'never').
28834:M 01 Oct 2024 13:31:37.907 * Ready to accept connections
28834:signal-handler (1727822704) Received SIGTERM scheduling shutdown...
28834:M 01 Oct 2024 18:45:04.115 # User requested shutdown...
28834:M 01 Oct 2024 18:45:04.210 * Removing the pid file.
28834:M 01 Oct 2024 18:45:04.309 # Redis is now ready to exit, bye bye...
29878:C 01 Oct 2024 18:45:07.373 # oO0OoO0OoO0Oo Redis is starting oO0OoO0OoO0Oo
29878:C 01 Oct 2024 18:45:07.373 # Redis version=6.0.16, bits=64, commit=00000000, modified=0, pid=29878, just started
29878:C 01 Oct 2024 18:45:07.373 # Configuration loaded
29878:M 01 Oct 2024 18:45:07.373 * Increased maximum number of open files to 10032 (it was originally set to 1024).
29878:M 01 Oct 2024 18:45:07.396 * Running mode=standalone, port=11000.
29878:M 01 Oct 2024 18:45:07.396 # Server initialized
29878:M 01 Oct 2024 18:45:07.396 # WARNING you have Transparent Huge Pages (THP) support enabled in your kernel. This will create latency and memory usage issues with Redis. To fix this issue run the command 'echo madvise > /sys/kernel/mm/transparent_hugepage/enabled' as root, and add it to your /etc/rc.local in order to retain the setting after a reboot. Redis must be restarted after THP is disabled (set to 'madvise' or 'never').
29878:M 01 Oct 2024 18:45:07.406 * Ready to accept connections
29878:signal-handler (1727823068) Received SIGTERM scheduling shutdown...
29878:M 01 Oct 2024 18:51:08.812 # User requested shutdown...
29878:M 01 Oct 2024 18:51:08.812 * Removing the pid file.
29878:M 01 Oct 2024 18:51:08.911 # Redis is now ready to exit, bye bye...
29987:C 01 Oct 2024 18:51:09.811 # oO0OoO0OoO0Oo Redis is starting oO0OoO0OoO0Oo
29987:C 01 Oct 2024 18:51:09.811 # Redis version=6.0.16, bits=64, commit=00000000, modified=0, pid=29987, just started
29987:C 01 Oct 2024 18:51:09.811 # Configuration loaded
29987:M 01 Oct 2024 18:51:09.812 * Increased maximum number of open files to 10032 (it was originally set to 1024).
29987:M 01 Oct 2024 18:51:09.814 * Running mode=standalone, port=11000.
29987:M 01 Oct 2024 18:51:09.814 # Server initialized
29987:M 01 Oct 2024 18:51:09.814 # WARNING you have Transparent Huge Pages (THP) support enabled in your kernel. This will create latency and memory usage issues with Redis. To fix this issue run the command 'echo madvise > /sys/kernel/mm/transparent_hugepage/enabled' as root, and add it to your /etc/rc.local in order to retain the setting after a reboot. Redis must be restarted after THP is disabled (set to 'madvise' or 'never').
29987:M 01 Oct 2024 18:51:09.818 * Ready to accept connections
1321:C 02 Oct 2024 08:47:00.995 # oO0OoO0OoO0Oo Redis is starting oO0OoO0OoO0Oo
1321:C 02 Oct 2024 08:47:00.995 # Redis version=6.0.16, bits=64, commit=00000000, modified=0, pid=1321, just started
1321:C 02 Oct 2024 08:47:00.995 # Configuration loaded
1321:M 02 Oct 2024 08:47:00.995 * Increased maximum number of open files to 10032 (it was originally set to 1024).
1321:M 02 Oct 2024 08:47:01.431 * Running mode=standalone, port=11000.
1321:M 02 Oct 2024 08:47:01.431 # Server initialized
1321:M 02 Oct 2024 08:47:01.432 # WARNING you have Transparent Huge Pages (THP) support enabled in your kernel. This will create latency and memory usage issues with Redis. To fix this issue run the command 'echo madvise > /sys/kernel/mm/transparent_hugepage/enabled' as root, and add it to your /etc/rc.local in order to retain the setting after a reboot. Redis must be restarted after THP is disabled (set to 'madvise' or 'never').
1321:M 02 Oct 2024 08:47:01.590 * Ready to accept connections
1321:signal-handler (1727966897) Received SIGTERM scheduling shutdown...
1321:M 03 Oct 2024 10:48:17.117 # User requested shutdown...
1321:M 03 Oct 2024 10:48:17.246 * Removing the pid file.
1321:M 03 Oct 2024 10:48:17.374 # Redis is now ready to exit, bye bye...
311601:C 03 Oct 2024 10:48:18.767 # oO0OoO0OoO0Oo Redis is starting oO0OoO0OoO0Oo
311601:C 03 Oct 2024 10:48:18.767 # Redis version=6.0.16, bits=64, commit=00000000, modified=0, pid=311601, just started
311601:C 03 Oct 2024 10:48:18.767 # Configuration loaded
311601:M 03 Oct 2024 10:48:18.768 * Increased maximum number of open files to 10032 (it was originally set to 1024).
311601:M 03 Oct 2024 10:48:19.097 * Running mode=standalone, port=11000.
311601:M 03 Oct 2024 10:48:19.097 # Server initialized
311601:M 03 Oct 2024 10:48:19.097 # WARNING you have Transparent Huge Pages (THP) support enabled in your kernel. This will create latency and memory usage issues with Redis. To fix this issue run the command 'echo madvise > /sys/kernel/mm/transparent_hugepage/enabled' as root, and add it to your /etc/rc.local in order to retain the setting after a reboot. Redis must be restarted after THP is disabled (set to 'madvise' or 'never').
311601:M 03 Oct 2024 10:48:19.133 * Ready to accept connections
311601:signal-handler (1727968292) Received SIGTERM scheduling shutdown...
311601:M 03 Oct 2024 11:11:33.064 # User requested shutdown...
311601:M 03 Oct 2024 11:11:33.064 * Removing the pid file.
311601:M 03 Oct 2024 11:11:33.077 # Redis is now ready to exit, bye bye...
311784:C 03 Oct 2024 11:11:35.291 # oO0OoO0OoO0Oo Redis is starting oO0OoO0OoO0Oo
311784:C 03 Oct 2024 11:11:35.291 # Redis version=6.0.16, bits=64, commit=00000000, modified=0, pid=311784, just started
311784:C 03 Oct 2024 11:11:35.291 # Configuration loaded
311784:M 03 Oct 2024 11:11:35.292 * Increased maximum number of open files to 10032 (it was originally set to 1024).
311784:M 03 Oct 2024 11:11:35.293 * Running mode=standalone, port=11000.
311784:M 03 Oct 2024 11:11:35.293 # Server initialized
311784:M 03 Oct 2024 11:11:35.293 # WARNING you have Transparent Huge Pages (THP) support enabled in your kernel. This will create latency and memory usage issues with Redis. To fix this issue run the command 'echo madvise > /sys/kernel/mm/transparent_hugepage/enabled' as root, and add it to your /etc/rc.local in order to retain the setting after a reboot. Redis must be restarted after THP is disabled (set to 'madvise' or 'never').
311784:M 03 Oct 2024 11:11:35.294 * Ready to accept connections
3406:C 03 Oct 2024 20:20:37.342 # oO0OoO0OoO0Oo Redis is starting oO0OoO0OoO0Oo
3406:C 03 Oct 2024 20:20:37.342 # Redis version=6.0.16, bits=64, commit=00000000, modified=0, pid=3406, just started
3406:C 03 Oct 2024 20:20:37.342 # Configuration loaded
3406:M 03 Oct 2024 20:20:37.343 * Increased maximum number of open files to 10032 (it was originally set to 1024).
3406:M 03 Oct 2024 20:20:38.548 * Running mode=standalone, port=11000.
3406:M 03 Oct 2024 20:20:38.548 # Server initialized
3406:M 03 Oct 2024 20:20:38.548 # WARNING you have Transparent Huge Pages (THP) support enabled in your kernel. This will create latency and memory usage issues with Redis. To fix this issue run the command 'echo madvise > /sys/kernel/mm/transparent_hugepage/enabled' as root, and add it to your /etc/rc.local in order to retain the setting after a reboot. Redis must be restarted after THP is disabled (set to 'madvise' or 'never').
3406:M 03 Oct 2024 20:20:38.727 * Ready to accept connections
1338:C 04 Oct 2024 08:52:06.682 # oO0OoO0OoO0Oo Redis is starting oO0OoO0OoO0Oo
1338:C 04 Oct 2024 08:52:06.682 # Redis version=6.0.16, bits=64, commit=00000000, modified=0, pid=1338, just started
1338:C 04 Oct 2024 08:52:06.682 # Configuration loaded
1338:M 04 Oct 2024 08:52:06.683 * Increased maximum number of open files to 10032 (it was originally set to 1024).
1338:M 04 Oct 2024 08:52:07.580 * Running mode=standalone, port=11000.
1338:M 04 Oct 2024 08:52:07.580 # Server initialized
1338:M 04 Oct 2024 08:52:07.580 # WARNING you have Transparent Huge Pages (THP) support enabled in your kernel. This will create latency and memory usage issues with Redis. To fix this issue run the command 'echo madvise > /sys/kernel/mm/transparent_hugepage/enabled' as root, and add it to your /etc/rc.local in order to retain the setting after a reboot. Redis must be restarted after THP is disabled (set to 'madvise' or 'never').
1338:M 04 Oct 2024 08:52:07.611 * Ready to accept connections
