4812:signal-handler (1727714185) Received SIGTERM scheduling shutdown...
4812:M 30 Sep 2024 12:36:25.935 # User requested shutdown...
4812:M 30 Sep 2024 12:36:25.966 * Removing the pid file.
4812:M 30 Sep 2024 12:36:25.995 # Redis is now ready to exit, bye bye...
5904:C 30 Sep 2024 12:36:45.357 # oO0OoO0OoO0Oo Redis is starting oO0OoO0OoO0Oo
5904:C 30 Sep 2024 12:36:45.357 # Redis version=6.0.16, bits=64, commit=00000000, modified=0, pid=5904, just started
5904:C 30 Sep 2024 12:36:45.357 # Configuration loaded
5904:M 30 Sep 2024 12:36:45.358 * Increased maximum number of open files to 10032 (it was originally set to 1024).
5904:M 30 Sep 2024 12:36:45.489 * Running mode=standalone, port=14000.
5904:M 30 Sep 2024 12:36:45.489 # Server initialized
5904:M 30 Sep 2024 12:36:45.490 # WARNING you have Transparent Huge Pages (THP) support enabled in your kernel. This will create latency and memory usage issues with Redis. To fix this issue run the command 'echo madvise > /sys/kernel/mm/transparent_hugepage/enabled' as root, and add it to your /etc/rc.local in order to retain the setting after a reboot. Redis must be restarted after THP is disabled (set to 'madvise' or 'never').
5904:M 30 Sep 2024 12:36:45.494 * Ready to accept connections
5904:signal-handler (1727714569) Received SIGTERM scheduling shutdown...
5904:M 30 Sep 2024 12:42:49.137 # User requested shutdown...
5904:M 30 Sep 2024 12:42:49.137 * Removing the pid file.
5904:M 30 Sep 2024 12:42:49.153 # Redis is now ready to exit, bye bye...
17710:C 30 Sep 2024 12:43:15.344 # oO0OoO0OoO0Oo Redis is starting oO0OoO0OoO0Oo
17710:C 30 Sep 2024 12:43:15.344 # Redis version=6.0.16, bits=64, commit=00000000, modified=0, pid=17710, just started
17710:C 30 Sep 2024 12:43:15.344 # Configuration loaded
17710:M 30 Sep 2024 12:43:15.345 * Increased maximum number of open files to 10032 (it was originally set to 1024).
17710:M 30 Sep 2024 12:43:15.347 * Running mode=standalone, port=14000.
17710:M 30 Sep 2024 12:43:15.348 # Server initialized
17710:M 30 Sep 2024 12:43:15.348 # WARNING you have Transparent Huge Pages (THP) support enabled in your kernel. This will create latency and memory usage issues with Redis. To fix this issue run the command 'echo madvise > /sys/kernel/mm/transparent_hugepage/enabled' as root, and add it to your /etc/rc.local in order to retain the setting after a reboot. Redis must be restarted after THP is disabled (set to 'madvise' or 'never').
17710:M 30 Sep 2024 12:43:15.351 * Ready to accept connections
17710:signal-handler (1727714937) Received SIGTERM scheduling shutdown...
17710:M 30 Sep 2024 12:48:57.051 # User requested shutdown...
17710:M 30 Sep 2024 12:48:57.051 * Removing the pid file.
17710:M 30 Sep 2024 12:48:57.051 # Redis is now ready to exit, bye bye...
18453:C 30 Sep 2024 12:48:57.353 # oO0OoO0OoO0Oo Redis is starting oO0OoO0OoO0Oo
18453:C 30 Sep 2024 12:48:57.353 # Redis version=6.0.16, bits=64, commit=00000000, modified=0, pid=18453, just started
18453:C 30 Sep 2024 12:48:57.353 # Configuration loaded
18453:M 30 Sep 2024 12:48:57.354 * Increased maximum number of open files to 10032 (it was originally set to 1024).
18453:M 30 Sep 2024 12:48:57.355 * Running mode=standalone, port=14000.
18453:M 30 Sep 2024 12:48:57.355 # Server initialized
18453:M 30 Sep 2024 12:48:57.355 # WARNING you have Transparent Huge Pages (THP) support enabled in your kernel. This will create latency and memory usage issues with Redis. To fix this issue run the command 'echo madvise > /sys/kernel/mm/transparent_hugepage/enabled' as root, and add it to your /etc/rc.local in order to retain the setting after a reboot. Redis must be restarted after THP is disabled (set to 'madvise' or 'never').
18453:M 30 Sep 2024 12:48:57.356 * Ready to accept connections
18453:signal-handler (1727715379) Received SIGTERM scheduling shutdown...
18453:M 30 Sep 2024 12:56:19.489 # User requested shutdown...
18453:M 30 Sep 2024 12:56:19.489 * Removing the pid file.
18453:M 30 Sep 2024 12:56:19.514 # Redis is now ready to exit, bye bye...
