[2024-09-30 12:36:46 -0400] [5908] [INFO] Starting gunicorn 22.0.0
[2024-09-30 12:36:46 -0400] [5908] [INFO] Listening at: http://127.0.0.1:8000 (5908)
[2024-09-30 12:36:46 -0400] [5908] [INFO] Using worker: sync
[2024-09-30 12:36:46 -0400] [5922] [INFO] Booting worker with pid: 5922
[2024-09-30 12:36:46 -0400] [5931] [INFO] Booting worker with pid: 5931
[2024-09-30 12:36:46 -0400] [5932] [INFO] Booting worker with pid: 5932
[2024-09-30 12:36:46 -0400] [5933] [INFO] Booting worker with pid: 5933
[2024-09-30 12:42:49 -0400] [5908] [INFO] Handling signal: term
[2024-09-30 12:42:49 -0400] [5922] [INFO] Worker exiting (pid: 5922)
[2024-09-30 12:42:49 -0400] [5932] [INFO] Worker exiting (pid: 5932)
[2024-09-30 12:42:49 -0400] [5933] [INFO] Worker exiting (pid: 5933)
[2024-09-30 12:42:49 -0400] [5931] [INFO] Worker exiting (pid: 5931)
[2024-09-30 12:42:49 -0400] [5908] [INFO] Shutting down: Master
[2024-09-30 12:43:17 -0400] [17714] [INFO] Starting gunicorn 22.0.0
[2024-09-30 12:43:17 -0400] [17714] [INFO] Listening at: http://127.0.0.1:8000 (17714)
[2024-09-30 12:43:17 -0400] [17714] [INFO] Using worker: sync
[2024-09-30 12:43:17 -0400] [17742] [INFO] Booting worker with pid: 17742
[2024-09-30 12:43:17 -0400] [17743] [INFO] Booting worker with pid: 17743
[2024-09-30 12:43:17 -0400] [17744] [INFO] Booting worker with pid: 17744
[2024-09-30 12:43:17 -0400] [17745] [INFO] Booting worker with pid: 17745
[2024-09-30 12:48:57 -0400] [17714] [INFO] Handling signal: term
[2024-09-30 12:48:57 -0400] [17743] [INFO] Worker exiting (pid: 17743)
[2024-09-30 12:48:57 -0400] [17742] [INFO] Worker exiting (pid: 17742)
[2024-09-30 12:48:57 -0400] [17745] [INFO] Worker exiting (pid: 17745)
[2024-09-30 12:48:57 -0400] [17744] [INFO] Worker exiting (pid: 17744)
[2024-09-30 12:48:57 -0400] [17714] [INFO] Shutting down: Master
[2024-09-30 12:48:58 -0400] [18469] [INFO] Starting gunicorn 22.0.0
[2024-09-30 12:48:58 -0400] [18469] [INFO] Listening at: http://127.0.0.1:8000 (18469)
[2024-09-30 12:48:58 -0400] [18469] [INFO] Using worker: sync
[2024-09-30 12:48:58 -0400] [18485] [INFO] Booting worker with pid: 18485
[2024-09-30 12:48:58 -0400] [18486] [INFO] Booting worker with pid: 18486
[2024-09-30 12:48:59 -0400] [18487] [INFO] Booting worker with pid: 18487
[2024-09-30 12:48:59 -0400] [18488] [INFO] Booting worker with pid: 18488
[2024-09-30 12:56:20 -0400] [18469] [INFO] Handling signal: term
[2024-09-30 12:56:20 -0400] [18485] [INFO] Worker exiting (pid: 18485)
[2024-09-30 12:56:20 -0400] [18488] [INFO] Worker exiting (pid: 18488)
[2024-09-30 12:56:20 -0400] [18487] [INFO] Worker exiting (pid: 18487)
[2024-09-30 12:56:20 -0400] [18486] [INFO] Worker exiting (pid: 18486)
[2024-09-30 12:56:20 -0400] [18469] [INFO] Shutting down: Master
[2024-09-30 12:56:29 -0400] [18832] [INFO] Starting gunicorn 22.0.0
[2024-09-30 12:56:29 -0400] [18832] [INFO] Listening at: http://127.0.0.1:8000 (18832)
[2024-09-30 12:56:29 -0400] [18832] [INFO] Using worker: sync
[2024-09-30 12:56:29 -0400] [18858] [INFO] Booting worker with pid: 18858
[2024-09-30 12:56:29 -0400] [18859] [INFO] Booting worker with pid: 18859
[2024-09-30 12:56:29 -0400] [18860] [INFO] Booting worker with pid: 18860
[2024-09-30 12:56:30 -0400] [18861] [INFO] Booting worker with pid: 18861
[2024-09-30 12:56:30 -0400] [18862] [INFO] Booting worker with pid: 18862
[2024-09-30 12:56:30 -0400] [18863] [INFO] Booting worker with pid: 18863
[2024-09-30 12:56:30 -0400] [18864] [INFO] Booting worker with pid: 18864
[2024-09-30 12:56:30 -0400] [18865] [INFO] Booting worker with pid: 18865
[2024-09-30 12:56:30 -0400] [18866] [INFO] Booting worker with pid: 18866
[2024-09-30 12:56:30 -0400] [18867] [INFO] Booting worker with pid: 18867
[2024-09-30 12:56:30 -0400] [18868] [INFO] Booting worker with pid: 18868
[2024-09-30 12:56:30 -0400] [18869] [INFO] Booting worker with pid: 18869
[2024-09-30 12:56:30 -0400] [18870] [INFO] Booting worker with pid: 18870
[2024-09-30 12:56:30 -0400] [18871] [INFO] Booting worker with pid: 18871
[2024-09-30 12:56:30 -0400] [18872] [INFO] Booting worker with pid: 18872
[2024-09-30 12:56:30 -0400] [18873] [INFO] Booting worker with pid: 18873
[2024-09-30 12:56:30 -0400] [18874] [INFO] Booting worker with pid: 18874
[2024-09-30 12:59:39 -0400] [18832] [INFO] Handling signal: term
[2024-09-30 12:59:39 -0400] [18860] [INFO] Worker exiting (pid: 18860)
[2024-09-30 12:59:39 -0400] [18859] [INFO] Worker exiting (pid: 18859)
[2024-09-30 12:59:39 -0400] [18861] [INFO] Worker exiting (pid: 18861)
[2024-09-30 12:59:39 -0400] [18858] [INFO] Worker exiting (pid: 18858)
[2024-09-30 12:59:39 -0400] [18864] [INFO] Worker exiting (pid: 18864)
[2024-09-30 12:59:39 -0400] [18866] [INFO] Worker exiting (pid: 18866)
[2024-09-30 12:59:39 -0400] [18865] [INFO] Worker exiting (pid: 18865)
[2024-09-30 12:59:39 -0400] [18868] [INFO] Worker exiting (pid: 18868)
[2024-09-30 12:59:39 -0400] [18869] [INFO] Worker exiting (pid: 18869)
[2024-09-30 12:59:39 -0400] [18874] [INFO] Worker exiting (pid: 18874)
[2024-09-30 12:59:39 -0400] [18863] [INFO] Worker exiting (pid: 18863)
[2024-09-30 12:59:39 -0400] [18867] [INFO] Worker exiting (pid: 18867)
[2024-09-30 12:59:39 -0400] [18862] [INFO] Worker exiting (pid: 18862)
[2024-09-30 12:59:39 -0400] [18871] [INFO] Worker exiting (pid: 18871)
[2024-09-30 12:59:39 -0400] [18873] [INFO] Worker exiting (pid: 18873)
[2024-09-30 12:59:39 -0400] [18872] [INFO] Worker exiting (pid: 18872)
[2024-09-30 12:59:39 -0400] [18870] [INFO] Worker exiting (pid: 18870)
[2024-09-30 12:59:39 -0400] [18832] [INFO] Shutting down: Master
[2024-09-30 12:59:41 -0400] [18932] [INFO] Starting gunicorn 22.0.0
[2024-09-30 12:59:41 -0400] [18932] [INFO] Listening at: http://127.0.0.1:8000 (18932)
[2024-09-30 12:59:41 -0400] [18932] [INFO] Using worker: sync
[2024-09-30 12:59:41 -0400] [18940] [INFO] Booting worker with pid: 18940
[2024-09-30 12:59:41 -0400] [18941] [INFO] Booting worker with pid: 18941
[2024-09-30 12:59:42 -0400] [18943] [INFO] Booting worker with pid: 18943
[2024-09-30 12:59:42 -0400] [18944] [INFO] Booting worker with pid: 18944
[2024-09-30 12:59:42 -0400] [18945] [INFO] Booting worker with pid: 18945
[2024-09-30 12:59:42 -0400] [18946] [INFO] Booting worker with pid: 18946
[2024-09-30 12:59:42 -0400] [18947] [INFO] Booting worker with pid: 18947
[2024-09-30 12:59:42 -0400] [18948] [INFO] Booting worker with pid: 18948
[2024-09-30 12:59:42 -0400] [18949] [INFO] Booting worker with pid: 18949
[2024-09-30 12:59:42 -0400] [18950] [INFO] Booting worker with pid: 18950
[2024-09-30 12:59:42 -0400] [18951] [INFO] Booting worker with pid: 18951
[2024-09-30 12:59:42 -0400] [18952] [INFO] Booting worker with pid: 18952
[2024-09-30 12:59:42 -0400] [18953] [INFO] Booting worker with pid: 18953
[2024-09-30 12:59:42 -0400] [18955] [INFO] Booting worker with pid: 18955
[2024-09-30 12:59:42 -0400] [18958] [INFO] Booting worker with pid: 18958
[2024-09-30 12:59:42 -0400] [18959] [INFO] Booting worker with pid: 18959
[2024-09-30 12:59:42 -0400] [18960] [INFO] Booting worker with pid: 18960
[2024-09-30 14:37:04 -0400] [18932] [INFO] Handling signal: term
[2024-09-30 14:37:05 -0400] [18960] [INFO] Worker exiting (pid: 18960)
[2024-09-30 14:37:05 -0400] [18950] [INFO] Worker exiting (pid: 18950)
[2024-09-30 14:37:05 -0400] [18958] [INFO] Worker exiting (pid: 18958)
[2024-09-30 14:37:05 -0400] [18953] [INFO] Worker exiting (pid: 18953)
[2024-09-30 14:37:05 -0400] [18955] [INFO] Worker exiting (pid: 18955)
[2024-09-30 14:37:05 -0400] [18940] [INFO] Worker exiting (pid: 18940)
[2024-09-30 14:37:05 -0400] [18946] [INFO] Worker exiting (pid: 18946)
[2024-09-30 14:37:05 -0400] [18944] [INFO] Worker exiting (pid: 18944)
[2024-09-30 14:37:05 -0400] [18943] [INFO] Worker exiting (pid: 18943)
[2024-09-30 14:37:05 -0400] [18947] [INFO] Worker exiting (pid: 18947)
[2024-09-30 14:37:05 -0400] [18945] [INFO] Worker exiting (pid: 18945)
[2024-09-30 14:37:05 -0400] [18951] [INFO] Worker exiting (pid: 18951)
[2024-09-30 14:37:05 -0400] [18948] [INFO] Worker exiting (pid: 18948)
[2024-09-30 14:37:05 -0400] [18941] [INFO] Worker exiting (pid: 18941)
[2024-09-30 14:37:05 -0400] [18959] [INFO] Worker exiting (pid: 18959)
[2024-09-30 14:37:06 -0400] [18949] [INFO] Worker exiting (pid: 18949)
[2024-09-30 14:37:07 -0400] [18952] [INFO] Worker exiting (pid: 18952)
[2024-09-30 14:37:23 -0400] [18932] [INFO] Shutting down: Master
[2024-09-30 14:37:28 -0400] [19722] [INFO] Starting gunicorn 22.0.0
[2024-09-30 14:37:28 -0400] [19722] [INFO] Listening at: http://127.0.0.1:8000 (19722)
[2024-09-30 14:37:28 -0400] [19722] [INFO] Using worker: sync
[2024-09-30 14:37:28 -0400] [19746] [INFO] Booting worker with pid: 19746
[2024-09-30 14:37:28 -0400] [19747] [INFO] Booting worker with pid: 19747
[2024-09-30 14:37:28 -0400] [19748] [INFO] Booting worker with pid: 19748
[2024-09-30 14:37:29 -0400] [19749] [INFO] Booting worker with pid: 19749
[2024-09-30 14:37:29 -0400] [19750] [INFO] Booting worker with pid: 19750
[2024-09-30 14:37:29 -0400] [19751] [INFO] Booting worker with pid: 19751
[2024-09-30 14:37:29 -0400] [19752] [INFO] Booting worker with pid: 19752
[2024-09-30 14:37:29 -0400] [19753] [INFO] Booting worker with pid: 19753
[2024-09-30 14:37:29 -0400] [19754] [INFO] Booting worker with pid: 19754
[2024-09-30 14:37:29 -0400] [19755] [INFO] Booting worker with pid: 19755
[2024-09-30 14:37:29 -0400] [19756] [INFO] Booting worker with pid: 19756
[2024-09-30 14:37:29 -0400] [19757] [INFO] Booting worker with pid: 19757
[2024-09-30 14:37:29 -0400] [19758] [INFO] Booting worker with pid: 19758
[2024-09-30 14:37:29 -0400] [19759] [INFO] Booting worker with pid: 19759
[2024-09-30 14:37:29 -0400] [19760] [INFO] Booting worker with pid: 19760
[2024-09-30 14:37:29 -0400] [19761] [INFO] Booting worker with pid: 19761
[2024-09-30 14:37:29 -0400] [19762] [INFO] Booting worker with pid: 19762
[2024-10-01 11:53:14 -0400] [19722] [INFO] Handling signal: term
[2024-10-01 11:53:16 -0400] [19748] [INFO] Worker exiting (pid: 19748)
[2024-10-01 11:53:17 -0400] [19760] [INFO] Worker exiting (pid: 19760)
[2024-10-01 11:53:17 -0400] [19759] [INFO] Worker exiting (pid: 19759)
[2024-10-01 11:53:17 -0400] [19756] [INFO] Worker exiting (pid: 19756)
[2024-10-01 11:53:17 -0400] [19757] [INFO] Worker exiting (pid: 19757)
[2024-10-01 11:53:17 -0400] [19753] [INFO] Worker exiting (pid: 19753)
[2024-10-01 11:53:17 -0400] [19758] [INFO] Worker exiting (pid: 19758)
[2024-10-01 11:53:18 -0400] [19752] [INFO] Worker exiting (pid: 19752)
[2024-10-01 11:53:17 -0400] [19747] [INFO] Worker exiting (pid: 19747)
[2024-10-01 11:53:17 -0400] [19746] [INFO] Worker exiting (pid: 19746)
[2024-10-01 11:53:18 -0400] [19762] [INFO] Worker exiting (pid: 19762)
[2024-10-01 11:53:18 -0400] [19750] [INFO] Worker exiting (pid: 19750)
[2024-10-01 11:53:18 -0400] [19755] [INFO] Worker exiting (pid: 19755)
[2024-10-01 11:53:17 -0400] [19754] [INFO] Worker exiting (pid: 19754)
[2024-10-01 11:53:17 -0400] [19749] [INFO] Worker exiting (pid: 19749)
[2024-10-01 11:53:18 -0400] [19751] [INFO] Worker exiting (pid: 19751)
[2024-10-01 11:53:18 -0400] [19761] [INFO] Worker exiting (pid: 19761)
[2024-10-01 11:53:47 -0400] [19722] [ERROR] Worker (pid:19747) was sent SIGKILL! Perhaps out of memory?
[2024-10-01 11:53:47 -0400] [19722] [ERROR] Worker (pid:19748) was sent SIGKILL! Perhaps out of memory?
[2024-10-01 11:53:47 -0400] [19722] [ERROR] Worker (pid:19749) was sent SIGKILL! Perhaps out of memory?
[2024-10-01 11:53:47 -0400] [19722] [ERROR] Worker (pid:19750) was sent SIGKILL! Perhaps out of memory?
[2024-10-01 11:53:47 -0400] [19722] [ERROR] Worker (pid:19751) was sent SIGKILL! Perhaps out of memory?
[2024-10-01 11:53:47 -0400] [19722] [ERROR] Worker (pid:19752) was sent SIGKILL! Perhaps out of memory?
[2024-10-01 11:53:47 -0400] [19722] [ERROR] Worker (pid:19753) was sent SIGKILL! Perhaps out of memory?
[2024-10-01 11:53:47 -0400] [19722] [ERROR] Worker (pid:19754) was sent SIGKILL! Perhaps out of memory?
[2024-10-01 11:53:47 -0400] [19722] [ERROR] Worker (pid:19755) was sent SIGKILL! Perhaps out of memory?
[2024-10-01 11:53:47 -0400] [19722] [ERROR] Worker (pid:19756) was sent SIGKILL! Perhaps out of memory?
[2024-10-01 11:53:47 -0400] [19722] [ERROR] Worker (pid:19757) was sent SIGKILL! Perhaps out of memory?
[2024-10-01 11:53:47 -0400] [19722] [ERROR] Worker (pid:19758) was sent SIGKILL! Perhaps out of memory?
[2024-10-01 11:53:47 -0400] [19722] [ERROR] Worker (pid:19759) was sent SIGKILL! Perhaps out of memory?
[2024-10-01 11:53:47 -0400] [19722] [ERROR] Worker (pid:19760) was sent SIGKILL! Perhaps out of memory?
[2024-10-01 11:53:47 -0400] [19722] [ERROR] Worker (pid:19761) was sent SIGKILL! Perhaps out of memory?
[2024-10-01 11:53:47 -0400] [19722] [ERROR] Worker (pid:19762) was sent SIGKILL! Perhaps out of memory?
[2024-10-01 11:53:47 -0400] [19722] [ERROR] Worker (pid:19746) was sent SIGKILL! Perhaps out of memory?
[2024-10-01 11:53:46 -0400] [19722] [INFO] Shutting down: Master
[2024-10-01 11:54:10 -0400] [26947] [INFO] Starting gunicorn 22.0.0
[2024-10-01 11:54:10 -0400] [26947] [INFO] Listening at: http://127.0.0.1:8000 (26947)
[2024-10-01 11:54:10 -0400] [26947] [INFO] Using worker: sync
[2024-10-01 11:54:10 -0400] [26956] [INFO] Booting worker with pid: 26956
[2024-10-01 11:54:11 -0400] [26957] [INFO] Booting worker with pid: 26957
[2024-10-01 11:54:11 -0400] [26958] [INFO] Booting worker with pid: 26958
[2024-10-01 11:54:11 -0400] [26959] [INFO] Booting worker with pid: 26959
[2024-10-01 11:54:11 -0400] [26960] [INFO] Booting worker with pid: 26960
[2024-10-01 11:54:11 -0400] [26961] [INFO] Booting worker with pid: 26961
[2024-10-01 11:54:11 -0400] [26962] [INFO] Booting worker with pid: 26962
[2024-10-01 11:54:11 -0400] [26963] [INFO] Booting worker with pid: 26963
[2024-10-01 11:54:11 -0400] [26964] [INFO] Booting worker with pid: 26964
[2024-10-01 11:54:11 -0400] [26965] [INFO] Booting worker with pid: 26965
[2024-10-01 11:54:11 -0400] [26966] [INFO] Booting worker with pid: 26966
[2024-10-01 11:54:11 -0400] [26967] [INFO] Booting worker with pid: 26967
[2024-10-01 11:54:11 -0400] [26968] [INFO] Booting worker with pid: 26968
[2024-10-01 11:54:11 -0400] [26969] [INFO] Booting worker with pid: 26969
[2024-10-01 11:54:11 -0400] [26970] [INFO] Booting worker with pid: 26970
[2024-10-01 11:54:11 -0400] [26971] [INFO] Booting worker with pid: 26971
[2024-10-01 11:54:11 -0400] [26972] [INFO] Booting worker with pid: 26972
[2024-10-01 12:09:41 -0400] [26947] [INFO] Handling signal: term
[2024-10-01 12:09:41 -0400] [26959] [INFO] Worker exiting (pid: 26959)
[2024-10-01 12:09:41 -0400] [26962] [INFO] Worker exiting (pid: 26962)
[2024-10-01 12:09:41 -0400] [26957] [INFO] Worker exiting (pid: 26957)
[2024-10-01 12:09:41 -0400] [26960] [INFO] Worker exiting (pid: 26960)
[2024-10-01 12:09:41 -0400] [26961] [INFO] Worker exiting (pid: 26961)
[2024-10-01 12:09:41 -0400] [26956] [INFO] Worker exiting (pid: 26956)
[2024-10-01 12:09:41 -0400] [26958] [INFO] Worker exiting (pid: 26958)
[2024-10-01 12:09:41 -0400] [26966] [INFO] Worker exiting (pid: 26966)
[2024-10-01 12:09:41 -0400] [26965] [INFO] Worker exiting (pid: 26965)
[2024-10-01 12:09:41 -0400] [26963] [INFO] Worker exiting (pid: 26963)
[2024-10-01 12:09:41 -0400] [26964] [INFO] Worker exiting (pid: 26964)
[2024-10-01 12:09:41 -0400] [26967] [INFO] Worker exiting (pid: 26967)
[2024-10-01 12:09:41 -0400] [26970] [INFO] Worker exiting (pid: 26970)
[2024-10-01 12:09:41 -0400] [26969] [INFO] Worker exiting (pid: 26969)
[2024-10-01 12:09:41 -0400] [26968] [INFO] Worker exiting (pid: 26968)
[2024-10-01 12:09:41 -0400] [26972] [INFO] Worker exiting (pid: 26972)
[2024-10-01 12:09:41 -0400] [26971] [INFO] Worker exiting (pid: 26971)
[2024-10-01 12:09:41 -0400] [26947] [INFO] Shutting down: Master
[2024-10-01 12:10:02 -0400] [27170] [INFO] Starting gunicorn 22.0.0
[2024-10-01 12:10:02 -0400] [27170] [INFO] Listening at: http://127.0.0.1:8000 (27170)
[2024-10-01 12:10:02 -0400] [27170] [INFO] Using worker: sync
[2024-10-01 12:10:02 -0400] [27197] [INFO] Booting worker with pid: 27197
[2024-10-01 12:10:02 -0400] [27198] [INFO] Booting worker with pid: 27198
[2024-10-01 12:10:02 -0400] [27199] [INFO] Booting worker with pid: 27199
[2024-10-01 12:10:02 -0400] [27200] [INFO] Booting worker with pid: 27200
[2024-10-01 12:10:02 -0400] [27201] [INFO] Booting worker with pid: 27201
[2024-10-01 12:10:03 -0400] [27202] [INFO] Booting worker with pid: 27202
[2024-10-01 12:10:03 -0400] [27203] [INFO] Booting worker with pid: 27203
[2024-10-01 12:10:03 -0400] [27204] [INFO] Booting worker with pid: 27204
[2024-10-01 12:10:03 -0400] [27205] [INFO] Booting worker with pid: 27205
[2024-10-01 12:10:03 -0400] [27206] [INFO] Booting worker with pid: 27206
[2024-10-01 12:10:03 -0400] [27207] [INFO] Booting worker with pid: 27207
[2024-10-01 12:10:03 -0400] [27208] [INFO] Booting worker with pid: 27208
[2024-10-01 12:10:03 -0400] [27209] [INFO] Booting worker with pid: 27209
[2024-10-01 12:10:03 -0400] [27210] [INFO] Booting worker with pid: 27210
[2024-10-01 12:10:03 -0400] [27211] [INFO] Booting worker with pid: 27211
[2024-10-01 12:10:03 -0400] [27212] [INFO] Booting worker with pid: 27212
[2024-10-01 12:10:03 -0400] [27213] [INFO] Booting worker with pid: 27213
[2024-10-01 12:13:55 -0400] [27170] [INFO] Handling signal: term
[2024-10-01 12:13:55 -0400] [27199] [INFO] Worker exiting (pid: 27199)
[2024-10-01 12:13:55 -0400] [27198] [INFO] Worker exiting (pid: 27198)
[2024-10-01 12:13:55 -0400] [27201] [INFO] Worker exiting (pid: 27201)
[2024-10-01 12:13:55 -0400] [27197] [INFO] Worker exiting (pid: 27197)
[2024-10-01 12:13:55 -0400] [27202] [INFO] Worker exiting (pid: 27202)
[2024-10-01 12:13:55 -0400] [27200] [INFO] Worker exiting (pid: 27200)
[2024-10-01 12:13:55 -0400] [27204] [INFO] Worker exiting (pid: 27204)
[2024-10-01 12:13:55 -0400] [27206] [INFO] Worker exiting (pid: 27206)
[2024-10-01 12:13:55 -0400] [27205] [INFO] Worker exiting (pid: 27205)
[2024-10-01 12:13:55 -0400] [27203] [INFO] Worker exiting (pid: 27203)
[2024-10-01 12:13:55 -0400] [27209] [INFO] Worker exiting (pid: 27209)
[2024-10-01 12:13:55 -0400] [27208] [INFO] Worker exiting (pid: 27208)
[2024-10-01 12:13:55 -0400] [27207] [INFO] Worker exiting (pid: 27207)
[2024-10-01 12:13:55 -0400] [27212] [INFO] Worker exiting (pid: 27212)
[2024-10-01 12:13:55 -0400] [27213] [INFO] Worker exiting (pid: 27213)
[2024-10-01 12:13:55 -0400] [27210] [INFO] Worker exiting (pid: 27210)
[2024-10-01 12:13:55 -0400] [27211] [INFO] Worker exiting (pid: 27211)
[2024-10-01 12:13:56 -0400] [27170] [INFO] Shutting down: Master
[2024-10-01 12:14:00 -0400] [27474] [INFO] Starting gunicorn 22.0.0
[2024-10-01 12:14:00 -0400] [27474] [INFO] Listening at: http://127.0.0.1:8000 (27474)
[2024-10-01 12:14:00 -0400] [27474] [INFO] Using worker: sync
[2024-10-01 12:14:00 -0400] [27501] [INFO] Booting worker with pid: 27501
[2024-10-01 12:14:00 -0400] [27502] [INFO] Booting worker with pid: 27502
[2024-10-01 12:14:00 -0400] [27503] [INFO] Booting worker with pid: 27503
[2024-10-01 12:14:00 -0400] [27504] [INFO] Booting worker with pid: 27504
[2024-10-01 12:14:00 -0400] [27505] [INFO] Booting worker with pid: 27505
[2024-10-01 12:14:00 -0400] [27506] [INFO] Booting worker with pid: 27506
[2024-10-01 12:14:00 -0400] [27507] [INFO] Booting worker with pid: 27507
[2024-10-01 12:14:00 -0400] [27508] [INFO] Booting worker with pid: 27508
[2024-10-01 12:14:00 -0400] [27509] [INFO] Booting worker with pid: 27509
[2024-10-01 12:14:01 -0400] [27510] [INFO] Booting worker with pid: 27510
[2024-10-01 12:14:01 -0400] [27511] [INFO] Booting worker with pid: 27511
[2024-10-01 12:14:01 -0400] [27512] [INFO] Booting worker with pid: 27512
[2024-10-01 12:14:01 -0400] [27513] [INFO] Booting worker with pid: 27513
[2024-10-01 12:14:01 -0400] [27514] [INFO] Booting worker with pid: 27514
[2024-10-01 12:14:01 -0400] [27515] [INFO] Booting worker with pid: 27515
[2024-10-01 12:14:01 -0400] [27516] [INFO] Booting worker with pid: 27516
[2024-10-01 12:14:01 -0400] [27517] [INFO] Booting worker with pid: 27517
[2024-10-01 12:51:25 -0400] [27474] [INFO] Handling signal: term
[2024-10-01 12:51:25 -0400] [27502] [INFO] Worker exiting (pid: 27502)
[2024-10-01 12:51:25 -0400] [27503] [INFO] Worker exiting (pid: 27503)
[2024-10-01 12:51:25 -0400] [27501] [INFO] Worker exiting (pid: 27501)
[2024-10-01 12:51:25 -0400] [27505] [INFO] Worker exiting (pid: 27505)
[2024-10-01 12:51:25 -0400] [27504] [INFO] Worker exiting (pid: 27504)
[2024-10-01 12:51:25 -0400] [27506] [INFO] Worker exiting (pid: 27506)
[2024-10-01 12:51:25 -0400] [27507] [INFO] Worker exiting (pid: 27507)
[2024-10-01 12:51:25 -0400] [27509] [INFO] Worker exiting (pid: 27509)
[2024-10-01 12:51:25 -0400] [27512] [INFO] Worker exiting (pid: 27512)
[2024-10-01 12:51:25 -0400] [27511] [INFO] Worker exiting (pid: 27511)
[2024-10-01 12:51:25 -0400] [27510] [INFO] Worker exiting (pid: 27510)
[2024-10-01 12:51:25 -0400] [27515] [INFO] Worker exiting (pid: 27515)
[2024-10-01 12:51:25 -0400] [27508] [INFO] Worker exiting (pid: 27508)
[2024-10-01 12:51:25 -0400] [27517] [INFO] Worker exiting (pid: 27517)
[2024-10-01 12:51:26 -0400] [27513] [INFO] Worker exiting (pid: 27513)
[2024-10-01 12:51:26 -0400] [27514] [INFO] Worker exiting (pid: 27514)
[2024-10-01 12:51:26 -0400] [27516] [INFO] Worker exiting (pid: 27516)
[2024-10-01 12:51:26 -0400] [27474] [INFO] Shutting down: Master
[2024-10-01 12:51:43 -0400] [27911] [INFO] Starting gunicorn 22.0.0
[2024-10-01 12:51:43 -0400] [27911] [INFO] Listening at: http://127.0.0.1:8000 (27911)
[2024-10-01 12:51:43 -0400] [27911] [INFO] Using worker: sync
[2024-10-01 12:51:43 -0400] [27938] [INFO] Booting worker with pid: 27938
[2024-10-01 12:51:43 -0400] [27939] [INFO] Booting worker with pid: 27939
[2024-10-01 12:51:43 -0400] [27940] [INFO] Booting worker with pid: 27940
[2024-10-01 12:51:43 -0400] [27941] [INFO] Booting worker with pid: 27941
[2024-10-01 12:51:43 -0400] [27942] [INFO] Booting worker with pid: 27942
[2024-10-01 12:51:43 -0400] [27943] [INFO] Booting worker with pid: 27943
[2024-10-01 12:51:43 -0400] [27944] [INFO] Booting worker with pid: 27944
[2024-10-01 12:51:43 -0400] [27945] [INFO] Booting worker with pid: 27945
[2024-10-01 12:51:43 -0400] [27946] [INFO] Booting worker with pid: 27946
[2024-10-01 12:51:43 -0400] [27947] [INFO] Booting worker with pid: 27947
[2024-10-01 12:51:44 -0400] [27948] [INFO] Booting worker with pid: 27948
[2024-10-01 12:51:44 -0400] [27949] [INFO] Booting worker with pid: 27949
[2024-10-01 12:51:44 -0400] [27950] [INFO] Booting worker with pid: 27950
[2024-10-01 12:51:44 -0400] [27951] [INFO] Booting worker with pid: 27951
[2024-10-01 12:51:44 -0400] [27952] [INFO] Booting worker with pid: 27952
[2024-10-01 12:51:44 -0400] [27955] [INFO] Booting worker with pid: 27955
[2024-10-01 12:51:44 -0400] [27956] [INFO] Booting worker with pid: 27956
[2024-10-01 13:02:06 -0400] [27911] [INFO] Handling signal: term
[2024-10-01 13:02:06 -0400] [27939] [INFO] Worker exiting (pid: 27939)
[2024-10-01 13:02:06 -0400] [27946] [INFO] Worker exiting (pid: 27946)
[2024-10-01 13:02:06 -0400] [27944] [INFO] Worker exiting (pid: 27944)
[2024-10-01 13:02:06 -0400] [27943] [INFO] Worker exiting (pid: 27943)
[2024-10-01 13:02:06 -0400] [27951] [INFO] Worker exiting (pid: 27951)
[2024-10-01 13:02:06 -0400] [27941] [INFO] Worker exiting (pid: 27941)
[2024-10-01 13:02:06 -0400] [27940] [INFO] Worker exiting (pid: 27940)
[2024-10-01 13:02:07 -0400] [27948] [INFO] Worker exiting (pid: 27948)
[2024-10-01 13:02:07 -0400] [27950] [INFO] Worker exiting (pid: 27950)
[2024-10-01 13:02:07 -0400] [27947] [INFO] Worker exiting (pid: 27947)
[2024-10-01 13:02:07 -0400] [27945] [INFO] Worker exiting (pid: 27945)
[2024-10-01 13:02:07 -0400] [27942] [INFO] Worker exiting (pid: 27942)
[2024-10-01 13:02:07 -0400] [27949] [INFO] Worker exiting (pid: 27949)
[2024-10-01 13:02:07 -0400] [27938] [INFO] Worker exiting (pid: 27938)
[2024-10-01 13:02:07 -0400] [27955] [INFO] Worker exiting (pid: 27955)
[2024-10-01 13:02:08 -0400] [27952] [INFO] Worker exiting (pid: 27952)
[2024-10-01 13:02:07 -0400] [27956] [INFO] Worker exiting (pid: 27956)
[2024-10-01 13:02:28 -0400] [27911] [INFO] Shutting down: Master
[2024-10-01 13:02:35 -0400] [28328] [INFO] Starting gunicorn 22.0.0
[2024-10-01 13:02:35 -0400] [28328] [INFO] Listening at: http://127.0.0.1:8000 (28328)
[2024-10-01 13:02:35 -0400] [28328] [INFO] Using worker: sync
[2024-10-01 13:02:35 -0400] [28355] [INFO] Booting worker with pid: 28355
[2024-10-01 13:02:35 -0400] [28356] [INFO] Booting worker with pid: 28356
[2024-10-01 13:02:35 -0400] [28357] [INFO] Booting worker with pid: 28357
[2024-10-01 13:02:36 -0400] [28358] [INFO] Booting worker with pid: 28358
[2024-10-01 13:02:36 -0400] [28359] [INFO] Booting worker with pid: 28359
[2024-10-01 13:02:36 -0400] [28360] [INFO] Booting worker with pid: 28360
[2024-10-01 13:02:36 -0400] [28361] [INFO] Booting worker with pid: 28361
[2024-10-01 13:02:36 -0400] [28362] [INFO] Booting worker with pid: 28362
[2024-10-01 13:02:36 -0400] [28363] [INFO] Booting worker with pid: 28363
[2024-10-01 13:02:36 -0400] [28364] [INFO] Booting worker with pid: 28364
[2024-10-01 13:02:36 -0400] [28365] [INFO] Booting worker with pid: 28365
[2024-10-01 13:02:36 -0400] [28366] [INFO] Booting worker with pid: 28366
[2024-10-01 13:02:36 -0400] [28367] [INFO] Booting worker with pid: 28367
[2024-10-01 13:02:36 -0400] [28368] [INFO] Booting worker with pid: 28368
[2024-10-01 13:02:36 -0400] [28369] [INFO] Booting worker with pid: 28369
[2024-10-01 13:02:36 -0400] [28370] [INFO] Booting worker with pid: 28370
[2024-10-01 13:02:36 -0400] [28371] [INFO] Booting worker with pid: 28371
[2024-10-01 13:13:44 -0400] [28328] [INFO] Handling signal: term
[2024-10-01 13:13:46 -0400] [28364] [INFO] Worker exiting (pid: 28364)
[2024-10-01 13:13:46 -0400] [28366] [INFO] Worker exiting (pid: 28366)
[2024-10-01 13:13:46 -0400] [28368] [INFO] Worker exiting (pid: 28368)
[2024-10-01 13:13:46 -0400] [28367] [INFO] Worker exiting (pid: 28367)
[2024-10-01 13:13:46 -0400] [28370] [INFO] Worker exiting (pid: 28370)
[2024-10-01 13:13:46 -0400] [28356] [INFO] Worker exiting (pid: 28356)
[2024-10-01 13:13:46 -0400] [28358] [INFO] Worker exiting (pid: 28358)
[2024-10-01 13:13:46 -0400] [28362] [INFO] Worker exiting (pid: 28362)
[2024-10-01 13:13:46 -0400] [28357] [INFO] Worker exiting (pid: 28357)
[2024-10-01 13:13:46 -0400] [28355] [INFO] Worker exiting (pid: 28355)
[2024-10-01 13:13:47 -0400] [28361] [INFO] Worker exiting (pid: 28361)
[2024-10-01 13:13:46 -0400] [28365] [INFO] Worker exiting (pid: 28365)
[2024-10-01 13:13:47 -0400] [28363] [INFO] Worker exiting (pid: 28363)
[2024-10-01 13:13:47 -0400] [28369] [INFO] Worker exiting (pid: 28369)
[2024-10-01 13:13:47 -0400] [28371] [INFO] Worker exiting (pid: 28371)
[2024-10-01 13:13:48 -0400] [28360] [INFO] Worker exiting (pid: 28360)
[2024-10-01 13:13:49 -0400] [28359] [INFO] Worker exiting (pid: 28359)
[2024-10-01 13:14:16 -0400] [28328] [INFO] Shutting down: Master
[2024-10-01 13:14:16 -0400] [28328] [ERROR] Worker (pid:28356) was sent SIGKILL! Perhaps out of memory?
[2024-10-01 13:14:16 -0400] [28328] [ERROR] Worker (pid:28357) was sent SIGKILL! Perhaps out of memory?
[2024-10-01 13:14:16 -0400] [28328] [ERROR] Worker (pid:28358) was sent SIGKILL! Perhaps out of memory?
[2024-10-01 13:14:16 -0400] [28328] [ERROR] Worker (pid:28359) was sent SIGKILL! Perhaps out of memory?
[2024-10-01 13:14:16 -0400] [28328] [ERROR] Worker (pid:28360) was sent SIGKILL! Perhaps out of memory?
[2024-10-01 13:14:16 -0400] [28328] [ERROR] Worker (pid:28361) was sent SIGKILL! Perhaps out of memory?
[2024-10-01 13:14:16 -0400] [28328] [ERROR] Worker (pid:28362) was sent SIGKILL! Perhaps out of memory?
[2024-10-01 13:14:16 -0400] [28328] [ERROR] Worker (pid:28363) was sent SIGKILL! Perhaps out of memory?
[2024-10-01 13:14:16 -0400] [28328] [ERROR] Worker (pid:28364) was sent SIGKILL! Perhaps out of memory?
[2024-10-01 13:14:16 -0400] [28328] [ERROR] Worker (pid:28365) was sent SIGKILL! Perhaps out of memory?
[2024-10-01 13:14:16 -0400] [28328] [ERROR] Worker (pid:28366) was sent SIGKILL! Perhaps out of memory?
[2024-10-01 13:14:16 -0400] [28328] [ERROR] Worker (pid:28367) was sent SIGKILL! Perhaps out of memory?
[2024-10-01 13:14:16 -0400] [28328] [ERROR] Worker (pid:28368) was sent SIGKILL! Perhaps out of memory?
[2024-10-01 13:14:16 -0400] [28328] [ERROR] Worker (pid:28369) was sent SIGKILL! Perhaps out of memory?
[2024-10-01 13:14:16 -0400] [28328] [ERROR] Worker (pid:28370) was sent SIGKILL! Perhaps out of memory?
[2024-10-01 13:14:16 -0400] [28328] [ERROR] Worker (pid:28371) was sent SIGKILL! Perhaps out of memory?
[2024-10-01 13:14:16 -0400] [28328] [ERROR] Worker (pid:28355) was sent SIGKILL! Perhaps out of memory?
[2024-10-01 13:14:38 -0400] [28683] [INFO] Starting gunicorn 22.0.0
[2024-10-01 13:14:38 -0400] [28683] [INFO] Listening at: http://127.0.0.1:8000 (28683)
[2024-10-01 13:14:38 -0400] [28683] [INFO] Using worker: sync
[2024-10-01 13:14:38 -0400] [28715] [INFO] Booting worker with pid: 28715
[2024-10-01 13:14:38 -0400] [28716] [INFO] Booting worker with pid: 28716
[2024-10-01 13:14:38 -0400] [28717] [INFO] Booting worker with pid: 28717
[2024-10-01 13:14:38 -0400] [28718] [INFO] Booting worker with pid: 28718
[2024-10-01 13:14:38 -0400] [28719] [INFO] Booting worker with pid: 28719
[2024-10-01 13:14:38 -0400] [28720] [INFO] Booting worker with pid: 28720
[2024-10-01 13:14:38 -0400] [28721] [INFO] Booting worker with pid: 28721
[2024-10-01 13:14:38 -0400] [28722] [INFO] Booting worker with pid: 28722
[2024-10-01 13:14:38 -0400] [28723] [INFO] Booting worker with pid: 28723
[2024-10-01 13:14:38 -0400] [28724] [INFO] Booting worker with pid: 28724
[2024-10-01 13:14:39 -0400] [28725] [INFO] Booting worker with pid: 28725
[2024-10-01 13:14:39 -0400] [28726] [INFO] Booting worker with pid: 28726
[2024-10-01 13:14:39 -0400] [28727] [INFO] Booting worker with pid: 28727
[2024-10-01 13:14:39 -0400] [28728] [INFO] Booting worker with pid: 28728
[2024-10-01 13:14:39 -0400] [28732] [INFO] Booting worker with pid: 28732
[2024-10-01 13:14:39 -0400] [28733] [INFO] Booting worker with pid: 28733
[2024-10-01 13:14:39 -0400] [28734] [INFO] Booting worker with pid: 28734
[2024-10-01 13:25:53 -0400] [28727] [ERROR] Error handling request /
Traceback (most recent call last):
  File "/home/magic/frappe-bench/apps/frappe/frappe/app.py", line 99, in application
    init_request(request)
  File "/home/magic/frappe-bench/apps/frappe/frappe/app.py", line 172, in init_request
    frappe.init(site=site, sites_path=_sites_path, force=True)
  File "/home/magic/frappe-bench/apps/frappe/frappe/__init__.py", line 313, in init
    setup_module_map(include_all_apps=not (frappe.request or frappe.job or frappe.flags.in_migrate))
  File "/home/magic/frappe-bench/apps/frappe/frappe/__init__.py", line 1695, in setup_module_map
    apps = get_installed_apps(_ensure_on_bench=True)
  File "/home/magic/frappe-bench/apps/frappe/frappe/utils/caching.py", line 47, in wrapper
    return func(*args, **kwargs)
  File "/home/magic/frappe-bench/apps/frappe/frappe/__init__.py", line 1582, in get_installed_apps
    installed = json.loads(db.get_global("installed_apps") or "[]")
  File "/home/magic/frappe-bench/apps/frappe/frappe/database/database.py", line 998, in get_global
    return self.get_default(key, user)
  File "/home/magic/frappe-bench/apps/frappe/frappe/database/database.py", line 1002, in get_default
    d = self.get_defaults(key, parent)
  File "/home/magic/frappe-bench/apps/frappe/frappe/database/database.py", line 1018, in get_defaults
    defaults = frappe.defaults.get_defaults_for(parent)
  File "/home/magic/frappe-bench/apps/frappe/frappe/defaults.py", line 236, in get_defaults_for
    frappe.qb.from_(table)
  File "/home/magic/frappe-bench/apps/frappe/frappe/query_builder/utils.py", line 87, in execute_query
    result = frappe.db.sql(query, params, *args, **kwargs)  # nosemgrep
  File "/home/magic/frappe-bench/apps/frappe/frappe/database/database.py", line 204, in sql
    self.connect()
  File "/home/magic/frappe-bench/apps/frappe/frappe/database/database.py", line 109, in connect
    self._conn: "MariadbConnection" | "PostgresConnection" = self.get_connection()
  File "/home/magic/frappe-bench/apps/frappe/frappe/database/mariadb/database.py", line 107, in get_connection
    conn = self._get_connection()
  File "/home/magic/frappe-bench/apps/frappe/frappe/database/mariadb/database.py", line 113, in _get_connection
    return self.create_connection()
  File "/home/magic/frappe-bench/apps/frappe/frappe/database/mariadb/database.py", line 116, in create_connection
    return pymysql.connect(**self.get_connection_settings())
  File "/home/magic/frappe-bench/env/lib/python3.10/site-packages/pymysql/connections.py", line 361, in __init__
    self.connect()
  File "/home/magic/frappe-bench/env/lib/python3.10/site-packages/pymysql/connections.py", line 669, in connect
    self._request_authentication()
  File "/home/magic/frappe-bench/env/lib/python3.10/site-packages/pymysql/connections.py", line 957, in _request_authentication
    auth_packet = self._read_packet()
  File "/home/magic/frappe-bench/env/lib/python3.10/site-packages/pymysql/connections.py", line 775, in _read_packet
    packet.raise_for_error()
  File "/home/magic/frappe-bench/env/lib/python3.10/site-packages/pymysql/protocol.py", line 219, in raise_for_error
    err.raise_mysql_exception(self._data)
  File "/home/magic/frappe-bench/env/lib/python3.10/site-packages/pymysql/err.py", line 150, in raise_mysql_exception
    raise errorclass(errno, errval)
pymysql.err.OperationalError: (1045, "Access denied for user 'magic'@'localhost' (using password: NO)")

During handling of the above exception, another exception occurred:

Traceback (most recent call last):
  File "/home/magic/frappe-bench/env/lib/python3.10/site-packages/gunicorn/workers/sync.py", line 135, in handle
    self.handle_request(listener, req, client, addr)
  File "/home/magic/frappe-bench/env/lib/python3.10/site-packages/gunicorn/workers/sync.py", line 178, in handle_request
    respiter = self.wsgi(environ, resp.start_response)
  File "/home/magic/frappe-bench/apps/frappe/frappe/app.py", line 79, in application
    app(environ, start_response),
  File "/home/magic/frappe-bench/env/lib/python3.10/site-packages/werkzeug/wrappers/request.py", line 190, in application
    resp = f(*args[:-2] + (request,))
  File "/home/magic/frappe-bench/apps/frappe/frappe/app.py", line 132, in application
    response = handle_exception(e)
  File "/home/magic/frappe-bench/apps/frappe/frappe/app.py", line 323, in handle_exception
    allow_traceback = frappe.get_system_settings("allow_error_traceback") if frappe.db else False
  File "/home/magic/frappe-bench/apps/frappe/frappe/__init__.py", line 2399, in get_system_settings
    local.system_settings = get_cached_doc("System Settings")
  File "/home/magic/frappe-bench/apps/frappe/frappe/__init__.py", line 1214, in get_cached_doc
    doc = get_doc(*args, **kwargs)
  File "/home/magic/frappe-bench/apps/frappe/frappe/__init__.py", line 1340, in get_doc
    doc = frappe.model.document.get_doc(*args, **kwargs)
  File "/home/magic/frappe-bench/apps/frappe/frappe/model/document.py", line 83, in get_doc
    controller = get_controller(doctype)
  File "/home/magic/frappe-bench/apps/frappe/frappe/model/base_document.py", line 70, in get_controller
    site_controllers[doctype] = import_controller(doctype)
  File "/home/magic/frappe-bench/apps/frappe/frappe/model/base_document.py", line 81, in import_controller
    doctype_info = frappe.db.get_value("DocType", doctype, fieldname="*")
  File "/home/magic/frappe-bench/apps/frappe/frappe/database/database.py", line 512, in get_value
    result = self.get_values(
  File "/home/magic/frappe-bench/apps/frappe/frappe/database/database.py", line 616, in get_values
    out = self._get_values_from_table(
  File "/home/magic/frappe-bench/apps/frappe/frappe/database/database.py", line 889, in _get_values_from_table
    return query.run(as_dict=as_dict, debug=debug, update=update, run=run, pluck=pluck)
  File "/home/magic/frappe-bench/apps/frappe/frappe/query_builder/utils.py", line 87, in execute_query
    result = frappe.db.sql(query, params, *args, **kwargs)  # nosemgrep
  File "/home/magic/frappe-bench/apps/frappe/frappe/database/database.py", line 204, in sql
    self.connect()
  File "/home/magic/frappe-bench/apps/frappe/frappe/database/database.py", line 109, in connect
    self._conn: "MariadbConnection" | "PostgresConnection" = self.get_connection()
  File "/home/magic/frappe-bench/apps/frappe/frappe/database/mariadb/database.py", line 107, in get_connection
    conn = self._get_connection()
  File "/home/magic/frappe-bench/apps/frappe/frappe/database/mariadb/database.py", line 113, in _get_connection
    return self.create_connection()
  File "/home/magic/frappe-bench/apps/frappe/frappe/database/mariadb/database.py", line 116, in create_connection
    return pymysql.connect(**self.get_connection_settings())
  File "/home/magic/frappe-bench/env/lib/python3.10/site-packages/pymysql/connections.py", line 361, in __init__
    self.connect()
  File "/home/magic/frappe-bench/env/lib/python3.10/site-packages/pymysql/connections.py", line 669, in connect
    self._request_authentication()
  File "/home/magic/frappe-bench/env/lib/python3.10/site-packages/pymysql/connections.py", line 957, in _request_authentication
    auth_packet = self._read_packet()
  File "/home/magic/frappe-bench/env/lib/python3.10/site-packages/pymysql/connections.py", line 775, in _read_packet
    packet.raise_for_error()
  File "/home/magic/frappe-bench/env/lib/python3.10/site-packages/pymysql/protocol.py", line 219, in raise_for_error
    err.raise_mysql_exception(self._data)
  File "/home/magic/frappe-bench/env/lib/python3.10/site-packages/pymysql/err.py", line 150, in raise_mysql_exception
    raise errorclass(errno, errval)
pymysql.err.OperationalError: (1045, "Access denied for user 'magic'@'localhost' (using password: NO)")
[2024-10-01 13:27:13 -0400] [28733] [ERROR] Error handling request /
Traceback (most recent call last):
  File "/home/magic/frappe-bench/apps/frappe/frappe/app.py", line 99, in application
    init_request(request)
  File "/home/magic/frappe-bench/apps/frappe/frappe/app.py", line 172, in init_request
    frappe.init(site=site, sites_path=_sites_path, force=True)
  File "/home/magic/frappe-bench/apps/frappe/frappe/__init__.py", line 313, in init
    setup_module_map(include_all_apps=not (frappe.request or frappe.job or frappe.flags.in_migrate))
  File "/home/magic/frappe-bench/apps/frappe/frappe/__init__.py", line 1695, in setup_module_map
    apps = get_installed_apps(_ensure_on_bench=True)
  File "/home/magic/frappe-bench/apps/frappe/frappe/utils/caching.py", line 47, in wrapper
    return func(*args, **kwargs)
  File "/home/magic/frappe-bench/apps/frappe/frappe/__init__.py", line 1582, in get_installed_apps
    installed = json.loads(db.get_global("installed_apps") or "[]")
  File "/home/magic/frappe-bench/apps/frappe/frappe/database/database.py", line 998, in get_global
    return self.get_default(key, user)
  File "/home/magic/frappe-bench/apps/frappe/frappe/database/database.py", line 1002, in get_default
    d = self.get_defaults(key, parent)
  File "/home/magic/frappe-bench/apps/frappe/frappe/database/database.py", line 1018, in get_defaults
    defaults = frappe.defaults.get_defaults_for(parent)
  File "/home/magic/frappe-bench/apps/frappe/frappe/defaults.py", line 236, in get_defaults_for
    frappe.qb.from_(table)
  File "/home/magic/frappe-bench/apps/frappe/frappe/query_builder/utils.py", line 87, in execute_query
    result = frappe.db.sql(query, params, *args, **kwargs)  # nosemgrep
  File "/home/magic/frappe-bench/apps/frappe/frappe/database/database.py", line 204, in sql
    self.connect()
  File "/home/magic/frappe-bench/apps/frappe/frappe/database/database.py", line 109, in connect
    self._conn: "MariadbConnection" | "PostgresConnection" = self.get_connection()
  File "/home/magic/frappe-bench/apps/frappe/frappe/database/mariadb/database.py", line 107, in get_connection
    conn = self._get_connection()
  File "/home/magic/frappe-bench/apps/frappe/frappe/database/mariadb/database.py", line 113, in _get_connection
    return self.create_connection()
  File "/home/magic/frappe-bench/apps/frappe/frappe/database/mariadb/database.py", line 116, in create_connection
    return pymysql.connect(**self.get_connection_settings())
  File "/home/magic/frappe-bench/env/lib/python3.10/site-packages/pymysql/connections.py", line 361, in __init__
    self.connect()
  File "/home/magic/frappe-bench/env/lib/python3.10/site-packages/pymysql/connections.py", line 669, in connect
    self._request_authentication()
  File "/home/magic/frappe-bench/env/lib/python3.10/site-packages/pymysql/connections.py", line 957, in _request_authentication
    auth_packet = self._read_packet()
  File "/home/magic/frappe-bench/env/lib/python3.10/site-packages/pymysql/connections.py", line 775, in _read_packet
    packet.raise_for_error()
  File "/home/magic/frappe-bench/env/lib/python3.10/site-packages/pymysql/protocol.py", line 219, in raise_for_error
    err.raise_mysql_exception(self._data)
  File "/home/magic/frappe-bench/env/lib/python3.10/site-packages/pymysql/err.py", line 150, in raise_mysql_exception
    raise errorclass(errno, errval)
pymysql.err.OperationalError: (1045, "Access denied for user 'magic'@'localhost' (using password: NO)")

During handling of the above exception, another exception occurred:

Traceback (most recent call last):
  File "/home/magic/frappe-bench/env/lib/python3.10/site-packages/gunicorn/workers/sync.py", line 135, in handle
    self.handle_request(listener, req, client, addr)
  File "/home/magic/frappe-bench/env/lib/python3.10/site-packages/gunicorn/workers/sync.py", line 178, in handle_request
    respiter = self.wsgi(environ, resp.start_response)
  File "/home/magic/frappe-bench/apps/frappe/frappe/app.py", line 79, in application
    app(environ, start_response),
  File "/home/magic/frappe-bench/env/lib/python3.10/site-packages/werkzeug/wrappers/request.py", line 190, in application
    resp = f(*args[:-2] + (request,))
  File "/home/magic/frappe-bench/apps/frappe/frappe/app.py", line 132, in application
    response = handle_exception(e)
  File "/home/magic/frappe-bench/apps/frappe/frappe/app.py", line 323, in handle_exception
    allow_traceback = frappe.get_system_settings("allow_error_traceback") if frappe.db else False
  File "/home/magic/frappe-bench/apps/frappe/frappe/__init__.py", line 2399, in get_system_settings
    local.system_settings = get_cached_doc("System Settings")
  File "/home/magic/frappe-bench/apps/frappe/frappe/__init__.py", line 1214, in get_cached_doc
    doc = get_doc(*args, **kwargs)
  File "/home/magic/frappe-bench/apps/frappe/frappe/__init__.py", line 1340, in get_doc
    doc = frappe.model.document.get_doc(*args, **kwargs)
  File "/home/magic/frappe-bench/apps/frappe/frappe/model/document.py", line 83, in get_doc
    controller = get_controller(doctype)
  File "/home/magic/frappe-bench/apps/frappe/frappe/model/base_document.py", line 70, in get_controller
    site_controllers[doctype] = import_controller(doctype)
  File "/home/magic/frappe-bench/apps/frappe/frappe/model/base_document.py", line 81, in import_controller
    doctype_info = frappe.db.get_value("DocType", doctype, fieldname="*")
  File "/home/magic/frappe-bench/apps/frappe/frappe/database/database.py", line 512, in get_value
    result = self.get_values(
  File "/home/magic/frappe-bench/apps/frappe/frappe/database/database.py", line 616, in get_values
    out = self._get_values_from_table(
  File "/home/magic/frappe-bench/apps/frappe/frappe/database/database.py", line 889, in _get_values_from_table
    return query.run(as_dict=as_dict, debug=debug, update=update, run=run, pluck=pluck)
  File "/home/magic/frappe-bench/apps/frappe/frappe/query_builder/utils.py", line 87, in execute_query
    result = frappe.db.sql(query, params, *args, **kwargs)  # nosemgrep
  File "/home/magic/frappe-bench/apps/frappe/frappe/database/database.py", line 204, in sql
    self.connect()
  File "/home/magic/frappe-bench/apps/frappe/frappe/database/database.py", line 109, in connect
    self._conn: "MariadbConnection" | "PostgresConnection" = self.get_connection()
  File "/home/magic/frappe-bench/apps/frappe/frappe/database/mariadb/database.py", line 107, in get_connection
    conn = self._get_connection()
  File "/home/magic/frappe-bench/apps/frappe/frappe/database/mariadb/database.py", line 113, in _get_connection
    return self.create_connection()
  File "/home/magic/frappe-bench/apps/frappe/frappe/database/mariadb/database.py", line 116, in create_connection
    return pymysql.connect(**self.get_connection_settings())
  File "/home/magic/frappe-bench/env/lib/python3.10/site-packages/pymysql/connections.py", line 361, in __init__
    self.connect()
  File "/home/magic/frappe-bench/env/lib/python3.10/site-packages/pymysql/connections.py", line 669, in connect
    self._request_authentication()
  File "/home/magic/frappe-bench/env/lib/python3.10/site-packages/pymysql/connections.py", line 957, in _request_authentication
    auth_packet = self._read_packet()
  File "/home/magic/frappe-bench/env/lib/python3.10/site-packages/pymysql/connections.py", line 775, in _read_packet
    packet.raise_for_error()
  File "/home/magic/frappe-bench/env/lib/python3.10/site-packages/pymysql/protocol.py", line 219, in raise_for_error
    err.raise_mysql_exception(self._data)
  File "/home/magic/frappe-bench/env/lib/python3.10/site-packages/pymysql/err.py", line 150, in raise_mysql_exception
    raise errorclass(errno, errval)
pymysql.err.OperationalError: (1045, "Access denied for user 'magic'@'localhost' (using password: NO)")
[2024-10-01 13:27:16 -0400] [28734] [ERROR] Error handling request /
Traceback (most recent call last):
  File "/home/magic/frappe-bench/apps/frappe/frappe/app.py", line 99, in application
    init_request(request)
  File "/home/magic/frappe-bench/apps/frappe/frappe/app.py", line 172, in init_request
    frappe.init(site=site, sites_path=_sites_path, force=True)
  File "/home/magic/frappe-bench/apps/frappe/frappe/__init__.py", line 313, in init
    setup_module_map(include_all_apps=not (frappe.request or frappe.job or frappe.flags.in_migrate))
  File "/home/magic/frappe-bench/apps/frappe/frappe/__init__.py", line 1695, in setup_module_map
    apps = get_installed_apps(_ensure_on_bench=True)
  File "/home/magic/frappe-bench/apps/frappe/frappe/utils/caching.py", line 47, in wrapper
    return func(*args, **kwargs)
  File "/home/magic/frappe-bench/apps/frappe/frappe/__init__.py", line 1582, in get_installed_apps
    installed = json.loads(db.get_global("installed_apps") or "[]")
  File "/home/magic/frappe-bench/apps/frappe/frappe/database/database.py", line 998, in get_global
    return self.get_default(key, user)
  File "/home/magic/frappe-bench/apps/frappe/frappe/database/database.py", line 1002, in get_default
    d = self.get_defaults(key, parent)
  File "/home/magic/frappe-bench/apps/frappe/frappe/database/database.py", line 1018, in get_defaults
    defaults = frappe.defaults.get_defaults_for(parent)
  File "/home/magic/frappe-bench/apps/frappe/frappe/defaults.py", line 236, in get_defaults_for
    frappe.qb.from_(table)
  File "/home/magic/frappe-bench/apps/frappe/frappe/query_builder/utils.py", line 87, in execute_query
    result = frappe.db.sql(query, params, *args, **kwargs)  # nosemgrep
  File "/home/magic/frappe-bench/apps/frappe/frappe/database/database.py", line 204, in sql
    self.connect()
  File "/home/magic/frappe-bench/apps/frappe/frappe/database/database.py", line 109, in connect
    self._conn: "MariadbConnection" | "PostgresConnection" = self.get_connection()
  File "/home/magic/frappe-bench/apps/frappe/frappe/database/mariadb/database.py", line 107, in get_connection
    conn = self._get_connection()
  File "/home/magic/frappe-bench/apps/frappe/frappe/database/mariadb/database.py", line 113, in _get_connection
    return self.create_connection()
  File "/home/magic/frappe-bench/apps/frappe/frappe/database/mariadb/database.py", line 116, in create_connection
    return pymysql.connect(**self.get_connection_settings())
  File "/home/magic/frappe-bench/env/lib/python3.10/site-packages/pymysql/connections.py", line 361, in __init__
    self.connect()
  File "/home/magic/frappe-bench/env/lib/python3.10/site-packages/pymysql/connections.py", line 669, in connect
    self._request_authentication()
  File "/home/magic/frappe-bench/env/lib/python3.10/site-packages/pymysql/connections.py", line 957, in _request_authentication
    auth_packet = self._read_packet()
  File "/home/magic/frappe-bench/env/lib/python3.10/site-packages/pymysql/connections.py", line 775, in _read_packet
    packet.raise_for_error()
  File "/home/magic/frappe-bench/env/lib/python3.10/site-packages/pymysql/protocol.py", line 219, in raise_for_error
    err.raise_mysql_exception(self._data)
  File "/home/magic/frappe-bench/env/lib/python3.10/site-packages/pymysql/err.py", line 150, in raise_mysql_exception
    raise errorclass(errno, errval)
pymysql.err.OperationalError: (1045, "Access denied for user 'magic'@'localhost' (using password: NO)")

During handling of the above exception, another exception occurred:

Traceback (most recent call last):
  File "/home/magic/frappe-bench/env/lib/python3.10/site-packages/gunicorn/workers/sync.py", line 135, in handle
    self.handle_request(listener, req, client, addr)
  File "/home/magic/frappe-bench/env/lib/python3.10/site-packages/gunicorn/workers/sync.py", line 178, in handle_request
    respiter = self.wsgi(environ, resp.start_response)
  File "/home/magic/frappe-bench/apps/frappe/frappe/app.py", line 79, in application
    app(environ, start_response),
  File "/home/magic/frappe-bench/env/lib/python3.10/site-packages/werkzeug/wrappers/request.py", line 190, in application
    resp = f(*args[:-2] + (request,))
  File "/home/magic/frappe-bench/apps/frappe/frappe/app.py", line 132, in application
    response = handle_exception(e)
  File "/home/magic/frappe-bench/apps/frappe/frappe/app.py", line 323, in handle_exception
    allow_traceback = frappe.get_system_settings("allow_error_traceback") if frappe.db else False
  File "/home/magic/frappe-bench/apps/frappe/frappe/__init__.py", line 2399, in get_system_settings
    local.system_settings = get_cached_doc("System Settings")
  File "/home/magic/frappe-bench/apps/frappe/frappe/__init__.py", line 1214, in get_cached_doc
    doc = get_doc(*args, **kwargs)
  File "/home/magic/frappe-bench/apps/frappe/frappe/__init__.py", line 1340, in get_doc
    doc = frappe.model.document.get_doc(*args, **kwargs)
  File "/home/magic/frappe-bench/apps/frappe/frappe/model/document.py", line 83, in get_doc
    controller = get_controller(doctype)
  File "/home/magic/frappe-bench/apps/frappe/frappe/model/base_document.py", line 70, in get_controller
    site_controllers[doctype] = import_controller(doctype)
  File "/home/magic/frappe-bench/apps/frappe/frappe/model/base_document.py", line 81, in import_controller
    doctype_info = frappe.db.get_value("DocType", doctype, fieldname="*")
  File "/home/magic/frappe-bench/apps/frappe/frappe/database/database.py", line 512, in get_value
    result = self.get_values(
  File "/home/magic/frappe-bench/apps/frappe/frappe/database/database.py", line 616, in get_values
    out = self._get_values_from_table(
  File "/home/magic/frappe-bench/apps/frappe/frappe/database/database.py", line 889, in _get_values_from_table
    return query.run(as_dict=as_dict, debug=debug, update=update, run=run, pluck=pluck)
  File "/home/magic/frappe-bench/apps/frappe/frappe/query_builder/utils.py", line 87, in execute_query
    result = frappe.db.sql(query, params, *args, **kwargs)  # nosemgrep
  File "/home/magic/frappe-bench/apps/frappe/frappe/database/database.py", line 204, in sql
    self.connect()
  File "/home/magic/frappe-bench/apps/frappe/frappe/database/database.py", line 109, in connect
    self._conn: "MariadbConnection" | "PostgresConnection" = self.get_connection()
  File "/home/magic/frappe-bench/apps/frappe/frappe/database/mariadb/database.py", line 107, in get_connection
    conn = self._get_connection()
  File "/home/magic/frappe-bench/apps/frappe/frappe/database/mariadb/database.py", line 113, in _get_connection
    return self.create_connection()
  File "/home/magic/frappe-bench/apps/frappe/frappe/database/mariadb/database.py", line 116, in create_connection
    return pymysql.connect(**self.get_connection_settings())
  File "/home/magic/frappe-bench/env/lib/python3.10/site-packages/pymysql/connections.py", line 361, in __init__
    self.connect()
  File "/home/magic/frappe-bench/env/lib/python3.10/site-packages/pymysql/connections.py", line 669, in connect
    self._request_authentication()
  File "/home/magic/frappe-bench/env/lib/python3.10/site-packages/pymysql/connections.py", line 957, in _request_authentication
    auth_packet = self._read_packet()
  File "/home/magic/frappe-bench/env/lib/python3.10/site-packages/pymysql/connections.py", line 775, in _read_packet
    packet.raise_for_error()
  File "/home/magic/frappe-bench/env/lib/python3.10/site-packages/pymysql/protocol.py", line 219, in raise_for_error
    err.raise_mysql_exception(self._data)
  File "/home/magic/frappe-bench/env/lib/python3.10/site-packages/pymysql/err.py", line 150, in raise_mysql_exception
    raise errorclass(errno, errval)
pymysql.err.OperationalError: (1045, "Access denied for user 'magic'@'localhost' (using password: NO)")
[2024-10-01 13:31:36 -0400] [28683] [INFO] Handling signal: term
[2024-10-01 13:31:36 -0400] [28717] [INFO] Worker exiting (pid: 28717)
[2024-10-01 13:31:36 -0400] [28715] [INFO] Worker exiting (pid: 28715)
[2024-10-01 13:31:36 -0400] [28716] [INFO] Worker exiting (pid: 28716)
[2024-10-01 13:31:36 -0400] [28718] [INFO] Worker exiting (pid: 28718)
[2024-10-01 13:31:36 -0400] [28724] [INFO] Worker exiting (pid: 28724)
[2024-10-01 13:31:36 -0400] [28719] [INFO] Worker exiting (pid: 28719)
[2024-10-01 13:31:36 -0400] [28728] [INFO] Worker exiting (pid: 28728)
[2024-10-01 13:31:36 -0400] [28720] [INFO] Worker exiting (pid: 28720)
[2024-10-01 13:31:36 -0400] [28721] [INFO] Worker exiting (pid: 28721)
[2024-10-01 13:31:36 -0400] [28722] [INFO] Worker exiting (pid: 28722)
[2024-10-01 13:31:36 -0400] [28734] [INFO] Worker exiting (pid: 28734)
[2024-10-01 13:31:36 -0400] [28727] [INFO] Worker exiting (pid: 28727)
[2024-10-01 13:31:36 -0400] [28725] [INFO] Worker exiting (pid: 28725)
[2024-10-01 13:31:36 -0400] [28732] [INFO] Worker exiting (pid: 28732)
[2024-10-01 13:31:36 -0400] [28723] [INFO] Worker exiting (pid: 28723)
[2024-10-01 13:31:36 -0400] [28726] [INFO] Worker exiting (pid: 28726)
[2024-10-01 13:31:36 -0400] [28733] [INFO] Worker exiting (pid: 28733)
[2024-10-01 13:31:37 -0400] [28683] [INFO] Shutting down: Master
[2024-10-01 13:31:47 -0400] [28835] [INFO] Starting gunicorn 22.0.0
[2024-10-01 13:31:47 -0400] [28835] [INFO] Listening at: http://127.0.0.1:8000 (28835)
[2024-10-01 13:31:47 -0400] [28835] [INFO] Using worker: sync
[2024-10-01 13:31:47 -0400] [28884] [INFO] Booting worker with pid: 28884
[2024-10-01 13:31:47 -0400] [28885] [INFO] Booting worker with pid: 28885
[2024-10-01 13:31:47 -0400] [28886] [INFO] Booting worker with pid: 28886
[2024-10-01 13:31:47 -0400] [28887] [INFO] Booting worker with pid: 28887
[2024-10-01 13:31:47 -0400] [28888] [INFO] Booting worker with pid: 28888
[2024-10-01 13:31:47 -0400] [28889] [INFO] Booting worker with pid: 28889
[2024-10-01 13:31:47 -0400] [28890] [INFO] Booting worker with pid: 28890
[2024-10-01 13:31:47 -0400] [28891] [INFO] Booting worker with pid: 28891
[2024-10-01 13:31:47 -0400] [28892] [INFO] Booting worker with pid: 28892
[2024-10-01 13:31:47 -0400] [28893] [INFO] Booting worker with pid: 28893
[2024-10-01 13:31:47 -0400] [28894] [INFO] Booting worker with pid: 28894
[2024-10-01 13:31:47 -0400] [28895] [INFO] Booting worker with pid: 28895
[2024-10-01 13:31:48 -0400] [28896] [INFO] Booting worker with pid: 28896
[2024-10-01 13:31:48 -0400] [28897] [INFO] Booting worker with pid: 28897
[2024-10-01 13:31:48 -0400] [28898] [INFO] Booting worker with pid: 28898
[2024-10-01 13:31:48 -0400] [28899] [INFO] Booting worker with pid: 28899
[2024-10-01 13:31:48 -0400] [28900] [INFO] Booting worker with pid: 28900
[2024-10-01 18:45:04 -0400] [28835] [INFO] Handling signal: term
[2024-10-01 18:45:04 -0400] [28885] [INFO] Worker exiting (pid: 28885)
[2024-10-01 18:45:04 -0400] [28887] [INFO] Worker exiting (pid: 28887)
[2024-10-01 18:45:04 -0400] [28886] [INFO] Worker exiting (pid: 28886)
[2024-10-01 18:45:04 -0400] [28893] [INFO] Worker exiting (pid: 28893)
[2024-10-01 18:45:04 -0400] [28890] [INFO] Worker exiting (pid: 28890)
[2024-10-01 18:45:04 -0400] [28891] [INFO] Worker exiting (pid: 28891)
[2024-10-01 18:45:04 -0400] [28888] [INFO] Worker exiting (pid: 28888)
[2024-10-01 18:45:04 -0400] [28892] [INFO] Worker exiting (pid: 28892)
[2024-10-01 18:45:04 -0400] [28897] [INFO] Worker exiting (pid: 28897)
[2024-10-01 18:45:04 -0400] [28899] [INFO] Worker exiting (pid: 28899)
[2024-10-01 18:45:04 -0400] [28898] [INFO] Worker exiting (pid: 28898)
[2024-10-01 18:45:04 -0400] [28896] [INFO] Worker exiting (pid: 28896)
[2024-10-01 18:45:04 -0400] [28895] [INFO] Worker exiting (pid: 28895)
[2024-10-01 18:45:04 -0400] [28889] [INFO] Worker exiting (pid: 28889)
[2024-10-01 18:45:04 -0400] [28900] [INFO] Worker exiting (pid: 28900)
[2024-10-01 18:45:04 -0400] [28884] [INFO] Worker exiting (pid: 28884)
[2024-10-01 18:45:04 -0400] [28894] [INFO] Worker exiting (pid: 28894)
[2024-10-01 18:45:06 -0400] [28835] [INFO] Shutting down: Master
[2024-10-01 18:45:17 -0400] [29879] [INFO] Starting gunicorn 22.0.0
[2024-10-01 18:45:17 -0400] [29879] [INFO] Listening at: http://127.0.0.1:8000 (29879)
[2024-10-01 18:45:17 -0400] [29879] [INFO] Using worker: sync
[2024-10-01 18:45:17 -0400] [29923] [INFO] Booting worker with pid: 29923
[2024-10-01 18:45:17 -0400] [29924] [INFO] Booting worker with pid: 29924
[2024-10-01 18:45:17 -0400] [29925] [INFO] Booting worker with pid: 29925
[2024-10-01 18:45:17 -0400] [29926] [INFO] Booting worker with pid: 29926
[2024-10-01 18:45:17 -0400] [29927] [INFO] Booting worker with pid: 29927
[2024-10-01 18:45:17 -0400] [29928] [INFO] Booting worker with pid: 29928
[2024-10-01 18:45:17 -0400] [29929] [INFO] Booting worker with pid: 29929
[2024-10-01 18:45:17 -0400] [29930] [INFO] Booting worker with pid: 29930
[2024-10-01 18:45:17 -0400] [29931] [INFO] Booting worker with pid: 29931
[2024-10-01 18:45:17 -0400] [29932] [INFO] Booting worker with pid: 29932
[2024-10-01 18:45:18 -0400] [29933] [INFO] Booting worker with pid: 29933
[2024-10-01 18:45:18 -0400] [29934] [INFO] Booting worker with pid: 29934
[2024-10-01 18:45:18 -0400] [29935] [INFO] Booting worker with pid: 29935
[2024-10-01 18:45:18 -0400] [29936] [INFO] Booting worker with pid: 29936
[2024-10-01 18:45:18 -0400] [29937] [INFO] Booting worker with pid: 29937
[2024-10-01 18:45:18 -0400] [29938] [INFO] Booting worker with pid: 29938
[2024-10-01 18:45:18 -0400] [29939] [INFO] Booting worker with pid: 29939
[2024-10-01 18:51:08 -0400] [29879] [INFO] Handling signal: term
[2024-10-01 18:51:08 -0400] [29928] [INFO] Worker exiting (pid: 29928)
[2024-10-01 18:51:08 -0400] [29925] [INFO] Worker exiting (pid: 29925)
[2024-10-01 18:51:08 -0400] [29927] [INFO] Worker exiting (pid: 29927)
[2024-10-01 18:51:08 -0400] [29923] [INFO] Worker exiting (pid: 29923)
[2024-10-01 18:51:08 -0400] [29926] [INFO] Worker exiting (pid: 29926)
[2024-10-01 18:51:08 -0400] [29924] [INFO] Worker exiting (pid: 29924)
[2024-10-01 18:51:08 -0400] [29929] [INFO] Worker exiting (pid: 29929)
[2024-10-01 18:51:08 -0400] [29933] [INFO] Worker exiting (pid: 29933)
[2024-10-01 18:51:08 -0400] [29931] [INFO] Worker exiting (pid: 29931)
[2024-10-01 18:51:08 -0400] [29939] [INFO] Worker exiting (pid: 29939)
[2024-10-01 18:51:08 -0400] [29930] [INFO] Worker exiting (pid: 29930)
[2024-10-01 18:51:08 -0400] [29935] [INFO] Worker exiting (pid: 29935)
[2024-10-01 18:51:08 -0400] [29938] [INFO] Worker exiting (pid: 29938)
[2024-10-01 18:51:08 -0400] [29937] [INFO] Worker exiting (pid: 29937)
[2024-10-01 18:51:08 -0400] [29934] [INFO] Worker exiting (pid: 29934)
[2024-10-01 18:51:08 -0400] [29932] [INFO] Worker exiting (pid: 29932)
[2024-10-01 18:51:08 -0400] [29936] [INFO] Worker exiting (pid: 29936)
[2024-10-01 18:51:09 -0400] [29879] [INFO] Shutting down: Master
[2024-10-01 18:51:19 -0400] [29988] [INFO] Starting gunicorn 22.0.0
[2024-10-01 18:51:19 -0400] [29988] [INFO] Listening at: http://127.0.0.1:8000 (29988)
[2024-10-01 18:51:19 -0400] [29988] [INFO] Using worker: sync
[2024-10-01 18:51:19 -0400] [30024] [INFO] Booting worker with pid: 30024
[2024-10-01 18:51:19 -0400] [30025] [INFO] Booting worker with pid: 30025
[2024-10-01 18:51:19 -0400] [30026] [INFO] Booting worker with pid: 30026
[2024-10-01 18:51:19 -0400] [30027] [INFO] Booting worker with pid: 30027
[2024-10-01 18:51:20 -0400] [30028] [INFO] Booting worker with pid: 30028
[2024-10-01 18:51:20 -0400] [30029] [INFO] Booting worker with pid: 30029
[2024-10-01 18:51:20 -0400] [30030] [INFO] Booting worker with pid: 30030
[2024-10-01 18:51:20 -0400] [30031] [INFO] Booting worker with pid: 30031
[2024-10-01 18:51:20 -0400] [30032] [INFO] Booting worker with pid: 30032
[2024-10-01 18:51:20 -0400] [30033] [INFO] Booting worker with pid: 30033
[2024-10-01 18:51:20 -0400] [30034] [INFO] Booting worker with pid: 30034
[2024-10-01 18:51:20 -0400] [30035] [INFO] Booting worker with pid: 30035
[2024-10-01 18:51:20 -0400] [30036] [INFO] Booting worker with pid: 30036
[2024-10-01 18:51:20 -0400] [30037] [INFO] Booting worker with pid: 30037
[2024-10-01 18:51:20 -0400] [30038] [INFO] Booting worker with pid: 30038
[2024-10-01 18:51:20 -0400] [30039] [INFO] Booting worker with pid: 30039
[2024-10-01 18:51:20 -0400] [30040] [INFO] Booting worker with pid: 30040
[2024-10-01 23:17:08 -0400] [30025] [WARNING] Invalid request from ip=127.0.0.1: Request Line is too large (8192 > 4094)
[2024-10-02 08:47:28 -0400] [1322] [INFO] Starting gunicorn 22.0.0
[2024-10-02 08:47:28 -0400] [1322] [INFO] Listening at: http://127.0.0.1:8000 (1322)
[2024-10-02 08:47:28 -0400] [1322] [INFO] Using worker: sync
[2024-10-02 08:47:28 -0400] [3344] [INFO] Booting worker with pid: 3344
[2024-10-02 08:47:28 -0400] [3345] [INFO] Booting worker with pid: 3345
[2024-10-02 08:47:28 -0400] [3346] [INFO] Booting worker with pid: 3346
[2024-10-02 08:47:28 -0400] [3347] [INFO] Booting worker with pid: 3347
[2024-10-02 08:47:28 -0400] [3348] [INFO] Booting worker with pid: 3348
[2024-10-02 08:47:28 -0400] [3349] [INFO] Booting worker with pid: 3349
[2024-10-02 08:47:28 -0400] [3350] [INFO] Booting worker with pid: 3350
[2024-10-02 08:47:28 -0400] [3351] [INFO] Booting worker with pid: 3351
[2024-10-02 08:47:28 -0400] [3352] [INFO] Booting worker with pid: 3352
[2024-10-02 08:47:28 -0400] [3353] [INFO] Booting worker with pid: 3353
[2024-10-02 08:47:28 -0400] [3354] [INFO] Booting worker with pid: 3354
[2024-10-02 08:47:28 -0400] [3355] [INFO] Booting worker with pid: 3355
[2024-10-02 08:47:28 -0400] [3356] [INFO] Booting worker with pid: 3356
[2024-10-02 08:47:28 -0400] [3357] [INFO] Booting worker with pid: 3357
[2024-10-02 08:47:28 -0400] [3358] [INFO] Booting worker with pid: 3358
[2024-10-02 08:47:29 -0400] [3359] [INFO] Booting worker with pid: 3359
[2024-10-02 08:47:29 -0400] [3360] [INFO] Booting worker with pid: 3360
[2024-10-02 11:41:31 -0400] [1322] [INFO] Handling signal: term
[2024-10-02 11:41:31 -0400] [3355] [INFO] Worker exiting (pid: 3355)
[2024-10-02 11:41:31 -0400] [3353] [INFO] Worker exiting (pid: 3353)
[2024-10-02 11:41:31 -0400] [3348] [INFO] Worker exiting (pid: 3348)
[2024-10-02 11:41:31 -0400] [3359] [INFO] Worker exiting (pid: 3359)
[2024-10-02 11:41:31 -0400] [3351] [INFO] Worker exiting (pid: 3351)
[2024-10-02 11:41:31 -0400] [3352] [INFO] Worker exiting (pid: 3352)
[2024-10-02 11:41:31 -0400] [3356] [INFO] Worker exiting (pid: 3356)
[2024-10-02 11:41:31 -0400] [3347] [INFO] Worker exiting (pid: 3347)
[2024-10-02 11:41:31 -0400] [3346] [INFO] Worker exiting (pid: 3346)
[2024-10-02 11:41:31 -0400] [3344] [INFO] Worker exiting (pid: 3344)
[2024-10-02 11:41:31 -0400] [3354] [INFO] Worker exiting (pid: 3354)
[2024-10-02 11:41:31 -0400] [3345] [INFO] Worker exiting (pid: 3345)
[2024-10-02 11:41:31 -0400] [3349] [INFO] Worker exiting (pid: 3349)
[2024-10-02 11:41:31 -0400] [3360] [INFO] Worker exiting (pid: 3360)
[2024-10-02 11:41:31 -0400] [3350] [INFO] Worker exiting (pid: 3350)
[2024-10-02 11:41:31 -0400] [3358] [INFO] Worker exiting (pid: 3358)
[2024-10-02 11:41:31 -0400] [3357] [INFO] Worker exiting (pid: 3357)
[2024-10-02 11:41:38 -0400] [1322] [INFO] Shutting down: Master
[2024-10-02 11:41:46 -0400] [8106] [INFO] Starting gunicorn 22.0.0
[2024-10-02 11:41:46 -0400] [8106] [INFO] Listening at: http://127.0.0.1:8000 (8106)
[2024-10-02 11:41:46 -0400] [8106] [INFO] Using worker: sync
[2024-10-02 11:41:46 -0400] [8115] [INFO] Booting worker with pid: 8115
[2024-10-02 11:41:46 -0400] [8116] [INFO] Booting worker with pid: 8116
[2024-10-02 11:41:46 -0400] [8117] [INFO] Booting worker with pid: 8117
[2024-10-02 11:41:46 -0400] [8118] [INFO] Booting worker with pid: 8118
[2024-10-02 11:41:46 -0400] [8119] [INFO] Booting worker with pid: 8119
[2024-10-02 11:41:46 -0400] [8120] [INFO] Booting worker with pid: 8120
[2024-10-02 11:41:46 -0400] [8121] [INFO] Booting worker with pid: 8121
[2024-10-02 11:41:46 -0400] [8122] [INFO] Booting worker with pid: 8122
[2024-10-02 11:41:46 -0400] [8123] [INFO] Booting worker with pid: 8123
[2024-10-02 11:41:46 -0400] [8124] [INFO] Booting worker with pid: 8124
[2024-10-02 11:41:46 -0400] [8125] [INFO] Booting worker with pid: 8125
[2024-10-02 11:41:46 -0400] [8126] [INFO] Booting worker with pid: 8126
[2024-10-02 11:41:46 -0400] [8127] [INFO] Booting worker with pid: 8127
[2024-10-02 11:41:46 -0400] [8128] [INFO] Booting worker with pid: 8128
[2024-10-02 11:41:47 -0400] [8129] [INFO] Booting worker with pid: 8129
[2024-10-02 11:41:47 -0400] [8130] [INFO] Booting worker with pid: 8130
[2024-10-02 11:41:47 -0400] [8131] [INFO] Booting worker with pid: 8131
[2024-10-02 13:35:30 -0400] [8106] [INFO] Handling signal: term
[2024-10-02 13:35:32 -0400] [8124] [INFO] Worker exiting (pid: 8124)
[2024-10-02 13:35:32 -0400] [8120] [INFO] Worker exiting (pid: 8120)
[2024-10-02 13:35:32 -0400] [8115] [INFO] Worker exiting (pid: 8115)
[2024-10-02 13:35:32 -0400] [8121] [INFO] Worker exiting (pid: 8121)
[2024-10-02 13:35:31 -0400] [8116] [INFO] Worker exiting (pid: 8116)
[2024-10-02 13:35:32 -0400] [8129] [INFO] Worker exiting (pid: 8129)
[2024-10-02 13:35:31 -0400] [8127] [INFO] Worker exiting (pid: 8127)
[2024-10-02 13:35:31 -0400] [8130] [INFO] Worker exiting (pid: 8130)
[2024-10-02 13:35:32 -0400] [8131] [INFO] Worker exiting (pid: 8131)
[2024-10-02 13:35:31 -0400] [8123] [INFO] Worker exiting (pid: 8123)
[2024-10-02 13:35:32 -0400] [8125] [INFO] Worker exiting (pid: 8125)
[2024-10-02 13:35:32 -0400] [8126] [INFO] Worker exiting (pid: 8126)
[2024-10-02 13:35:32 -0400] [8128] [INFO] Worker exiting (pid: 8128)
[2024-10-02 13:35:32 -0400] [8119] [INFO] Worker exiting (pid: 8119)
[2024-10-02 13:35:31 -0400] [8122] [INFO] Worker exiting (pid: 8122)
[2024-10-02 13:35:32 -0400] [8117] [INFO] Worker exiting (pid: 8117)
[2024-10-02 13:35:32 -0400] [8118] [INFO] Worker exiting (pid: 8118)
[2024-10-02 13:36:01 -0400] [8106] [INFO] Shutting down: Master
[2024-10-02 13:36:01 -0400] [8106] [ERROR] Worker (pid:8116) was sent SIGKILL! Perhaps out of memory?
[2024-10-02 13:36:01 -0400] [8106] [ERROR] Worker (pid:8117) was sent SIGKILL! Perhaps out of memory?
[2024-10-02 13:36:01 -0400] [8106] [ERROR] Worker (pid:8118) was sent SIGKILL! Perhaps out of memory?
[2024-10-02 13:36:01 -0400] [8106] [ERROR] Worker (pid:8119) was sent SIGKILL! Perhaps out of memory?
[2024-10-02 13:36:01 -0400] [8106] [ERROR] Worker (pid:8120) was sent SIGKILL! Perhaps out of memory?
[2024-10-02 13:36:01 -0400] [8106] [ERROR] Worker (pid:8121) was sent SIGKILL! Perhaps out of memory?
[2024-10-02 13:36:01 -0400] [8106] [ERROR] Worker (pid:8122) was sent SIGKILL! Perhaps out of memory?
[2024-10-02 13:36:01 -0400] [8106] [ERROR] Worker (pid:8123) was sent SIGKILL! Perhaps out of memory?
[2024-10-02 13:36:01 -0400] [8106] [ERROR] Worker (pid:8124) was sent SIGKILL! Perhaps out of memory?
[2024-10-02 13:36:01 -0400] [8106] [ERROR] Worker (pid:8125) was sent SIGKILL! Perhaps out of memory?
[2024-10-02 13:36:01 -0400] [8106] [ERROR] Worker (pid:8126) was sent SIGKILL! Perhaps out of memory?
[2024-10-02 13:36:01 -0400] [8106] [ERROR] Worker (pid:8127) was sent SIGKILL! Perhaps out of memory?
[2024-10-02 13:36:01 -0400] [8106] [ERROR] Worker (pid:8128) was sent SIGKILL! Perhaps out of memory?
[2024-10-02 13:36:01 -0400] [8106] [ERROR] Worker (pid:8129) was sent SIGKILL! Perhaps out of memory?
[2024-10-02 13:36:01 -0400] [8106] [ERROR] Worker (pid:8130) was sent SIGKILL! Perhaps out of memory?
[2024-10-02 13:36:01 -0400] [8106] [ERROR] Worker (pid:8131) was sent SIGKILL! Perhaps out of memory?
[2024-10-02 13:36:01 -0400] [8106] [ERROR] Worker (pid:8115) was sent SIGKILL! Perhaps out of memory?
[2024-10-02 13:36:28 -0400] [9627] [INFO] Starting gunicorn 22.0.0
[2024-10-02 13:36:28 -0400] [9627] [INFO] Listening at: http://127.0.0.1:8000 (9627)
[2024-10-02 13:36:28 -0400] [9627] [INFO] Using worker: sync
[2024-10-02 13:36:28 -0400] [9647] [INFO] Booting worker with pid: 9647
[2024-10-02 13:36:28 -0400] [9648] [INFO] Booting worker with pid: 9648
[2024-10-02 13:36:28 -0400] [9649] [INFO] Booting worker with pid: 9649
[2024-10-02 13:36:28 -0400] [9650] [INFO] Booting worker with pid: 9650
[2024-10-02 13:36:29 -0400] [9651] [INFO] Booting worker with pid: 9651
[2024-10-02 13:36:29 -0400] [9652] [INFO] Booting worker with pid: 9652
[2024-10-02 13:36:29 -0400] [9653] [INFO] Booting worker with pid: 9653
[2024-10-02 13:36:29 -0400] [9654] [INFO] Booting worker with pid: 9654
[2024-10-02 13:36:29 -0400] [9655] [INFO] Booting worker with pid: 9655
[2024-10-02 13:36:29 -0400] [9656] [INFO] Booting worker with pid: 9656
[2024-10-02 13:36:29 -0400] [9657] [INFO] Booting worker with pid: 9657
[2024-10-02 13:36:29 -0400] [9659] [INFO] Booting worker with pid: 9659
[2024-10-02 13:36:29 -0400] [9660] [INFO] Booting worker with pid: 9660
[2024-10-02 13:36:29 -0400] [9661] [INFO] Booting worker with pid: 9661
[2024-10-02 13:36:29 -0400] [9664] [INFO] Booting worker with pid: 9664
[2024-10-02 13:36:29 -0400] [9665] [INFO] Booting worker with pid: 9665
[2024-10-02 13:36:29 -0400] [9666] [INFO] Booting worker with pid: 9666
[2024-10-03 09:40:09 -0400] [9627] [INFO] Handling signal: term
[2024-10-03 09:40:12 -0400] [9651] [INFO] Worker exiting (pid: 9651)
[2024-10-03 09:40:12 -0400] [9653] [INFO] Worker exiting (pid: 9653)
[2024-10-03 09:40:12 -0400] [9652] [INFO] Worker exiting (pid: 9652)
[2024-10-03 09:40:13 -0400] [9650] [INFO] Worker exiting (pid: 9650)
[2024-10-03 09:40:12 -0400] [9654] [INFO] Worker exiting (pid: 9654)
[2024-10-03 09:40:13 -0400] [9656] [INFO] Worker exiting (pid: 9656)
[2024-10-03 09:40:13 -0400] [9649] [INFO] Worker exiting (pid: 9649)
[2024-10-03 09:40:12 -0400] [9660] [INFO] Worker exiting (pid: 9660)
[2024-10-03 09:40:12 -0400] [9657] [INFO] Worker exiting (pid: 9657)
[2024-10-03 09:40:13 -0400] [9661] [INFO] Worker exiting (pid: 9661)
[2024-10-03 09:40:12 -0400] [9648] [INFO] Worker exiting (pid: 9648)
[2024-10-03 09:40:13 -0400] [9666] [INFO] Worker exiting (pid: 9666)
[2024-10-03 09:40:13 -0400] [9655] [INFO] Worker exiting (pid: 9655)
[2024-10-03 09:40:13 -0400] [9659] [INFO] Worker exiting (pid: 9659)
[2024-10-03 09:40:13 -0400] [9647] [INFO] Worker exiting (pid: 9647)
[2024-10-03 09:40:15 -0400] [9665] [INFO] Worker exiting (pid: 9665)
[2024-10-03 09:40:15 -0400] [9664] [INFO] Worker exiting (pid: 9664)
[2024-10-03 09:40:40 -0400] [9627] [INFO] Shutting down: Master
[2024-10-03 09:40:40 -0400] [9627] [ERROR] Worker (pid:9648) was sent SIGKILL! Perhaps out of memory?
[2024-10-03 09:40:40 -0400] [9627] [ERROR] Worker (pid:9652) was sent SIGKILL! Perhaps out of memory?
[2024-10-03 09:40:40 -0400] [9627] [ERROR] Worker (pid:9653) was sent SIGKILL! Perhaps out of memory?
[2024-10-03 09:40:40 -0400] [9627] [ERROR] Worker (pid:9654) was sent SIGKILL! Perhaps out of memory?
[2024-10-03 09:40:40 -0400] [9627] [ERROR] Worker (pid:9655) was sent SIGKILL! Perhaps out of memory?
[2024-10-03 09:40:40 -0400] [9627] [ERROR] Worker (pid:9656) was sent SIGKILL! Perhaps out of memory?
[2024-10-03 09:40:40 -0400] [9627] [ERROR] Worker (pid:9657) was sent SIGKILL! Perhaps out of memory?
[2024-10-03 09:40:40 -0400] [9627] [ERROR] Worker (pid:9659) was sent SIGKILL! Perhaps out of memory?
[2024-10-03 09:40:40 -0400] [9627] [ERROR] Worker (pid:9660) was sent SIGKILL! Perhaps out of memory?
[2024-10-03 09:40:40 -0400] [9627] [ERROR] Worker (pid:9661) was sent SIGKILL! Perhaps out of memory?
[2024-10-03 09:40:40 -0400] [9627] [ERROR] Worker (pid:9664) was sent SIGKILL! Perhaps out of memory?
[2024-10-03 09:40:40 -0400] [9627] [ERROR] Worker (pid:9665) was sent SIGKILL! Perhaps out of memory?
[2024-10-03 09:40:40 -0400] [9627] [ERROR] Worker (pid:9666) was sent SIGKILL! Perhaps out of memory?
[2024-10-03 09:40:40 -0400] [9627] [ERROR] Worker (pid:9651) was sent SIGKILL! Perhaps out of memory?
[2024-10-03 09:40:40 -0400] [9627] [ERROR] Worker (pid:9647) was sent SIGKILL! Perhaps out of memory?
[2024-10-03 09:40:40 -0400] [9627] [ERROR] Worker (pid:9650) was sent SIGKILL! Perhaps out of memory?
[2024-10-03 09:40:40 -0400] [9627] [ERROR] Worker (pid:9649) was sent SIGKILL! Perhaps out of memory?
[2024-10-03 10:48:29 -0400] [311602] [INFO] Starting gunicorn 22.0.0
[2024-10-03 10:48:29 -0400] [311602] [INFO] Listening at: http://127.0.0.1:8000 (311602)
[2024-10-03 10:48:29 -0400] [311602] [INFO] Using worker: sync
[2024-10-03 10:48:29 -0400] [311638] [INFO] Booting worker with pid: 311638
[2024-10-03 10:48:29 -0400] [311639] [INFO] Booting worker with pid: 311639
[2024-10-03 10:48:29 -0400] [311640] [INFO] Booting worker with pid: 311640
[2024-10-03 10:48:29 -0400] [311641] [INFO] Booting worker with pid: 311641
[2024-10-03 10:48:29 -0400] [311642] [INFO] Booting worker with pid: 311642
[2024-10-03 10:48:29 -0400] [311643] [INFO] Booting worker with pid: 311643
[2024-10-03 10:48:30 -0400] [311644] [INFO] Booting worker with pid: 311644
[2024-10-03 10:48:30 -0400] [311645] [INFO] Booting worker with pid: 311645
[2024-10-03 10:48:30 -0400] [311646] [INFO] Booting worker with pid: 311646
[2024-10-03 10:48:30 -0400] [311647] [INFO] Booting worker with pid: 311647
[2024-10-03 10:48:30 -0400] [311648] [INFO] Booting worker with pid: 311648
[2024-10-03 10:48:30 -0400] [311649] [INFO] Booting worker with pid: 311649
[2024-10-03 10:48:30 -0400] [311650] [INFO] Booting worker with pid: 311650
[2024-10-03 10:48:30 -0400] [311651] [INFO] Booting worker with pid: 311651
[2024-10-03 10:48:30 -0400] [311652] [INFO] Booting worker with pid: 311652
[2024-10-03 10:48:30 -0400] [311653] [INFO] Booting worker with pid: 311653
[2024-10-03 10:48:30 -0400] [311654] [INFO] Booting worker with pid: 311654
[2024-10-03 11:11:33 -0400] [311602] [INFO] Handling signal: term
[2024-10-03 11:11:33 -0400] [311641] [INFO] Worker exiting (pid: 311641)
[2024-10-03 11:11:33 -0400] [311640] [INFO] Worker exiting (pid: 311640)
[2024-10-03 11:11:33 -0400] [311642] [INFO] Worker exiting (pid: 311642)
[2024-10-03 11:11:33 -0400] [311639] [INFO] Worker exiting (pid: 311639)
[2024-10-03 11:11:33 -0400] [311638] [INFO] Worker exiting (pid: 311638)
[2024-10-03 11:11:33 -0400] [311643] [INFO] Worker exiting (pid: 311643)
[2024-10-03 11:11:33 -0400] [311645] [INFO] Worker exiting (pid: 311645)
[2024-10-03 11:11:33 -0400] [311646] [INFO] Worker exiting (pid: 311646)
[2024-10-03 11:11:33 -0400] [311651] [INFO] Worker exiting (pid: 311651)
[2024-10-03 11:11:33 -0400] [311649] [INFO] Worker exiting (pid: 311649)
[2024-10-03 11:11:33 -0400] [311652] [INFO] Worker exiting (pid: 311652)
[2024-10-03 11:11:33 -0400] [311648] [INFO] Worker exiting (pid: 311648)
[2024-10-03 11:11:33 -0400] [311654] [INFO] Worker exiting (pid: 311654)
[2024-10-03 11:11:33 -0400] [311653] [INFO] Worker exiting (pid: 311653)
[2024-10-03 11:11:33 -0400] [311644] [INFO] Worker exiting (pid: 311644)
[2024-10-03 11:11:33 -0400] [311650] [INFO] Worker exiting (pid: 311650)
[2024-10-03 11:11:33 -0400] [311647] [INFO] Worker exiting (pid: 311647)
[2024-10-03 11:11:33 -0400] [311602] [INFO] Shutting down: Master
[2024-10-03 11:11:41 -0400] [311785] [INFO] Starting gunicorn 22.0.0
[2024-10-03 11:11:41 -0400] [311785] [INFO] Listening at: http://127.0.0.1:8000 (311785)
[2024-10-03 11:11:41 -0400] [311785] [INFO] Using worker: sync
[2024-10-03 11:11:41 -0400] [311812] [INFO] Booting worker with pid: 311812
[2024-10-03 11:11:41 -0400] [311813] [INFO] Booting worker with pid: 311813
[2024-10-03 11:11:41 -0400] [311814] [INFO] Booting worker with pid: 311814
[2024-10-03 11:11:41 -0400] [311815] [INFO] Booting worker with pid: 311815
[2024-10-03 11:11:41 -0400] [311816] [INFO] Booting worker with pid: 311816
[2024-10-03 11:11:41 -0400] [311817] [INFO] Booting worker with pid: 311817
[2024-10-03 11:11:41 -0400] [311818] [INFO] Booting worker with pid: 311818
[2024-10-03 11:11:41 -0400] [311819] [INFO] Booting worker with pid: 311819
[2024-10-03 11:11:41 -0400] [311820] [INFO] Booting worker with pid: 311820
[2024-10-03 11:11:42 -0400] [311821] [INFO] Booting worker with pid: 311821
[2024-10-03 11:11:42 -0400] [311822] [INFO] Booting worker with pid: 311822
[2024-10-03 11:11:42 -0400] [311823] [INFO] Booting worker with pid: 311823
[2024-10-03 11:11:42 -0400] [311824] [INFO] Booting worker with pid: 311824
[2024-10-03 11:11:42 -0400] [311825] [INFO] Booting worker with pid: 311825
[2024-10-03 11:11:42 -0400] [311826] [INFO] Booting worker with pid: 311826
[2024-10-03 11:11:42 -0400] [311827] [INFO] Booting worker with pid: 311827
[2024-10-03 11:11:42 -0400] [311828] [INFO] Booting worker with pid: 311828
[2024-10-03 15:16:46 -0400] [311785] [INFO] Handling signal: term
[2024-10-03 15:16:47 -0400] [311821] [INFO] Worker exiting (pid: 311821)
[2024-10-03 15:16:47 -0400] [311828] [INFO] Worker exiting (pid: 311828)
[2024-10-03 15:16:47 -0400] [311822] [INFO] Worker exiting (pid: 311822)
[2024-10-03 15:16:47 -0400] [311824] [INFO] Worker exiting (pid: 311824)
[2024-10-03 15:16:47 -0400] [311823] [INFO] Worker exiting (pid: 311823)
[2024-10-03 15:16:47 -0400] [311826] [INFO] Worker exiting (pid: 311826)
[2024-10-03 15:16:47 -0400] [311814] [INFO] Worker exiting (pid: 311814)
[2024-10-03 15:16:47 -0400] [311812] [INFO] Worker exiting (pid: 311812)
[2024-10-03 15:16:47 -0400] [311819] [INFO] Worker exiting (pid: 311819)
[2024-10-03 15:16:47 -0400] [311818] [INFO] Worker exiting (pid: 311818)
[2024-10-03 15:16:47 -0400] [311815] [INFO] Worker exiting (pid: 311815)
[2024-10-03 15:16:47 -0400] [311813] [INFO] Worker exiting (pid: 311813)
[2024-10-03 15:16:47 -0400] [311816] [INFO] Worker exiting (pid: 311816)
[2024-10-03 15:16:47 -0400] [311817] [INFO] Worker exiting (pid: 311817)
[2024-10-03 15:16:47 -0400] [311825] [INFO] Worker exiting (pid: 311825)
[2024-10-03 15:16:47 -0400] [311820] [INFO] Worker exiting (pid: 311820)
[2024-10-03 15:16:47 -0400] [311827] [INFO] Worker exiting (pid: 311827)
[2024-10-03 15:16:55 -0400] [311785] [INFO] Shutting down: Master
[2024-10-03 15:39:35 -0400] [613384] [INFO] Starting gunicorn 22.0.0
[2024-10-03 15:39:35 -0400] [613384] [INFO] Listening at: http://127.0.0.1:8000 (613384)
[2024-10-03 15:39:35 -0400] [613384] [INFO] Using worker: sync
[2024-10-03 15:39:35 -0400] [613385] [INFO] Booting worker with pid: 613385
[2024-10-03 15:39:35 -0400] [613386] [INFO] Booting worker with pid: 613386
[2024-10-03 15:39:35 -0400] [613387] [INFO] Booting worker with pid: 613387
[2024-10-03 15:39:35 -0400] [613388] [INFO] Booting worker with pid: 613388
[2024-10-03 15:39:35 -0400] [613389] [INFO] Booting worker with pid: 613389
[2024-10-03 15:39:35 -0400] [613390] [INFO] Booting worker with pid: 613390
[2024-10-03 15:39:35 -0400] [613391] [INFO] Booting worker with pid: 613391
[2024-10-03 15:39:35 -0400] [613392] [INFO] Booting worker with pid: 613392
[2024-10-03 15:39:35 -0400] [613393] [INFO] Booting worker with pid: 613393
[2024-10-03 15:39:35 -0400] [613394] [INFO] Booting worker with pid: 613394
[2024-10-03 15:39:35 -0400] [613395] [INFO] Booting worker with pid: 613395
[2024-10-03 15:39:36 -0400] [613396] [INFO] Booting worker with pid: 613396
[2024-10-03 15:39:36 -0400] [613397] [INFO] Booting worker with pid: 613397
[2024-10-03 15:39:36 -0400] [613398] [INFO] Booting worker with pid: 613398
[2024-10-03 15:39:36 -0400] [613399] [INFO] Booting worker with pid: 613399
[2024-10-03 15:39:36 -0400] [613400] [INFO] Booting worker with pid: 613400
[2024-10-03 15:39:36 -0400] [613401] [INFO] Booting worker with pid: 613401
/home/magic/frappe-bench/env/lib/python3.10/site-packages/pypdf/_crypt_providers/_cryptography.py:32: CryptographyDeprecationWarning: ARC4 has been moved to cryptography.hazmat.decrepit.ciphers.algorithms.ARC4 and will be removed from this module in 48.0.0.
  from cryptography.hazmat.primitives.ciphers.algorithms import AES, ARC4
/home/magic/frappe-bench/env/lib/python3.10/site-packages/pypdf/_crypt_providers/_cryptography.py:32: CryptographyDeprecationWarning: ARC4 has been moved to cryptography.hazmat.decrepit.ciphers.algorithms.ARC4 and will be removed from this module in 48.0.0.
  from cryptography.hazmat.primitives.ciphers.algorithms import AES, ARC4
[2024-10-03 19:18:12 -0400] [613384] [INFO] Handling signal: term
[2024-10-03 19:18:16 -0400] [613392] [INFO] Worker exiting (pid: 613392)
[2024-10-03 19:18:16 -0400] [613397] [INFO] Worker exiting (pid: 613397)
[2024-10-03 19:18:17 -0400] [613394] [INFO] Worker exiting (pid: 613394)
[2024-10-03 19:18:16 -0400] [613393] [INFO] Worker exiting (pid: 613393)
[2024-10-03 19:18:16 -0400] [613388] [INFO] Worker exiting (pid: 613388)
[2024-10-03 19:18:16 -0400] [613399] [INFO] Worker exiting (pid: 613399)
[2024-10-03 19:18:16 -0400] [613386] [INFO] Worker exiting (pid: 613386)
[2024-10-03 19:18:16 -0400] [613401] [INFO] Worker exiting (pid: 613401)
[2024-10-03 19:18:15 -0400] [613387] [INFO] Worker exiting (pid: 613387)
[2024-10-03 19:18:15 -0400] [613385] [INFO] Worker exiting (pid: 613385)
[2024-10-03 19:18:18 -0400] [613398] [INFO] Worker exiting (pid: 613398)
[2024-10-03 19:18:18 -0400] [613391] [INFO] Worker exiting (pid: 613391)
[2024-10-03 19:18:17 -0400] [613389] [INFO] Worker exiting (pid: 613389)
[2024-10-03 19:18:18 -0400] [613400] [INFO] Worker exiting (pid: 613400)
[2024-10-03 19:18:19 -0400] [613395] [INFO] Worker exiting (pid: 613395)
[2024-10-03 19:18:18 -0400] [613396] [INFO] Worker exiting (pid: 613396)
[2024-10-03 19:18:44 -0400] [613384] [ERROR] Worker (pid:613386) was sent SIGKILL! Perhaps out of memory?
[2024-10-03 19:18:44 -0400] [613384] [ERROR] Worker (pid:613387) was sent SIGKILL! Perhaps out of memory?
[2024-10-03 19:18:44 -0400] [613384] [ERROR] Worker (pid:613388) was sent SIGKILL! Perhaps out of memory?
[2024-10-03 19:18:44 -0400] [613384] [ERROR] Worker (pid:613389) was sent SIGKILL! Perhaps out of memory?
[2024-10-03 19:18:44 -0400] [613384] [ERROR] Worker (pid:613390) was sent SIGKILL! Perhaps out of memory?
[2024-10-03 19:18:44 -0400] [613384] [ERROR] Worker (pid:613391) was sent SIGKILL! Perhaps out of memory?
[2024-10-03 19:18:44 -0400] [613384] [ERROR] Worker (pid:613392) was sent SIGKILL! Perhaps out of memory?
[2024-10-03 19:18:44 -0400] [613384] [ERROR] Worker (pid:613393) was sent SIGKILL! Perhaps out of memory?
[2024-10-03 19:18:44 -0400] [613384] [ERROR] Worker (pid:613394) was sent SIGKILL! Perhaps out of memory?
[2024-10-03 19:18:44 -0400] [613384] [ERROR] Worker (pid:613395) was sent SIGKILL! Perhaps out of memory?
[2024-10-03 19:18:44 -0400] [613384] [ERROR] Worker (pid:613396) was sent SIGKILL! Perhaps out of memory?
[2024-10-03 19:18:44 -0400] [613384] [ERROR] Worker (pid:613397) was sent SIGKILL! Perhaps out of memory?
[2024-10-03 19:18:44 -0400] [613384] [ERROR] Worker (pid:613398) was sent SIGKILL! Perhaps out of memory?
[2024-10-03 19:18:44 -0400] [613384] [ERROR] Worker (pid:613399) was sent SIGKILL! Perhaps out of memory?
[2024-10-03 19:18:44 -0400] [613384] [ERROR] Worker (pid:613400) was sent SIGKILL! Perhaps out of memory?
[2024-10-03 19:18:44 -0400] [613384] [ERROR] Worker (pid:613401) was sent SIGKILL! Perhaps out of memory?
[2024-10-03 19:18:44 -0400] [613384] [ERROR] Worker (pid:613385) was sent SIGKILL! Perhaps out of memory?
[2024-10-03 19:18:44 -0400] [613384] [INFO] Shutting down: Master
[2024-10-03 19:19:19 -0400] [615706] [INFO] Starting gunicorn 22.0.0
[2024-10-03 19:19:19 -0400] [615706] [INFO] Listening at: http://127.0.0.1:8000 (615706)
[2024-10-03 19:19:19 -0400] [615706] [INFO] Using worker: sync
[2024-10-03 19:19:19 -0400] [615726] [INFO] Booting worker with pid: 615726
[2024-10-03 19:19:19 -0400] [615727] [INFO] Booting worker with pid: 615727
[2024-10-03 19:19:19 -0400] [615728] [INFO] Booting worker with pid: 615728
[2024-10-03 19:19:19 -0400] [615729] [INFO] Booting worker with pid: 615729
[2024-10-03 19:19:19 -0400] [615730] [INFO] Booting worker with pid: 615730
[2024-10-03 19:19:19 -0400] [615731] [INFO] Booting worker with pid: 615731
[2024-10-03 19:19:19 -0400] [615732] [INFO] Booting worker with pid: 615732
[2024-10-03 19:19:19 -0400] [615733] [INFO] Booting worker with pid: 615733
[2024-10-03 19:19:20 -0400] [615734] [INFO] Booting worker with pid: 615734
[2024-10-03 19:19:20 -0400] [615735] [INFO] Booting worker with pid: 615735
[2024-10-03 19:19:20 -0400] [615736] [INFO] Booting worker with pid: 615736
[2024-10-03 19:19:20 -0400] [615737] [INFO] Booting worker with pid: 615737
[2024-10-03 19:19:20 -0400] [615738] [INFO] Booting worker with pid: 615738
[2024-10-03 19:19:20 -0400] [615739] [INFO] Booting worker with pid: 615739
[2024-10-03 19:19:20 -0400] [615740] [INFO] Booting worker with pid: 615740
[2024-10-03 19:19:20 -0400] [615741] [INFO] Booting worker with pid: 615741
[2024-10-03 19:19:20 -0400] [615742] [INFO] Booting worker with pid: 615742
[2024-10-03 19:26:03 -0400] [615706] [INFO] Handling signal: term
[2024-10-03 19:26:03 -0400] [615731] [INFO] Worker exiting (pid: 615731)
[2024-10-03 19:26:03 -0400] [615730] [INFO] Worker exiting (pid: 615730)
[2024-10-03 19:26:03 -0400] [615728] [INFO] Worker exiting (pid: 615728)
[2024-10-03 19:26:03 -0400] [615729] [INFO] Worker exiting (pid: 615729)
[2024-10-03 19:26:04 -0400] [615726] [INFO] Worker exiting (pid: 615726)
[2024-10-03 19:26:04 -0400] [615727] [INFO] Worker exiting (pid: 615727)
[2024-10-03 19:26:04 -0400] [615742] [INFO] Worker exiting (pid: 615742)
[2024-10-03 19:26:04 -0400] [615739] [INFO] Worker exiting (pid: 615739)
[2024-10-03 19:26:04 -0400] [615741] [INFO] Worker exiting (pid: 615741)
[2024-10-03 19:26:04 -0400] [615740] [INFO] Worker exiting (pid: 615740)
[2024-10-03 19:26:04 -0400] [615733] [INFO] Worker exiting (pid: 615733)
[2024-10-03 19:26:04 -0400] [615732] [INFO] Worker exiting (pid: 615732)
[2024-10-03 19:26:05 -0400] [615734] [INFO] Worker exiting (pid: 615734)
[2024-10-03 19:26:05 -0400] [615735] [INFO] Worker exiting (pid: 615735)
[2024-10-03 19:26:05 -0400] [615738] [INFO] Worker exiting (pid: 615738)
[2024-10-03 19:26:05 -0400] [615736] [INFO] Worker exiting (pid: 615736)
[2024-10-03 19:26:05 -0400] [615737] [INFO] Worker exiting (pid: 615737)
[2024-10-03 19:26:17 -0400] [615706] [INFO] Shutting down: Master
[2024-10-03 19:26:44 -0400] [615992] [INFO] Starting gunicorn 22.0.0
[2024-10-03 19:26:44 -0400] [615992] [INFO] Listening at: http://127.0.0.1:8000 (615992)
[2024-10-03 19:26:44 -0400] [615992] [INFO] Using worker: sync
[2024-10-03 19:26:44 -0400] [616001] [INFO] Booting worker with pid: 616001
[2024-10-03 19:26:44 -0400] [616002] [INFO] Booting worker with pid: 616002
[2024-10-03 19:26:45 -0400] [616003] [INFO] Booting worker with pid: 616003
[2024-10-03 19:26:45 -0400] [616004] [INFO] Booting worker with pid: 616004
[2024-10-03 19:26:45 -0400] [616005] [INFO] Booting worker with pid: 616005
[2024-10-03 19:26:45 -0400] [616006] [INFO] Booting worker with pid: 616006
[2024-10-03 19:26:45 -0400] [616007] [INFO] Booting worker with pid: 616007
[2024-10-03 19:26:45 -0400] [616008] [INFO] Booting worker with pid: 616008
[2024-10-03 19:26:45 -0400] [616009] [INFO] Booting worker with pid: 616009
[2024-10-03 19:26:45 -0400] [616010] [INFO] Booting worker with pid: 616010
[2024-10-03 19:26:45 -0400] [616011] [INFO] Booting worker with pid: 616011
[2024-10-03 19:26:45 -0400] [616012] [INFO] Booting worker with pid: 616012
[2024-10-03 19:26:45 -0400] [616013] [INFO] Booting worker with pid: 616013
[2024-10-03 19:26:45 -0400] [616014] [INFO] Booting worker with pid: 616014
[2024-10-03 19:26:45 -0400] [616015] [INFO] Booting worker with pid: 616015
[2024-10-03 19:26:45 -0400] [616016] [INFO] Booting worker with pid: 616016
[2024-10-03 19:26:45 -0400] [616017] [INFO] Booting worker with pid: 616017
[2024-10-03 19:50:51 -0400] [615992] [INFO] Handling signal: term
[2024-10-03 19:50:52 -0400] [616001] [INFO] Worker exiting (pid: 616001)
[2024-10-03 19:50:52 -0400] [616011] [INFO] Worker exiting (pid: 616011)
[2024-10-03 19:50:52 -0400] [616014] [INFO] Worker exiting (pid: 616014)
[2024-10-03 19:50:52 -0400] [616010] [INFO] Worker exiting (pid: 616010)
[2024-10-03 19:50:53 -0400] [616013] [INFO] Worker exiting (pid: 616013)
[2024-10-03 19:50:52 -0400] [616006] [INFO] Worker exiting (pid: 616006)
[2024-10-03 19:50:52 -0400] [616004] [INFO] Worker exiting (pid: 616004)
[2024-10-03 19:50:53 -0400] [616005] [INFO] Worker exiting (pid: 616005)
[2024-10-03 19:50:53 -0400] [616003] [INFO] Worker exiting (pid: 616003)
[2024-10-03 19:50:53 -0400] [616007] [INFO] Worker exiting (pid: 616007)
[2024-10-03 19:50:53 -0400] [616009] [INFO] Worker exiting (pid: 616009)
[2024-10-03 19:50:54 -0400] [616012] [INFO] Worker exiting (pid: 616012)
[2024-10-03 19:50:54 -0400] [616017] [INFO] Worker exiting (pid: 616017)
[2024-10-03 19:50:54 -0400] [616008] [INFO] Worker exiting (pid: 616008)
[2024-10-03 19:50:54 -0400] [616016] [INFO] Worker exiting (pid: 616016)
[2024-10-03 19:50:54 -0400] [616002] [INFO] Worker exiting (pid: 616002)
[2024-10-03 19:50:54 -0400] [616015] [INFO] Worker exiting (pid: 616015)
[2024-10-03 19:51:12 -0400] [615992] [INFO] Shutting down: Master
[2024-10-03 19:51:36 -0400] [616306] [INFO] Starting gunicorn 22.0.0
[2024-10-03 19:51:36 -0400] [616306] [INFO] Listening at: http://127.0.0.1:8000 (616306)
[2024-10-03 19:51:36 -0400] [616306] [INFO] Using worker: sync
[2024-10-03 19:51:36 -0400] [616326] [INFO] Booting worker with pid: 616326
[2024-10-03 19:51:36 -0400] [616327] [INFO] Booting worker with pid: 616327
[2024-10-03 19:51:36 -0400] [616328] [INFO] Booting worker with pid: 616328
[2024-10-03 19:51:36 -0400] [616329] [INFO] Booting worker with pid: 616329
[2024-10-03 19:51:36 -0400] [616330] [INFO] Booting worker with pid: 616330
[2024-10-03 19:51:36 -0400] [616331] [INFO] Booting worker with pid: 616331
[2024-10-03 19:51:36 -0400] [616332] [INFO] Booting worker with pid: 616332
[2024-10-03 19:51:36 -0400] [616333] [INFO] Booting worker with pid: 616333
[2024-10-03 19:51:36 -0400] [616334] [INFO] Booting worker with pid: 616334
[2024-10-03 19:51:36 -0400] [616335] [INFO] Booting worker with pid: 616335
[2024-10-03 19:51:36 -0400] [616336] [INFO] Booting worker with pid: 616336
[2024-10-03 19:51:36 -0400] [616337] [INFO] Booting worker with pid: 616337
[2024-10-03 19:51:36 -0400] [616338] [INFO] Booting worker with pid: 616338
[2024-10-03 19:51:36 -0400] [616339] [INFO] Booting worker with pid: 616339
[2024-10-03 19:51:36 -0400] [616340] [INFO] Booting worker with pid: 616340
[2024-10-03 19:51:36 -0400] [616341] [INFO] Booting worker with pid: 616341
[2024-10-03 19:51:37 -0400] [616342] [INFO] Booting worker with pid: 616342
[2024-10-03 20:22:43 -0400] [3407] [INFO] Starting gunicorn 22.0.0
[2024-10-03 20:22:43 -0400] [3407] [INFO] Listening at: http://127.0.0.1:8000 (3407)
[2024-10-03 20:22:43 -0400] [3407] [INFO] Using worker: sync
[2024-10-03 20:22:43 -0400] [3574] [INFO] Booting worker with pid: 3574
[2024-10-03 20:22:43 -0400] [3575] [INFO] Booting worker with pid: 3575
[2024-10-03 20:22:43 -0400] [3576] [INFO] Booting worker with pid: 3576
[2024-10-03 20:22:43 -0400] [3577] [INFO] Booting worker with pid: 3577
[2024-10-03 20:22:43 -0400] [3578] [INFO] Booting worker with pid: 3578
[2024-10-03 20:22:43 -0400] [3579] [INFO] Booting worker with pid: 3579
[2024-10-03 20:22:43 -0400] [3580] [INFO] Booting worker with pid: 3580
[2024-10-03 20:22:43 -0400] [3581] [INFO] Booting worker with pid: 3581
[2024-10-03 20:22:44 -0400] [3582] [INFO] Booting worker with pid: 3582
[2024-10-03 20:22:44 -0400] [3583] [INFO] Booting worker with pid: 3583
[2024-10-03 20:22:44 -0400] [3584] [INFO] Booting worker with pid: 3584
[2024-10-03 20:22:44 -0400] [3585] [INFO] Booting worker with pid: 3585
[2024-10-03 20:22:44 -0400] [3586] [INFO] Booting worker with pid: 3586
[2024-10-03 20:22:44 -0400] [3587] [INFO] Booting worker with pid: 3587
[2024-10-03 20:22:44 -0400] [3588] [INFO] Booting worker with pid: 3588
[2024-10-03 20:22:44 -0400] [3589] [INFO] Booting worker with pid: 3589
[2024-10-03 20:22:44 -0400] [3590] [INFO] Booting worker with pid: 3590
/home/magic/frappe-bench/env/lib/python3.10/site-packages/pypdf/_crypt_providers/_cryptography.py:32: CryptographyDeprecationWarning: ARC4 has been moved to cryptography.hazmat.decrepit.ciphers.algorithms.ARC4 and will be removed from this module in 48.0.0.
  from cryptography.hazmat.primitives.ciphers.algorithms import AES, ARC4
/home/magic/frappe-bench/env/lib/python3.10/site-packages/pypdf/_crypt_providers/_cryptography.py:32: CryptographyDeprecationWarning: ARC4 has been moved to cryptography.hazmat.decrepit.ciphers.algorithms.ARC4 and will be removed from this module in 48.0.0.
  from cryptography.hazmat.primitives.ciphers.algorithms import AES, ARC4
/home/magic/frappe-bench/env/lib/python3.10/site-packages/pypdf/_crypt_providers/_cryptography.py:32: CryptographyDeprecationWarning: ARC4 has been moved to cryptography.hazmat.decrepit.ciphers.algorithms.ARC4 and will be removed from this module in 48.0.0.
  from cryptography.hazmat.primitives.ciphers.algorithms import AES, ARC4
/home/magic/frappe-bench/env/lib/python3.10/site-packages/pypdf/_crypt_providers/_cryptography.py:32: CryptographyDeprecationWarning: ARC4 has been moved to cryptography.hazmat.decrepit.ciphers.algorithms.ARC4 and will be removed from this module in 48.0.0.
  from cryptography.hazmat.primitives.ciphers.algorithms import AES, ARC4
/home/magic/frappe-bench/env/lib/python3.10/site-packages/pypdf/_crypt_providers/_cryptography.py:32: CryptographyDeprecationWarning: ARC4 has been moved to cryptography.hazmat.decrepit.ciphers.algorithms.ARC4 and will be removed from this module in 48.0.0.
  from cryptography.hazmat.primitives.ciphers.algorithms import AES, ARC4
/home/magic/frappe-bench/env/lib/python3.10/site-packages/pypdf/_crypt_providers/_cryptography.py:32: CryptographyDeprecationWarning: ARC4 has been moved to cryptography.hazmat.decrepit.ciphers.algorithms.ARC4 and will be removed from this module in 48.0.0.
  from cryptography.hazmat.primitives.ciphers.algorithms import AES, ARC4
/home/magic/frappe-bench/env/lib/python3.10/site-packages/pypdf/_crypt_providers/_cryptography.py:32: CryptographyDeprecationWarning: ARC4 has been moved to cryptography.hazmat.decrepit.ciphers.algorithms.ARC4 and will be removed from this module in 48.0.0.
  from cryptography.hazmat.primitives.ciphers.algorithms import AES, ARC4
[2024-10-04 08:26:10 -0400] [3407] [CRITICAL] WORKER TIMEOUT (pid:3586)
[2024-10-04 08:29:10 -0400] [3586] [INFO] Worker exiting (pid: 3586)
[2024-10-04 08:30:19 -0400] [3407] [ERROR] Worker (pid:3586) was sent SIGKILL! Perhaps out of memory?
[2024-10-04 08:30:28 -0400] [4350] [INFO] Booting worker with pid: 4350
[2024-10-04 08:52:38 -0400] [1339] [INFO] Starting gunicorn 22.0.0
[2024-10-04 08:52:38 -0400] [1339] [INFO] Listening at: http://127.0.0.1:8000 (1339)
[2024-10-04 08:52:38 -0400] [1339] [INFO] Using worker: sync
[2024-10-04 08:52:38 -0400] [3350] [INFO] Booting worker with pid: 3350
[2024-10-04 08:52:38 -0400] [3351] [INFO] Booting worker with pid: 3351
[2024-10-04 08:52:38 -0400] [3352] [INFO] Booting worker with pid: 3352
[2024-10-04 08:52:38 -0400] [3353] [INFO] Booting worker with pid: 3353
[2024-10-04 08:52:38 -0400] [3354] [INFO] Booting worker with pid: 3354
[2024-10-04 08:52:38 -0400] [3355] [INFO] Booting worker with pid: 3355
[2024-10-04 08:52:38 -0400] [3356] [INFO] Booting worker with pid: 3356
[2024-10-04 08:52:38 -0400] [3357] [INFO] Booting worker with pid: 3357
[2024-10-04 08:52:38 -0400] [3358] [INFO] Booting worker with pid: 3358
[2024-10-04 08:52:39 -0400] [3359] [INFO] Booting worker with pid: 3359
[2024-10-04 08:52:39 -0400] [3360] [INFO] Booting worker with pid: 3360
[2024-10-04 08:52:39 -0400] [3361] [INFO] Booting worker with pid: 3361
[2024-10-04 08:52:39 -0400] [3362] [INFO] Booting worker with pid: 3362
[2024-10-04 08:52:39 -0400] [3363] [INFO] Booting worker with pid: 3363
[2024-10-04 08:52:39 -0400] [3364] [INFO] Booting worker with pid: 3364
[2024-10-04 08:52:39 -0400] [3365] [INFO] Booting worker with pid: 3365
[2024-10-04 08:52:39 -0400] [3366] [INFO] Booting worker with pid: 3366
